[1.452s] Invoking command in '/home/gmo/Desktop/ids_workspace/DistriLearn/src/NIDS_PKG': PYTHONPATH=/home/gmo/Desktop/ids_workspace/DistriLearn/build/NIDS_PKG/prefix_override:/home/gmo/Desktop/ids_workspace/DistriLearn/install/NIDS_PKG/lib/python3.8/site-packages:${PYTHONPATH} /usr/bin/python3 setup.py egg_info --egg-base ../../build/NIDS_PKG build --build-base /home/gmo/Desktop/ids_workspace/DistriLearn/build/NIDS_PKG/build install --record /home/gmo/Desktop/ids_workspace/DistriLearn/build/NIDS_PKG/install.log --install-scripts $base/lib/NIDS_PKG --single-version-externally-managed
[1.639s] running egg_info
[1.640s] writing ../../build/NIDS_PKG/NIDS_PKG.egg-info/PKG-INFO
[1.640s] writing dependency_links to ../../build/NIDS_PKG/NIDS_PKG.egg-info/dependency_links.txt
[1.640s] writing entry points to ../../build/NIDS_PKG/NIDS_PKG.egg-info/entry_points.txt
[1.641s] writing requirements to ../../build/NIDS_PKG/NIDS_PKG.egg-info/requires.txt
[1.641s] writing top-level names to ../../build/NIDS_PKG/NIDS_PKG.egg-info/top_level.txt
[1.683s] reading manifest file '../../build/NIDS_PKG/NIDS_PKG.egg-info/SOURCES.txt'
[1.718s] writing manifest file '../../build/NIDS_PKG/NIDS_PKG.egg-info/SOURCES.txt'
[1.719s] running build
[1.719s] running build_py
[1.719s] copying NIDS_PKG/master_node_script_node.py -> /home/gmo/Desktop/ids_workspace/DistriLearn/build/NIDS_PKG/build/lib/NIDS_PKG
[1.719s] copying NIDS_PKG/ap_unified_ids_node.py -> /home/gmo/Desktop/ids_workspace/DistriLearn/build/NIDS_PKG/build/lib/NIDS_PKG
[1.719s] running install
[1.720s] running install_lib
[1.722s] copying /home/gmo/Desktop/ids_workspace/DistriLearn/build/NIDS_PKG/build/lib/NIDS_PKG/master_node_script_node.py -> /home/gmo/Desktop/ids_workspace/DistriLearn/install/NIDS_PKG/lib/python3.8/site-packages/NIDS_PKG
[1.722s] copying /home/gmo/Desktop/ids_workspace/DistriLearn/build/NIDS_PKG/build/lib/NIDS_PKG/ap_unified_ids_node.py -> /home/gmo/Desktop/ids_workspace/DistriLearn/install/NIDS_PKG/lib/python3.8/site-packages/NIDS_PKG
[1.739s] byte-compiling /home/gmo/Desktop/ids_workspace/DistriLearn/install/NIDS_PKG/lib/python3.8/site-packages/NIDS_PKG/master_node_script_node.py to master_node_script_node.cpython-38.pyc
[1.741s]   File "/home/gmo/Desktop/ids_workspace/DistriLearn/install/NIDS_PKG/lib/python3.8/site-packages/NIDS_PKG/master_node_script_node.py", line 42
[1.741s]     print(f'I am elected! Rec from: {data.data.split(';')[0]}')
[1.741s]                                                       ^
[1.741s] SyntaxError: invalid syntax
[1.741s] 
[1.741s] byte-compiling /home/gmo/Desktop/ids_workspace/DistriLearn/install/NIDS_PKG/lib/python3.8/site-packages/NIDS_PKG/ap_unified_ids_node.py to ap_unified_ids_node.cpython-38.pyc
[1.744s] running install_data
[1.745s] running install_egg_info
[1.746s] removing '/home/gmo/Desktop/ids_workspace/DistriLearn/install/NIDS_PKG/lib/python3.8/site-packages/NIDS_PKG-0.0.0-py3.8.egg-info' (and everything under it)
[1.747s] Copying ../../build/NIDS_PKG/NIDS_PKG.egg-info to /home/gmo/Desktop/ids_workspace/DistriLearn/install/NIDS_PKG/lib/python3.8/site-packages/NIDS_PKG-0.0.0-py3.8.egg-info
[1.750s] running install_scripts
[1.764s] Installing ap_node script to /home/gmo/Desktop/ids_workspace/DistriLearn/install/NIDS_PKG/lib/NIDS_PKG
[1.765s] Installing master_node script to /home/gmo/Desktop/ids_workspace/DistriLearn/install/NIDS_PKG/lib/NIDS_PKG
[1.765s] writing list of installed files to '/home/gmo/Desktop/ids_workspace/DistriLearn/build/NIDS_PKG/install.log'
[1.778s] Invoked command in '/home/gmo/Desktop/ids_workspace/DistriLearn/src/NIDS_PKG' returned '0': PYTHONPATH=/home/gmo/Desktop/ids_workspace/DistriLearn/build/NIDS_PKG/prefix_override:/home/gmo/Desktop/ids_workspace/DistriLearn/install/NIDS_PKG/lib/python3.8/site-packages:${PYTHONPATH} /usr/bin/python3 setup.py egg_info --egg-base ../../build/NIDS_PKG build --build-base /home/gmo/Desktop/ids_workspace/DistriLearn/build/NIDS_PKG/build install --record /home/gmo/Desktop/ids_workspace/DistriLearn/build/NIDS_PKG/install.log --install-scripts $base/lib/NIDS_PKG --single-version-externally-managed
