/home/gmo-pop/.local/lib/python3.10/site-packages/setuptools/dist.py:472: SetuptoolsDeprecationWarning: Invalid dash-separated options
!!

        ********************************************************************************
        Usage of dash-separated 'script-dir' will not be supported in future
        versions. Please use the underscore name 'script_dir' instead.

        By 2024-Sep-26, you need to update your project and remove deprecated calls
        or your builds will no longer be supported.

        See https://setuptools.pypa.io/en/latest/userguide/declarative_config.html for details.
        ********************************************************************************

!!
  opt = self.warn_dash_deprecation(opt, section)
running egg_info
writing ../../build/NIDS_PKG/NIDS_PKG.egg-info/PKG-INFO
writing dependency_links to ../../build/NIDS_PKG/NIDS_PKG.egg-info/dependency_links.txt
writing entry points to ../../build/NIDS_PKG/NIDS_PKG.egg-info/entry_points.txt
writing requirements to ../../build/NIDS_PKG/NIDS_PKG.egg-info/requires.txt
writing top-level names to ../../build/NIDS_PKG/NIDS_PKG.egg-info/top_level.txt
reading manifest file '../../build/NIDS_PKG/NIDS_PKG.egg-info/SOURCES.txt'
writing manifest file '../../build/NIDS_PKG/NIDS_PKG.egg-info/SOURCES.txt'
running build
running build_py
copying NIDS_PKG/blackListAPI.py -> /home/gmo-pop/Desktop/DistriLearn/build/NIDS_PKG/build/lib/NIDS_PKG
copying NIDS_PKG/kappa_coeff.py -> /home/gmo-pop/Desktop/DistriLearn/build/NIDS_PKG/build/lib/NIDS_PKG
copying NIDS_PKG/master_node_script_node.py -> /home/gmo-pop/Desktop/DistriLearn/build/NIDS_PKG/build/lib/NIDS_PKG
copying NIDS_PKG/blackListAPI_backup.py -> /home/gmo-pop/Desktop/DistriLearn/build/NIDS_PKG/build/lib/NIDS_PKG
copying NIDS_PKG/__init__.py -> /home/gmo-pop/Desktop/DistriLearn/build/NIDS_PKG/build/lib/NIDS_PKG
copying NIDS_PKG/ap_unified_ids_node.py -> /home/gmo-pop/Desktop/DistriLearn/build/NIDS_PKG/build/lib/NIDS_PKG
running install
/home/gmo-pop/.local/lib/python3.10/site-packages/setuptools/_distutils/cmd.py:66: SetuptoolsDeprecationWarning: setup.py install is deprecated.
!!

        ********************************************************************************
        Please avoid running ``setup.py`` directly.
        Instead, use pypa/build, pypa/installer or other
        standards-based tools.

        See https://blog.ganssle.io/articles/2021/10/setup-py-deprecated.html for details.
        ********************************************************************************

!!
  self.initialize_options()
running install_lib
creating /home/gmo-pop/Desktop/DistriLearn/install/NIDS_PKG/lib/python3.10/site-packages/NIDS_PKG
copying /home/gmo-pop/Desktop/DistriLearn/build/NIDS_PKG/build/lib/NIDS_PKG/blackListAPI.py -> /home/gmo-pop/Desktop/DistriLearn/install/NIDS_PKG/lib/python3.10/site-packages/NIDS_PKG
copying /home/gmo-pop/Desktop/DistriLearn/build/NIDS_PKG/build/lib/NIDS_PKG/kappa_coeff.py -> /home/gmo-pop/Desktop/DistriLearn/install/NIDS_PKG/lib/python3.10/site-packages/NIDS_PKG
copying /home/gmo-pop/Desktop/DistriLearn/build/NIDS_PKG/build/lib/NIDS_PKG/master_node_script_node.py -> /home/gmo-pop/Desktop/DistriLearn/install/NIDS_PKG/lib/python3.10/site-packages/NIDS_PKG
copying /home/gmo-pop/Desktop/DistriLearn/build/NIDS_PKG/build/lib/NIDS_PKG/blackListAPI_backup.py -> /home/gmo-pop/Desktop/DistriLearn/install/NIDS_PKG/lib/python3.10/site-packages/NIDS_PKG
copying /home/gmo-pop/Desktop/DistriLearn/build/NIDS_PKG/build/lib/NIDS_PKG/kappa_calcs.py -> /home/gmo-pop/Desktop/DistriLearn/install/NIDS_PKG/lib/python3.10/site-packages/NIDS_PKG
copying /home/gmo-pop/Desktop/DistriLearn/build/NIDS_PKG/build/lib/NIDS_PKG/__init__.py -> /home/gmo-pop/Desktop/DistriLearn/install/NIDS_PKG/lib/python3.10/site-packages/NIDS_PKG
copying /home/gmo-pop/Desktop/DistriLearn/build/NIDS_PKG/build/lib/NIDS_PKG/ap_unified_ids_node.py -> /home/gmo-pop/Desktop/DistriLearn/install/NIDS_PKG/lib/python3.10/site-packages/NIDS_PKG
byte-compiling /home/gmo-pop/Desktop/DistriLearn/install/NIDS_PKG/lib/python3.10/site-packages/NIDS_PKG/blackListAPI.py to blackListAPI.cpython-310.pyc
byte-compiling /home/gmo-pop/Desktop/DistriLearn/install/NIDS_PKG/lib/python3.10/site-packages/NIDS_PKG/kappa_coeff.py to kappa_coeff.cpython-310.pyc
byte-compiling /home/gmo-pop/Desktop/DistriLearn/install/NIDS_PKG/lib/python3.10/site-packages/NIDS_PKG/master_node_script_node.py to master_node_script_node.cpython-310.pyc
Sorry: TabError: inconsistent use of tabs and spaces in indentation (master_node_script_node.py, line 116)
byte-compiling /home/gmo-pop/Desktop/DistriLearn/install/NIDS_PKG/lib/python3.10/site-packages/NIDS_PKG/blackListAPI_backup.py to blackListAPI_backup.cpython-310.pyc
byte-compiling /home/gmo-pop/Desktop/DistriLearn/install/NIDS_PKG/lib/python3.10/site-packages/NIDS_PKG/kappa_calcs.py to kappa_calcs.cpython-310.pyc
byte-compiling /home/gmo-pop/Desktop/DistriLearn/install/NIDS_PKG/lib/python3.10/site-packages/NIDS_PKG/__init__.py to __init__.cpython-310.pyc
byte-compiling /home/gmo-pop/Desktop/DistriLearn/install/NIDS_PKG/lib/python3.10/site-packages/NIDS_PKG/ap_unified_ids_node.py to ap_unified_ids_node.cpython-310.pyc
Sorry: TabError: inconsistent use of tabs and spaces in indentation (ap_unified_ids_node.py, line 131)
running install_data
copying resource/NIDS_PKG -> /home/gmo-pop/Desktop/DistriLearn/install/NIDS_PKG/share/ament_index/resource_index/packages
copying package.xml -> /home/gmo-pop/Desktop/DistriLearn/install/NIDS_PKG/share/NIDS_PKG
running install_egg_info
Copying ../../build/NIDS_PKG/NIDS_PKG.egg-info to /home/gmo-pop/Desktop/DistriLearn/install/NIDS_PKG/lib/python3.10/site-packages/NIDS_PKG-0.0.0-py3.10.egg-info
running install_scripts
Installing ap_node script to /home/gmo-pop/Desktop/DistriLearn/install/NIDS_PKG/lib/NIDS_PKG
Installing master_node script to /home/gmo-pop/Desktop/DistriLearn/install/NIDS_PKG/lib/NIDS_PKG
writing list of installed files to '/home/gmo-pop/Desktop/DistriLearn/build/NIDS_PKG/install.log'
