[1.130s] Invoking command in '/home/gmo-pop/Desktop/DistriLearn/src/NIDS_PKG': PYTHONPATH=/home/gmo-pop/Desktop/DistriLearn/build/NIDS_PKG/prefix_override:/home/gmo-pop/Desktop/DistriLearn/install/NIDS_PKG/lib/python3.10/site-packages: /usr/bin/python3 setup.py egg_info --egg-base ../../build/NIDS_PKG build --build-base /home/gmo-pop/Desktop/DistriLearn/build/NIDS_PKG/build install --record /home/gmo-pop/Desktop/DistriLearn/build/NIDS_PKG/install.log --install-scripts $base/lib/NIDS_PKG --single-version-externally-managed
[1.220s] /home/gmo-pop/.local/lib/python3.10/site-packages/setuptools/dist.py:472: SetuptoolsDeprecationWarning: Invalid dash-separated options
[1.220s] !!
[1.220s] 
[1.220s]         ********************************************************************************
[1.220s]         Usage of dash-separated 'script-dir' will not be supported in future
[1.220s]         versions. Please use the underscore name 'script_dir' instead.
[1.220s] 
[1.220s]         By 2024-Sep-26, you need to update your project and remove deprecated calls
[1.220s]         or your builds will no longer be supported.
[1.221s] 
[1.221s]         See https://setuptools.pypa.io/en/latest/userguide/declarative_config.html for details.
[1.221s]         ********************************************************************************
[1.221s] 
[1.221s] !!
[1.221s]   opt = self.warn_dash_deprecation(opt, section)
[1.298s] running egg_info
[1.310s] writing ../../build/NIDS_PKG/NIDS_PKG.egg-info/PKG-INFO
[1.310s] writing dependency_links to ../../build/NIDS_PKG/NIDS_PKG.egg-info/dependency_links.txt
[1.311s] writing entry points to ../../build/NIDS_PKG/NIDS_PKG.egg-info/entry_points.txt
[1.311s] writing requirements to ../../build/NIDS_PKG/NIDS_PKG.egg-info/requires.txt
[1.311s] writing top-level names to ../../build/NIDS_PKG/NIDS_PKG.egg-info/top_level.txt
[1.336s] reading manifest file '../../build/NIDS_PKG/NIDS_PKG.egg-info/SOURCES.txt'
[1.348s] writing manifest file '../../build/NIDS_PKG/NIDS_PKG.egg-info/SOURCES.txt'
[1.349s] running build
[1.349s] running build_py
[1.349s] copying NIDS_PKG/blackListAPI.py -> /home/gmo-pop/Desktop/DistriLearn/build/NIDS_PKG/build/lib/NIDS_PKG
[1.349s] copying NIDS_PKG/kappa_coeff.py -> /home/gmo-pop/Desktop/DistriLearn/build/NIDS_PKG/build/lib/NIDS_PKG
[1.349s] copying NIDS_PKG/master_node_script_node.py -> /home/gmo-pop/Desktop/DistriLearn/build/NIDS_PKG/build/lib/NIDS_PKG
[1.349s] copying NIDS_PKG/blackListAPI_backup.py -> /home/gmo-pop/Desktop/DistriLearn/build/NIDS_PKG/build/lib/NIDS_PKG
[1.349s] copying NIDS_PKG/__init__.py -> /home/gmo-pop/Desktop/DistriLearn/build/NIDS_PKG/build/lib/NIDS_PKG
[1.350s] copying NIDS_PKG/ap_unified_ids_node.py -> /home/gmo-pop/Desktop/DistriLearn/build/NIDS_PKG/build/lib/NIDS_PKG
[1.350s] running install
[1.350s] /home/gmo-pop/.local/lib/python3.10/site-packages/setuptools/_distutils/cmd.py:66: SetuptoolsDeprecationWarning: setup.py install is deprecated.
[1.350s] !!
[1.350s] 
[1.351s]         ********************************************************************************
[1.351s]         Please avoid running ``setup.py`` directly.
[1.351s]         Instead, use pypa/build, pypa/installer or other
[1.351s]         standards-based tools.
[1.351s] 
[1.351s]         See https://blog.ganssle.io/articles/2021/10/setup-py-deprecated.html for details.
[1.351s]         ********************************************************************************
[1.351s] 
[1.351s] !!
[1.351s]   self.initialize_options()
[1.354s] running install_lib
[1.367s] creating /home/gmo-pop/Desktop/DistriLearn/install/NIDS_PKG/lib/python3.10/site-packages/NIDS_PKG
[1.367s] copying /home/gmo-pop/Desktop/DistriLearn/build/NIDS_PKG/build/lib/NIDS_PKG/blackListAPI.py -> /home/gmo-pop/Desktop/DistriLearn/install/NIDS_PKG/lib/python3.10/site-packages/NIDS_PKG
[1.367s] copying /home/gmo-pop/Desktop/DistriLearn/build/NIDS_PKG/build/lib/NIDS_PKG/kappa_coeff.py -> /home/gmo-pop/Desktop/DistriLearn/install/NIDS_PKG/lib/python3.10/site-packages/NIDS_PKG
[1.367s] copying /home/gmo-pop/Desktop/DistriLearn/build/NIDS_PKG/build/lib/NIDS_PKG/master_node_script_node.py -> /home/gmo-pop/Desktop/DistriLearn/install/NIDS_PKG/lib/python3.10/site-packages/NIDS_PKG
[1.367s] copying /home/gmo-pop/Desktop/DistriLearn/build/NIDS_PKG/build/lib/NIDS_PKG/blackListAPI_backup.py -> /home/gmo-pop/Desktop/DistriLearn/install/NIDS_PKG/lib/python3.10/site-packages/NIDS_PKG
[1.367s] copying /home/gmo-pop/Desktop/DistriLearn/build/NIDS_PKG/build/lib/NIDS_PKG/kappa_calcs.py -> /home/gmo-pop/Desktop/DistriLearn/install/NIDS_PKG/lib/python3.10/site-packages/NIDS_PKG
[1.368s] copying /home/gmo-pop/Desktop/DistriLearn/build/NIDS_PKG/build/lib/NIDS_PKG/__init__.py -> /home/gmo-pop/Desktop/DistriLearn/install/NIDS_PKG/lib/python3.10/site-packages/NIDS_PKG
[1.368s] copying /home/gmo-pop/Desktop/DistriLearn/build/NIDS_PKG/build/lib/NIDS_PKG/ap_unified_ids_node.py -> /home/gmo-pop/Desktop/DistriLearn/install/NIDS_PKG/lib/python3.10/site-packages/NIDS_PKG
[1.368s] byte-compiling /home/gmo-pop/Desktop/DistriLearn/install/NIDS_PKG/lib/python3.10/site-packages/NIDS_PKG/blackListAPI.py to blackListAPI.cpython-310.pyc
[1.369s] byte-compiling /home/gmo-pop/Desktop/DistriLearn/install/NIDS_PKG/lib/python3.10/site-packages/NIDS_PKG/kappa_coeff.py to kappa_coeff.cpython-310.pyc
[1.369s] byte-compiling /home/gmo-pop/Desktop/DistriLearn/install/NIDS_PKG/lib/python3.10/site-packages/NIDS_PKG/master_node_script_node.py to master_node_script_node.cpython-310.pyc
[1.370s] Sorry: TabError: inconsistent use of tabs and spaces in indentation (master_node_script_node.py, line 116)
[1.370s] byte-compiling /home/gmo-pop/Desktop/DistriLearn/install/NIDS_PKG/lib/python3.10/site-packages/NIDS_PKG/blackListAPI_backup.py to blackListAPI_backup.cpython-310.pyc
[1.371s] byte-compiling /home/gmo-pop/Desktop/DistriLearn/install/NIDS_PKG/lib/python3.10/site-packages/NIDS_PKG/kappa_calcs.py to kappa_calcs.cpython-310.pyc
[1.371s] byte-compiling /home/gmo-pop/Desktop/DistriLearn/install/NIDS_PKG/lib/python3.10/site-packages/NIDS_PKG/__init__.py to __init__.cpython-310.pyc
[1.371s] byte-compiling /home/gmo-pop/Desktop/DistriLearn/install/NIDS_PKG/lib/python3.10/site-packages/NIDS_PKG/ap_unified_ids_node.py to ap_unified_ids_node.cpython-310.pyc
[1.371s] Sorry: TabError: inconsistent use of tabs and spaces in indentation (ap_unified_ids_node.py, line 131)
[1.371s] running install_data
[1.384s] copying resource/NIDS_PKG -> /home/gmo-pop/Desktop/DistriLearn/install/NIDS_PKG/share/ament_index/resource_index/packages
[1.384s] copying package.xml -> /home/gmo-pop/Desktop/DistriLearn/install/NIDS_PKG/share/NIDS_PKG
[1.384s] running install_egg_info
[1.397s] Copying ../../build/NIDS_PKG/NIDS_PKG.egg-info to /home/gmo-pop/Desktop/DistriLearn/install/NIDS_PKG/lib/python3.10/site-packages/NIDS_PKG-0.0.0-py3.10.egg-info
[1.398s] running install_scripts
[1.511s] Installing ap_node script to /home/gmo-pop/Desktop/DistriLearn/install/NIDS_PKG/lib/NIDS_PKG
[1.511s] Installing master_node script to /home/gmo-pop/Desktop/DistriLearn/install/NIDS_PKG/lib/NIDS_PKG
[1.512s] writing list of installed files to '/home/gmo-pop/Desktop/DistriLearn/build/NIDS_PKG/install.log'
[1.528s] Invoked command in '/home/gmo-pop/Desktop/DistriLearn/src/NIDS_PKG' returned '0': PYTHONPATH=/home/gmo-pop/Desktop/DistriLearn/build/NIDS_PKG/prefix_override:/home/gmo-pop/Desktop/DistriLearn/install/NIDS_PKG/lib/python3.10/site-packages: /usr/bin/python3 setup.py egg_info --egg-base ../../build/NIDS_PKG build --build-base /home/gmo-pop/Desktop/DistriLearn/build/NIDS_PKG/build install --record /home/gmo-pop/Desktop/DistriLearn/build/NIDS_PKG/install.log --install-scripts $base/lib/NIDS_PKG --single-version-externally-managed
