[0.276s] DEBUG:colcon:Command line arguments: ['/usr/bin/colcon', 'build']
[0.276s] DEBUG:colcon:Parsed command line arguments: Namespace(allow_overriding=[], ament_cmake_args=None, base_paths=['.'], build_base='build', catkin_cmake_args=None, catkin_skip_building_tests=False, cmake_args=None, cmake_clean_cache=False, cmake_clean_first=False, cmake_force_configure=False, cmake_target=None, cmake_target_skip_unavailable=False, continue_on_error=False, event_handlers=None, executor='parallel', ignore_user_meta=False, install_base='install', log_base=None, log_level=None, main=<bound method BuildVerb.main of <colcon_core.verb.build.BuildVerb object at 0x7f9b0bddbe20>>, merge_install=False, metas=['./colcon.meta'], packages_above=None, packages_above_and_dependencies=None, packages_above_depth=None, packages_end=None, packages_ignore=None, packages_ignore_regex=None, packages_select=None, packages_select_build_failed=False, packages_select_by_dep=None, packages_select_regex=None, packages_select_test_failures=False, packages_skip=None, packages_skip_build_finished=False, packages_skip_by_dep=None, packages_skip_regex=None, packages_skip_test_passed=False, packages_skip_up_to=None, packages_start=None, packages_up_to=None, packages_up_to_regex=None, parallel_workers=16, paths=None, symlink_install=False, test_result_base=None, verb_extension=<colcon_core.verb.build.BuildVerb object at 0x7f9b0bddbe20>, verb_name='build', verb_parser=<colcon_defaults.argument_parser.defaults.DefaultArgumentsDecorator object at 0x7f9b0bde93d0>)
[0.295s] Level 1:colcon.colcon_core.package_discovery:discover_packages(colcon_meta) check parameters
[0.295s] Level 1:colcon.colcon_core.package_discovery:discover_packages(recursive) check parameters
[0.295s] Level 1:colcon.colcon_core.package_discovery:discover_packages(ignore) check parameters
[0.295s] Level 1:colcon.colcon_core.package_discovery:discover_packages(path) check parameters
[0.295s] Level 1:colcon.colcon_core.package_discovery:discover_packages(colcon_meta) discover
[0.295s] Level 1:colcon.colcon_core.package_discovery:discover_packages(recursive) discover
[0.295s] INFO:colcon.colcon_core.package_discovery:Crawling recursively for packages in '/home/gmo/Desktop/ids_workspace/DistriLearn'
[0.295s] Level 1:colcon.colcon_core.package_identification:_identify(.) by extensions ['ignore', 'ignore_ament_install']
[0.295s] Level 1:colcon.colcon_core.package_identification:_identify(.) by extension 'ignore'
[0.295s] Level 1:colcon.colcon_core.package_identification:_identify(.) by extension 'ignore_ament_install'
[0.295s] Level 1:colcon.colcon_core.package_identification:_identify(.) by extensions ['colcon_pkg']
[0.295s] Level 1:colcon.colcon_core.package_identification:_identify(.) by extension 'colcon_pkg'
[0.295s] Level 1:colcon.colcon_core.package_identification:_identify(.) by extensions ['colcon_meta']
[0.295s] Level 1:colcon.colcon_core.package_identification:_identify(.) by extension 'colcon_meta'
[0.295s] Level 1:colcon.colcon_core.package_identification:_identify(.) by extensions ['ros']
[0.295s] Level 1:colcon.colcon_core.package_identification:_identify(.) by extension 'ros'
[0.303s] Level 1:colcon.colcon_core.package_identification:_identify(.) by extensions ['cmake', 'python']
[0.303s] Level 1:colcon.colcon_core.package_identification:_identify(.) by extension 'cmake'
[0.303s] Level 1:colcon.colcon_core.package_identification:_identify(.) by extension 'python'
[0.303s] Level 1:colcon.colcon_core.package_identification:_identify(.) by extensions ['python_setup_py']
[0.303s] Level 1:colcon.colcon_core.package_identification:_identify(.) by extension 'python_setup_py'
[0.303s] Level 1:colcon.colcon_core.package_identification:_identify(build) by extensions ['ignore', 'ignore_ament_install']
[0.303s] Level 1:colcon.colcon_core.package_identification:_identify(build) by extension 'ignore'
[0.303s] Level 1:colcon.colcon_core.package_identification:_identify(build) ignored
[0.303s] Level 1:colcon.colcon_core.package_identification:_identify(install) by extensions ['ignore', 'ignore_ament_install']
[0.303s] Level 1:colcon.colcon_core.package_identification:_identify(install) by extension 'ignore'
[0.303s] Level 1:colcon.colcon_core.package_identification:_identify(install) ignored
[0.303s] Level 1:colcon.colcon_core.package_identification:_identify(log) by extensions ['ignore', 'ignore_ament_install']
[0.303s] Level 1:colcon.colcon_core.package_identification:_identify(log) by extension 'ignore'
[0.303s] Level 1:colcon.colcon_core.package_identification:_identify(log) ignored
[0.303s] Level 1:colcon.colcon_core.package_identification:_identify(src) by extensions ['ignore', 'ignore_ament_install']
[0.303s] Level 1:colcon.colcon_core.package_identification:_identify(src) by extension 'ignore'
[0.303s] Level 1:colcon.colcon_core.package_identification:_identify(src) by extension 'ignore_ament_install'
[0.303s] Level 1:colcon.colcon_core.package_identification:_identify(src) by extensions ['colcon_pkg']
[0.303s] Level 1:colcon.colcon_core.package_identification:_identify(src) by extension 'colcon_pkg'
[0.303s] Level 1:colcon.colcon_core.package_identification:_identify(src) by extensions ['colcon_meta']
[0.303s] Level 1:colcon.colcon_core.package_identification:_identify(src) by extension 'colcon_meta'
[0.303s] Level 1:colcon.colcon_core.package_identification:_identify(src) by extensions ['ros']
[0.303s] Level 1:colcon.colcon_core.package_identification:_identify(src) by extension 'ros'
[0.304s] Level 1:colcon.colcon_core.package_identification:_identify(src) by extensions ['cmake', 'python']
[0.304s] Level 1:colcon.colcon_core.package_identification:_identify(src) by extension 'cmake'
[0.304s] Level 1:colcon.colcon_core.package_identification:_identify(src) by extension 'python'
[0.304s] Level 1:colcon.colcon_core.package_identification:_identify(src) by extensions ['python_setup_py']
[0.304s] Level 1:colcon.colcon_core.package_identification:_identify(src) by extension 'python_setup_py'
[0.304s] Level 1:colcon.colcon_core.package_identification:_identify(src/NIDS_PKG) by extensions ['ignore', 'ignore_ament_install']
[0.304s] Level 1:colcon.colcon_core.package_identification:_identify(src/NIDS_PKG) by extension 'ignore'
[0.304s] Level 1:colcon.colcon_core.package_identification:_identify(src/NIDS_PKG) by extension 'ignore_ament_install'
[0.304s] Level 1:colcon.colcon_core.package_identification:_identify(src/NIDS_PKG) by extensions ['colcon_pkg']
[0.304s] Level 1:colcon.colcon_core.package_identification:_identify(src/NIDS_PKG) by extension 'colcon_pkg'
[0.304s] Level 1:colcon.colcon_core.package_identification:_identify(src/NIDS_PKG) by extensions ['colcon_meta']
[0.304s] Level 1:colcon.colcon_core.package_identification:_identify(src/NIDS_PKG) by extension 'colcon_meta'
[0.304s] Level 1:colcon.colcon_core.package_identification:_identify(src/NIDS_PKG) by extensions ['ros']
[0.304s] Level 1:colcon.colcon_core.package_identification:_identify(src/NIDS_PKG) by extension 'ros'
[0.305s] DEBUG:colcon.colcon_core.package_identification:Package 'src/NIDS_PKG' with type 'ros.ament_python' and name 'NIDS_PKG'
[0.305s] Level 1:colcon.colcon_core.package_discovery:discover_packages(recursive) using defaults
[0.306s] Level 1:colcon.colcon_core.package_discovery:discover_packages(ignore) discover
[0.306s] Level 1:colcon.colcon_core.package_discovery:discover_packages(ignore) using defaults
[0.306s] Level 1:colcon.colcon_core.package_discovery:discover_packages(path) discover
[0.306s] Level 1:colcon.colcon_core.package_discovery:discover_packages(path) using defaults
[0.322s] Level 1:colcon.colcon_core.package_discovery:discover_packages(prefix_path) check parameters
[0.322s] Level 1:colcon.colcon_core.package_discovery:discover_packages(prefix_path) discover
[0.324s] DEBUG:colcon.colcon_installed_package_information.package_discovery:Found 1 installed packages in /home/gmo/Desktop/ids_workspace/DistriLearn/install
[0.327s] DEBUG:colcon.colcon_installed_package_information.package_discovery:Found 266 installed packages in /opt/ros/foxy
[0.328s] Level 1:colcon.colcon_core.package_discovery:discover_packages(prefix_path) using defaults
[0.373s] Level 5:colcon.colcon_core.verb:set package 'NIDS_PKG' build argument 'cmake_args' from command line to 'None'
[0.373s] Level 5:colcon.colcon_core.verb:set package 'NIDS_PKG' build argument 'cmake_target' from command line to 'None'
[0.373s] Level 5:colcon.colcon_core.verb:set package 'NIDS_PKG' build argument 'cmake_target_skip_unavailable' from command line to 'False'
[0.373s] Level 5:colcon.colcon_core.verb:set package 'NIDS_PKG' build argument 'cmake_clean_cache' from command line to 'False'
[0.373s] Level 5:colcon.colcon_core.verb:set package 'NIDS_PKG' build argument 'cmake_clean_first' from command line to 'False'
[0.373s] Level 5:colcon.colcon_core.verb:set package 'NIDS_PKG' build argument 'cmake_force_configure' from command line to 'False'
[0.373s] Level 5:colcon.colcon_core.verb:set package 'NIDS_PKG' build argument 'ament_cmake_args' from command line to 'None'
[0.373s] Level 5:colcon.colcon_core.verb:set package 'NIDS_PKG' build argument 'catkin_cmake_args' from command line to 'None'
[0.373s] Level 5:colcon.colcon_core.verb:set package 'NIDS_PKG' build argument 'catkin_skip_building_tests' from command line to 'False'
[0.373s] DEBUG:colcon.colcon_core.verb:Building package 'NIDS_PKG' with the following arguments: {'ament_cmake_args': None, 'build_base': '/home/gmo/Desktop/ids_workspace/DistriLearn/build/NIDS_PKG', 'catkin_cmake_args': None, 'catkin_skip_building_tests': False, 'cmake_args': None, 'cmake_clean_cache': False, 'cmake_clean_first': False, 'cmake_force_configure': False, 'cmake_target': None, 'cmake_target_skip_unavailable': False, 'install_base': '/home/gmo/Desktop/ids_workspace/DistriLearn/install/NIDS_PKG', 'merge_install': False, 'path': '/home/gmo/Desktop/ids_workspace/DistriLearn/src/NIDS_PKG', 'symlink_install': False, 'test_result_base': None}
[0.374s] INFO:colcon.colcon_core.executor:Executing jobs using 'parallel' executor
[0.378s] DEBUG:colcon.colcon_parallel_executor.executor.parallel:run_until_complete
[0.379s] INFO:colcon.colcon_ros.task.ament_python.build:Building ROS package in '/home/gmo/Desktop/ids_workspace/DistriLearn/src/NIDS_PKG' with build type 'ament_python'
[0.379s] Level 1:colcon.colcon_core.shell:create_environment_hook('NIDS_PKG', 'ament_prefix_path')
[0.382s] INFO:colcon.colcon_core.plugin_system:Skipping extension 'colcon_core.shell.bat': Not used on non-Windows systems
[0.382s] INFO:colcon.colcon_core.shell:Creating environment hook '/home/gmo/Desktop/ids_workspace/DistriLearn/install/NIDS_PKG/share/NIDS_PKG/hook/ament_prefix_path.ps1'
[0.383s] INFO:colcon.colcon_core.shell:Creating environment descriptor '/home/gmo/Desktop/ids_workspace/DistriLearn/install/NIDS_PKG/share/NIDS_PKG/hook/ament_prefix_path.dsv'
[0.383s] INFO:colcon.colcon_core.shell:Creating environment hook '/home/gmo/Desktop/ids_workspace/DistriLearn/install/NIDS_PKG/share/NIDS_PKG/hook/ament_prefix_path.sh'
[0.385s] INFO:colcon.colcon_core.shell:Skip shell extension 'powershell' for command environment: Not usable outside of PowerShell
[0.385s] DEBUG:colcon.colcon_core.shell:Skip shell extension 'dsv' for command environment
[0.388s] DEBUG:colcon.colcon_core.shell:Ignoring prefix path '/home/gmo/Desktop/ids_workspace/DistriLearn'
[0.587s] INFO:colcon.colcon_core.task.python.build:Building Python package in '/home/gmo/Desktop/ids_workspace/DistriLearn/src/NIDS_PKG'
[0.591s] INFO:colcon.colcon_core.shell:Skip shell extension 'powershell' for command environment: Not usable outside of PowerShell
[0.591s] DEBUG:colcon.colcon_core.shell:Skip shell extension 'dsv' for command environment
[0.596s] DEBUG:colcon.colcon_core.shell:Ignoring prefix path '/home/gmo/Desktop/ids_workspace/DistriLearn'
[0.919s] DEBUG:colcon.colcon_core.event_handler.log_command:Invoking command in '/home/gmo/Desktop/ids_workspace/DistriLearn/src/NIDS_PKG': CONDA_PROMPT_MODIFIER=(base) PYTHONPATH=/home/gmo/Desktop/ids_workspace/DistriLearn/build/NIDS_PKG/prefix_override:/home/gmo/Desktop/ids_workspace/DistriLearn/install/NIDS_PKG/lib/python3.8/site-packages:${PYTHONPATH} /usr/bin/python3 setup.py egg_info --egg-base ../../build/NIDS_PKG build --build-base /home/gmo/Desktop/ids_workspace/DistriLearn/build/NIDS_PKG/build install --record /home/gmo/Desktop/ids_workspace/DistriLearn/build/NIDS_PKG/install.log --install-scripts $base/lib/NIDS_PKG --single-version-externally-managed
[1.194s] DEBUG:colcon.colcon_core.event_handler.log_command:Invoked command in '/home/gmo/Desktop/ids_workspace/DistriLearn/src/NIDS_PKG' returned '0': CONDA_PROMPT_MODIFIER=(base) PYTHONPATH=/home/gmo/Desktop/ids_workspace/DistriLearn/build/NIDS_PKG/prefix_override:/home/gmo/Desktop/ids_workspace/DistriLearn/install/NIDS_PKG/lib/python3.8/site-packages:${PYTHONPATH} /usr/bin/python3 setup.py egg_info --egg-base ../../build/NIDS_PKG build --build-base /home/gmo/Desktop/ids_workspace/DistriLearn/build/NIDS_PKG/build install --record /home/gmo/Desktop/ids_workspace/DistriLearn/build/NIDS_PKG/install.log --install-scripts $base/lib/NIDS_PKG --single-version-externally-managed
[1.199s] Level 1:colcon.colcon_core.environment:checking '/home/gmo/Desktop/ids_workspace/DistriLearn/install/NIDS_PKG' for CMake module files
[1.199s] Level 1:colcon.colcon_core.environment:checking '/home/gmo/Desktop/ids_workspace/DistriLearn/install/NIDS_PKG' for CMake config files
[1.200s] Level 1:colcon.colcon_core.environment:checking '/home/gmo/Desktop/ids_workspace/DistriLearn/install/NIDS_PKG/lib'
[1.200s] Level 1:colcon.colcon_core.environment:checking '/home/gmo/Desktop/ids_workspace/DistriLearn/install/NIDS_PKG/bin'
[1.200s] Level 1:colcon.colcon_core.environment:checking '/home/gmo/Desktop/ids_workspace/DistriLearn/install/NIDS_PKG/lib/pkgconfig/NIDS_PKG.pc'
[1.200s] Level 1:colcon.colcon_core.environment:checking '/home/gmo/Desktop/ids_workspace/DistriLearn/install/NIDS_PKG/lib/python3.8/site-packages'
[1.200s] Level 1:colcon.colcon_core.shell:create_environment_hook('NIDS_PKG', 'pythonpath')
[1.202s] INFO:colcon.colcon_core.shell:Creating environment hook '/home/gmo/Desktop/ids_workspace/DistriLearn/install/NIDS_PKG/share/NIDS_PKG/hook/pythonpath.ps1'
[1.202s] INFO:colcon.colcon_core.shell:Creating environment descriptor '/home/gmo/Desktop/ids_workspace/DistriLearn/install/NIDS_PKG/share/NIDS_PKG/hook/pythonpath.dsv'
[1.203s] INFO:colcon.colcon_core.shell:Creating environment hook '/home/gmo/Desktop/ids_workspace/DistriLearn/install/NIDS_PKG/share/NIDS_PKG/hook/pythonpath.sh'
[1.203s] Level 1:colcon.colcon_core.environment:checking '/home/gmo/Desktop/ids_workspace/DistriLearn/install/NIDS_PKG/bin'
[1.203s] Level 1:colcon.colcon_core.environment:create_environment_scripts_only(NIDS_PKG)
[1.207s] INFO:colcon.colcon_core.shell:Creating package script '/home/gmo/Desktop/ids_workspace/DistriLearn/install/NIDS_PKG/share/NIDS_PKG/package.ps1'
[1.207s] INFO:colcon.colcon_core.shell:Creating package descriptor '/home/gmo/Desktop/ids_workspace/DistriLearn/install/NIDS_PKG/share/NIDS_PKG/package.dsv'
[1.208s] INFO:colcon.colcon_core.shell:Creating package script '/home/gmo/Desktop/ids_workspace/DistriLearn/install/NIDS_PKG/share/NIDS_PKG/package.sh'
[1.208s] INFO:colcon.colcon_core.shell:Creating package script '/home/gmo/Desktop/ids_workspace/DistriLearn/install/NIDS_PKG/share/NIDS_PKG/package.bash'
[1.209s] INFO:colcon.colcon_core.shell:Creating package script '/home/gmo/Desktop/ids_workspace/DistriLearn/install/NIDS_PKG/share/NIDS_PKG/package.zsh'
[1.209s] Level 1:colcon.colcon_core.environment:create_file_with_runtime_dependencies(/home/gmo/Desktop/ids_workspace/DistriLearn/install/NIDS_PKG/share/colcon-core/packages/NIDS_PKG)
[1.209s] DEBUG:colcon.colcon_parallel_executor.executor.parallel:closing loop
[1.209s] DEBUG:colcon.colcon_parallel_executor.executor.parallel:loop closed
[1.209s] DEBUG:colcon.colcon_parallel_executor.executor.parallel:run_until_complete finished with '0'
[1.209s] DEBUG:colcon.colcon_core.event_reactor:joining thread
[1.215s] INFO:colcon.colcon_core.plugin_system:Skipping extension 'colcon_notification.desktop_notification.terminal_notifier': Not used on non-Darwin systems
[1.215s] INFO:colcon.colcon_core.plugin_system:Skipping extension 'colcon_notification.desktop_notification.win32': Not used on non-Windows systems
[1.215s] INFO:colcon.colcon_notification.desktop_notification:Sending desktop notification using 'notify2'
[1.230s] DEBUG:colcon.colcon_core.event_reactor:joined thread
[1.234s] INFO:colcon.colcon_core.shell:Creating prefix script '/home/gmo/Desktop/ids_workspace/DistriLearn/install/local_setup.ps1'
[1.235s] INFO:colcon.colcon_core.shell:Creating prefix util module '/home/gmo/Desktop/ids_workspace/DistriLearn/install/_local_setup_util_ps1.py'
[1.237s] INFO:colcon.colcon_core.shell:Creating prefix chain script '/home/gmo/Desktop/ids_workspace/DistriLearn/install/setup.ps1'
[1.239s] INFO:colcon.colcon_core.shell:Creating prefix script '/home/gmo/Desktop/ids_workspace/DistriLearn/install/local_setup.sh'
[1.240s] INFO:colcon.colcon_core.shell:Creating prefix util module '/home/gmo/Desktop/ids_workspace/DistriLearn/install/_local_setup_util_sh.py'
[1.240s] INFO:colcon.colcon_core.shell:Creating prefix chain script '/home/gmo/Desktop/ids_workspace/DistriLearn/install/setup.sh'
[1.241s] INFO:colcon.colcon_core.shell:Creating prefix script '/home/gmo/Desktop/ids_workspace/DistriLearn/install/local_setup.bash'
[1.241s] INFO:colcon.colcon_core.shell:Creating prefix chain script '/home/gmo/Desktop/ids_workspace/DistriLearn/install/setup.bash'
[1.242s] INFO:colcon.colcon_core.shell:Creating prefix script '/home/gmo/Desktop/ids_workspace/DistriLearn/install/local_setup.zsh'
[1.243s] INFO:colcon.colcon_core.shell:Creating prefix chain script '/home/gmo/Desktop/ids_workspace/DistriLearn/install/setup.zsh'
