[0.752s] Invoking command in '/home/gmo-pop/Desktop/DistriLearn/src/NIDS_PKG': PYTHONPATH=/home/gmo-pop/Desktop/DistriLearn/build/NIDS_PKG/prefix_override:/home/gmo-pop/Desktop/DistriLearn/install/NIDS_PKG/lib/python3.10/site-packages:${PYTHONPATH} /usr/bin/python3 setup.py egg_info --egg-base ../../build/NIDS_PKG build --build-base /home/gmo-pop/Desktop/DistriLearn/build/NIDS_PKG/build install --record /home/gmo-pop/Desktop/DistriLearn/build/NIDS_PKG/install.log --install-scripts $base/lib/NIDS_PKG --single-version-externally-managed
[0.972s] /home/gmo-pop/.local/lib/python3.10/site-packages/setuptools/dist.py:717: UserWarning: Usage of dash-separated 'script-dir' will not be supported in future versions. Please use the underscore name 'script_dir' instead
[0.972s]   warnings.warn(
[0.991s] running egg_info
[0.992s] writing ../../build/NIDS_PKG/NIDS_PKG.egg-info/PKG-INFO
[0.992s] writing dependency_links to ../../build/NIDS_PKG/NIDS_PKG.egg-info/dependency_links.txt
[0.992s] writing entry points to ../../build/NIDS_PKG/NIDS_PKG.egg-info/entry_points.txt
[0.992s] writing requirements to ../../build/NIDS_PKG/NIDS_PKG.egg-info/requires.txt
[0.992s] writing top-level names to ../../build/NIDS_PKG/NIDS_PKG.egg-info/top_level.txt
[0.993s] reading manifest file '../../build/NIDS_PKG/NIDS_PKG.egg-info/SOURCES.txt'
[0.994s] writing manifest file '../../build/NIDS_PKG/NIDS_PKG.egg-info/SOURCES.txt'
[0.994s] running build
[0.994s] running build_py
[0.994s] running install
[0.995s] running install_lib
[0.995s] running install_data
[0.996s] running install_egg_info
[0.997s] removing '/home/gmo-pop/Desktop/DistriLearn/install/NIDS_PKG/lib/python3.10/site-packages/NIDS_PKG-0.0.0-py3.10.egg-info' (and everything under it)
[0.997s] Copying ../../build/NIDS_PKG/NIDS_PKG.egg-info to /home/gmo-pop/Desktop/DistriLearn/install/NIDS_PKG/lib/python3.10/site-packages/NIDS_PKG-0.0.0-py3.10.egg-info
[0.998s] running install_scripts
[1.011s] Installing ap_node script to /home/gmo-pop/Desktop/DistriLearn/install/NIDS_PKG/lib/NIDS_PKG
[1.011s] Installing master_node script to /home/gmo-pop/Desktop/DistriLearn/install/NIDS_PKG/lib/NIDS_PKG
[1.012s] writing list of installed files to '/home/gmo-pop/Desktop/DistriLearn/build/NIDS_PKG/install.log'
[1.027s] Invoked command in '/home/gmo-pop/Desktop/DistriLearn/src/NIDS_PKG' returned '0': PYTHONPATH=/home/gmo-pop/Desktop/DistriLearn/build/NIDS_PKG/prefix_override:/home/gmo-pop/Desktop/DistriLearn/install/NIDS_PKG/lib/python3.10/site-packages:${PYTHONPATH} /usr/bin/python3 setup.py egg_info --egg-base ../../build/NIDS_PKG build --build-base /home/gmo-pop/Desktop/DistriLearn/build/NIDS_PKG/build install --record /home/gmo-pop/Desktop/DistriLearn/build/NIDS_PKG/install.log --install-scripts $base/lib/NIDS_PKG --single-version-externally-managed
