[0.537s] Invoking command in '/home/gmo/Desktop/ids_workspace/DistriLearn/src/NIDS_PKG': PYTHONPATH=/home/gmo/Desktop/ids_workspace/DistriLearn/build/NIDS_PKG/prefix_override:/home/gmo/Desktop/ids_workspace/DistriLearn/install/NIDS_PKG/lib/python3.8/site-packages:${PYTHONPATH} /usr/bin/python3 setup.py egg_info --egg-base ../../build/NIDS_PKG build --build-base /home/gmo/Desktop/ids_workspace/DistriLearn/build/NIDS_PKG/build install --record /home/gmo/Desktop/ids_workspace/DistriLearn/build/NIDS_PKG/install.log --install-scripts $base/lib/NIDS_PKG --single-version-externally-managed
[0.714s] running egg_info
[0.715s] writing ../../build/NIDS_PKG/NIDS_PKG.egg-info/PKG-INFO
[0.715s] writing dependency_links to ../../build/NIDS_PKG/NIDS_PKG.egg-info/dependency_links.txt
[0.715s] writing entry points to ../../build/NIDS_PKG/NIDS_PKG.egg-info/entry_points.txt
[0.715s] writing requirements to ../../build/NIDS_PKG/NIDS_PKG.egg-info/requires.txt
[0.715s] writing top-level names to ../../build/NIDS_PKG/NIDS_PKG.egg-info/top_level.txt
[0.739s] reading manifest file '../../build/NIDS_PKG/NIDS_PKG.egg-info/SOURCES.txt'
[0.766s] writing manifest file '../../build/NIDS_PKG/NIDS_PKG.egg-info/SOURCES.txt'
[0.766s] running build
[0.766s] running build_py
[0.766s] copying NIDS_PKG/master_node_script_node.py -> /home/gmo/Desktop/ids_workspace/DistriLearn/build/NIDS_PKG/build/lib/NIDS_PKG
[0.766s] copying NIDS_PKG/ap_unified_ids_node.py -> /home/gmo/Desktop/ids_workspace/DistriLearn/build/NIDS_PKG/build/lib/NIDS_PKG
[0.767s] running install
[0.768s] running install_lib
[0.769s] copying /home/gmo/Desktop/ids_workspace/DistriLearn/build/NIDS_PKG/build/lib/NIDS_PKG/master_node_script_node.py -> /home/gmo/Desktop/ids_workspace/DistriLearn/install/NIDS_PKG/lib/python3.8/site-packages/NIDS_PKG
[0.769s] copying /home/gmo/Desktop/ids_workspace/DistriLearn/build/NIDS_PKG/build/lib/NIDS_PKG/ap_unified_ids_node.py -> /home/gmo/Desktop/ids_workspace/DistriLearn/install/NIDS_PKG/lib/python3.8/site-packages/NIDS_PKG
[0.769s] byte-compiling /home/gmo/Desktop/ids_workspace/DistriLearn/install/NIDS_PKG/lib/python3.8/site-packages/NIDS_PKG/master_node_script_node.py to master_node_script_node.cpython-38.pyc
[0.771s]   File "/home/gmo/Desktop/ids_workspace/DistriLearn/install/NIDS_PKG/lib/python3.8/site-packages/NIDS_PKG/master_node_script_node.py", line 20
[0.771s]     self.master_hash = self.hash_value('master' datetime.datetime.now())
[0.771s]                                                 ^
[0.771s] SyntaxError: invalid syntax
[0.771s] 
[0.771s] byte-compiling /home/gmo/Desktop/ids_workspace/DistriLearn/install/NIDS_PKG/lib/python3.8/site-packages/NIDS_PKG/ap_unified_ids_node.py to ap_unified_ids_node.cpython-38.pyc
[0.771s]   File "/home/gmo/Desktop/ids_workspace/DistriLearn/install/NIDS_PKG/lib/python3.8/site-packages/NIDS_PKG/ap_unified_ids_node.py", line 147
[0.772s]     self.ap_hash = self.hash_value('ap' datetime.datetime.now())
[0.772s]                                         ^
[0.772s] SyntaxError: invalid syntax
[0.772s] 
[0.772s] running install_data
[0.772s] running install_egg_info
[0.774s] removing '/home/gmo/Desktop/ids_workspace/DistriLearn/install/NIDS_PKG/lib/python3.8/site-packages/NIDS_PKG-0.0.0-py3.8.egg-info' (and everything under it)
[0.774s] Copying ../../build/NIDS_PKG/NIDS_PKG.egg-info to /home/gmo/Desktop/ids_workspace/DistriLearn/install/NIDS_PKG/lib/python3.8/site-packages/NIDS_PKG-0.0.0-py3.8.egg-info
[0.775s] running install_scripts
[0.786s] Installing ap_node script to /home/gmo/Desktop/ids_workspace/DistriLearn/install/NIDS_PKG/lib/NIDS_PKG
[0.786s] Installing master_node script to /home/gmo/Desktop/ids_workspace/DistriLearn/install/NIDS_PKG/lib/NIDS_PKG
[0.787s] writing list of installed files to '/home/gmo/Desktop/ids_workspace/DistriLearn/build/NIDS_PKG/install.log'
[0.799s] Invoked command in '/home/gmo/Desktop/ids_workspace/DistriLearn/src/NIDS_PKG' returned '0': PYTHONPATH=/home/gmo/Desktop/ids_workspace/DistriLearn/build/NIDS_PKG/prefix_override:/home/gmo/Desktop/ids_workspace/DistriLearn/install/NIDS_PKG/lib/python3.8/site-packages:${PYTHONPATH} /usr/bin/python3 setup.py egg_info --egg-base ../../build/NIDS_PKG build --build-base /home/gmo/Desktop/ids_workspace/DistriLearn/build/NIDS_PKG/build install --record /home/gmo/Desktop/ids_workspace/DistriLearn/build/NIDS_PKG/install.log --install-scripts $base/lib/NIDS_PKG --single-version-externally-managed
