[5.044s] DEBUG:colcon:Command line arguments: ['/usr/bin/colcon', 'build']
[5.044s] DEBUG:colcon:Parsed command line arguments: Namespace(log_base=None, log_level=None, verb_name='build', build_base='build', install_base='install', merge_install=False, symlink_install=False, test_result_base=None, continue_on_error=False, executor='parallel', parallel_workers=16, event_handlers=None, ignore_user_meta=False, metas=['./colcon.meta'], base_paths=['.'], packages_ignore=None, packages_ignore_regex=None, paths=None, packages_up_to=None, packages_up_to_regex=None, packages_above=None, packages_above_and_dependencies=None, packages_above_depth=None, packages_select_by_dep=None, packages_skip_by_dep=None, packages_skip_up_to=None, packages_select_build_failed=False, packages_skip_build_finished=False, packages_select_test_failures=False, packages_skip_test_passed=False, packages_select=None, packages_skip=None, packages_select_regex=None, packages_skip_regex=None, packages_start=None, packages_end=None, cmake_args=None, cmake_target=None, cmake_target_skip_unavailable=False, cmake_clean_cache=False, cmake_clean_first=False, cmake_force_configure=False, ament_cmake_args=None, catkin_cmake_args=None, catkin_skip_building_tests=False, verb_parser=<colcon_defaults.argument_parser.defaults.DefaultArgumentsDecorator object at 0x7c2674fc2020>, verb_extension=<colcon_core.verb.build.BuildVerb object at 0x7c2674edec80>, main=<bound method BuildVerb.main of <colcon_core.verb.build.BuildVerb object at 0x7c2674edec80>>)
[5.254s] Level 1:colcon.colcon_core.package_discovery:discover_packages(colcon_meta) check parameters
[5.254s] Level 1:colcon.colcon_core.package_discovery:discover_packages(recursive) check parameters
[5.254s] Level 1:colcon.colcon_core.package_discovery:discover_packages(ignore) check parameters
[5.254s] Level 1:colcon.colcon_core.package_discovery:discover_packages(path) check parameters
[5.254s] Level 1:colcon.colcon_core.package_discovery:discover_packages(colcon_meta) discover
[5.254s] Level 1:colcon.colcon_core.package_discovery:discover_packages(recursive) discover
[5.254s] INFO:colcon.colcon_core.package_discovery:Crawling recursively for packages in '/home/gmo-pop/Desktop/DistriLearn'
[5.254s] Level 1:colcon.colcon_core.package_identification:_identify(.) by extensions ['ignore', 'ignore_ament_install']
[5.254s] Level 1:colcon.colcon_core.package_identification:_identify(.) by extension 'ignore'
[5.254s] Level 1:colcon.colcon_core.package_identification:_identify(.) by extension 'ignore_ament_install'
[5.254s] Level 1:colcon.colcon_core.package_identification:_identify(.) by extensions ['colcon_pkg']
[5.254s] Level 1:colcon.colcon_core.package_identification:_identify(.) by extension 'colcon_pkg'
[5.254s] Level 1:colcon.colcon_core.package_identification:_identify(.) by extensions ['colcon_meta']
[5.254s] Level 1:colcon.colcon_core.package_identification:_identify(.) by extension 'colcon_meta'
[5.254s] Level 1:colcon.colcon_core.package_identification:_identify(.) by extensions ['ros']
[5.254s] Level 1:colcon.colcon_core.package_identification:_identify(.) by extension 'ros'
[5.285s] Level 1:colcon.colcon_core.package_identification:_identify(.) by extensions ['cmake', 'python']
[5.285s] Level 1:colcon.colcon_core.package_identification:_identify(.) by extension 'cmake'
[5.285s] Level 1:colcon.colcon_core.package_identification:_identify(.) by extension 'python'
[5.285s] Level 1:colcon.colcon_core.package_identification:_identify(.) by extensions ['python_setup_py']
[5.285s] Level 1:colcon.colcon_core.package_identification:_identify(.) by extension 'python_setup_py'
[5.285s] Level 1:colcon.colcon_core.package_identification:_identify(ModelPack) by extensions ['ignore', 'ignore_ament_install']
[5.285s] Level 1:colcon.colcon_core.package_identification:_identify(ModelPack) by extension 'ignore'
[5.285s] Level 1:colcon.colcon_core.package_identification:_identify(ModelPack) by extension 'ignore_ament_install'
[5.285s] Level 1:colcon.colcon_core.package_identification:_identify(ModelPack) by extensions ['colcon_pkg']
[5.285s] Level 1:colcon.colcon_core.package_identification:_identify(ModelPack) by extension 'colcon_pkg'
[5.285s] Level 1:colcon.colcon_core.package_identification:_identify(ModelPack) by extensions ['colcon_meta']
[5.285s] Level 1:colcon.colcon_core.package_identification:_identify(ModelPack) by extension 'colcon_meta'
[5.285s] Level 1:colcon.colcon_core.package_identification:_identify(ModelPack) by extensions ['ros']
[5.285s] Level 1:colcon.colcon_core.package_identification:_identify(ModelPack) by extension 'ros'
[5.285s] Level 1:colcon.colcon_core.package_identification:_identify(ModelPack) by extensions ['cmake', 'python']
[5.285s] Level 1:colcon.colcon_core.package_identification:_identify(ModelPack) by extension 'cmake'
[5.285s] Level 1:colcon.colcon_core.package_identification:_identify(ModelPack) by extension 'python'
[5.285s] Level 1:colcon.colcon_core.package_identification:_identify(ModelPack) by extensions ['python_setup_py']
[5.285s] Level 1:colcon.colcon_core.package_identification:_identify(ModelPack) by extension 'python_setup_py'
[5.285s] Level 1:colcon.colcon_core.package_identification:_identify(ModelPack/17_18_models) by extensions ['ignore', 'ignore_ament_install']
[5.286s] Level 1:colcon.colcon_core.package_identification:_identify(ModelPack/17_18_models) by extension 'ignore'
[5.286s] Level 1:colcon.colcon_core.package_identification:_identify(ModelPack/17_18_models) by extension 'ignore_ament_install'
[5.286s] Level 1:colcon.colcon_core.package_identification:_identify(ModelPack/17_18_models) by extensions ['colcon_pkg']
[5.286s] Level 1:colcon.colcon_core.package_identification:_identify(ModelPack/17_18_models) by extension 'colcon_pkg'
[5.286s] Level 1:colcon.colcon_core.package_identification:_identify(ModelPack/17_18_models) by extensions ['colcon_meta']
[5.286s] Level 1:colcon.colcon_core.package_identification:_identify(ModelPack/17_18_models) by extension 'colcon_meta'
[5.286s] Level 1:colcon.colcon_core.package_identification:_identify(ModelPack/17_18_models) by extensions ['ros']
[5.286s] Level 1:colcon.colcon_core.package_identification:_identify(ModelPack/17_18_models) by extension 'ros'
[5.286s] Level 1:colcon.colcon_core.package_identification:_identify(ModelPack/17_18_models) by extensions ['cmake', 'python']
[5.286s] Level 1:colcon.colcon_core.package_identification:_identify(ModelPack/17_18_models) by extension 'cmake'
[5.286s] Level 1:colcon.colcon_core.package_identification:_identify(ModelPack/17_18_models) by extension 'python'
[5.286s] Level 1:colcon.colcon_core.package_identification:_identify(ModelPack/17_18_models) by extensions ['python_setup_py']
[5.286s] Level 1:colcon.colcon_core.package_identification:_identify(ModelPack/17_18_models) by extension 'python_setup_py'
[5.286s] Level 1:colcon.colcon_core.package_identification:_identify(ModelPack/17_18_models/Log regression) by extensions ['ignore', 'ignore_ament_install']
[5.286s] Level 1:colcon.colcon_core.package_identification:_identify(ModelPack/17_18_models/Log regression) by extension 'ignore'
[5.286s] Level 1:colcon.colcon_core.package_identification:_identify(ModelPack/17_18_models/Log regression) by extension 'ignore_ament_install'
[5.286s] Level 1:colcon.colcon_core.package_identification:_identify(ModelPack/17_18_models/Log regression) by extensions ['colcon_pkg']
[5.286s] Level 1:colcon.colcon_core.package_identification:_identify(ModelPack/17_18_models/Log regression) by extension 'colcon_pkg'
[5.286s] Level 1:colcon.colcon_core.package_identification:_identify(ModelPack/17_18_models/Log regression) by extensions ['colcon_meta']
[5.286s] Level 1:colcon.colcon_core.package_identification:_identify(ModelPack/17_18_models/Log regression) by extension 'colcon_meta'
[5.286s] Level 1:colcon.colcon_core.package_identification:_identify(ModelPack/17_18_models/Log regression) by extensions ['ros']
[5.286s] Level 1:colcon.colcon_core.package_identification:_identify(ModelPack/17_18_models/Log regression) by extension 'ros'
[5.286s] Level 1:colcon.colcon_core.package_identification:_identify(ModelPack/17_18_models/Log regression) by extensions ['cmake', 'python']
[5.286s] Level 1:colcon.colcon_core.package_identification:_identify(ModelPack/17_18_models/Log regression) by extension 'cmake'
[5.286s] Level 1:colcon.colcon_core.package_identification:_identify(ModelPack/17_18_models/Log regression) by extension 'python'
[5.286s] Level 1:colcon.colcon_core.package_identification:_identify(ModelPack/17_18_models/Log regression) by extensions ['python_setup_py']
[5.286s] Level 1:colcon.colcon_core.package_identification:_identify(ModelPack/17_18_models/Log regression) by extension 'python_setup_py'
[5.287s] Level 1:colcon.colcon_core.package_identification:_identify(ModelPack/17_18_models/NN) by extensions ['ignore', 'ignore_ament_install']
[5.287s] Level 1:colcon.colcon_core.package_identification:_identify(ModelPack/17_18_models/NN) by extension 'ignore'
[5.287s] Level 1:colcon.colcon_core.package_identification:_identify(ModelPack/17_18_models/NN) by extension 'ignore_ament_install'
[5.287s] Level 1:colcon.colcon_core.package_identification:_identify(ModelPack/17_18_models/NN) by extensions ['colcon_pkg']
[5.287s] Level 1:colcon.colcon_core.package_identification:_identify(ModelPack/17_18_models/NN) by extension 'colcon_pkg'
[5.287s] Level 1:colcon.colcon_core.package_identification:_identify(ModelPack/17_18_models/NN) by extensions ['colcon_meta']
[5.287s] Level 1:colcon.colcon_core.package_identification:_identify(ModelPack/17_18_models/NN) by extension 'colcon_meta'
[5.287s] Level 1:colcon.colcon_core.package_identification:_identify(ModelPack/17_18_models/NN) by extensions ['ros']
[5.287s] Level 1:colcon.colcon_core.package_identification:_identify(ModelPack/17_18_models/NN) by extension 'ros'
[5.287s] Level 1:colcon.colcon_core.package_identification:_identify(ModelPack/17_18_models/NN) by extensions ['cmake', 'python']
[5.287s] Level 1:colcon.colcon_core.package_identification:_identify(ModelPack/17_18_models/NN) by extension 'cmake'
[5.287s] Level 1:colcon.colcon_core.package_identification:_identify(ModelPack/17_18_models/NN) by extension 'python'
[5.287s] Level 1:colcon.colcon_core.package_identification:_identify(ModelPack/17_18_models/NN) by extensions ['python_setup_py']
[5.287s] Level 1:colcon.colcon_core.package_identification:_identify(ModelPack/17_18_models/NN) by extension 'python_setup_py'
[5.287s] Level 1:colcon.colcon_core.package_identification:_identify(ModelPack/17_18_models/Random Forest) by extensions ['ignore', 'ignore_ament_install']
[5.287s] Level 1:colcon.colcon_core.package_identification:_identify(ModelPack/17_18_models/Random Forest) by extension 'ignore'
[5.287s] Level 1:colcon.colcon_core.package_identification:_identify(ModelPack/17_18_models/Random Forest) by extension 'ignore_ament_install'
[5.287s] Level 1:colcon.colcon_core.package_identification:_identify(ModelPack/17_18_models/Random Forest) by extensions ['colcon_pkg']
[5.287s] Level 1:colcon.colcon_core.package_identification:_identify(ModelPack/17_18_models/Random Forest) by extension 'colcon_pkg'
[5.287s] Level 1:colcon.colcon_core.package_identification:_identify(ModelPack/17_18_models/Random Forest) by extensions ['colcon_meta']
[5.287s] Level 1:colcon.colcon_core.package_identification:_identify(ModelPack/17_18_models/Random Forest) by extension 'colcon_meta'
[5.287s] Level 1:colcon.colcon_core.package_identification:_identify(ModelPack/17_18_models/Random Forest) by extensions ['ros']
[5.287s] Level 1:colcon.colcon_core.package_identification:_identify(ModelPack/17_18_models/Random Forest) by extension 'ros'
[5.287s] Level 1:colcon.colcon_core.package_identification:_identify(ModelPack/17_18_models/Random Forest) by extensions ['cmake', 'python']
[5.287s] Level 1:colcon.colcon_core.package_identification:_identify(ModelPack/17_18_models/Random Forest) by extension 'cmake'
[5.287s] Level 1:colcon.colcon_core.package_identification:_identify(ModelPack/17_18_models/Random Forest) by extension 'python'
[5.287s] Level 1:colcon.colcon_core.package_identification:_identify(ModelPack/17_18_models/Random Forest) by extensions ['python_setup_py']
[5.287s] Level 1:colcon.colcon_core.package_identification:_identify(ModelPack/17_18_models/Random Forest) by extension 'python_setup_py'
[5.288s] Level 1:colcon.colcon_core.package_identification:_identify(ModelPack/17_18_models/SVM) by extensions ['ignore', 'ignore_ament_install']
[5.288s] Level 1:colcon.colcon_core.package_identification:_identify(ModelPack/17_18_models/SVM) by extension 'ignore'
[5.288s] Level 1:colcon.colcon_core.package_identification:_identify(ModelPack/17_18_models/SVM) by extension 'ignore_ament_install'
[5.288s] Level 1:colcon.colcon_core.package_identification:_identify(ModelPack/17_18_models/SVM) by extensions ['colcon_pkg']
[5.288s] Level 1:colcon.colcon_core.package_identification:_identify(ModelPack/17_18_models/SVM) by extension 'colcon_pkg'
[5.288s] Level 1:colcon.colcon_core.package_identification:_identify(ModelPack/17_18_models/SVM) by extensions ['colcon_meta']
[5.288s] Level 1:colcon.colcon_core.package_identification:_identify(ModelPack/17_18_models/SVM) by extension 'colcon_meta'
[5.288s] Level 1:colcon.colcon_core.package_identification:_identify(ModelPack/17_18_models/SVM) by extensions ['ros']
[5.288s] Level 1:colcon.colcon_core.package_identification:_identify(ModelPack/17_18_models/SVM) by extension 'ros'
[5.288s] Level 1:colcon.colcon_core.package_identification:_identify(ModelPack/17_18_models/SVM) by extensions ['cmake', 'python']
[5.288s] Level 1:colcon.colcon_core.package_identification:_identify(ModelPack/17_18_models/SVM) by extension 'cmake'
[5.288s] Level 1:colcon.colcon_core.package_identification:_identify(ModelPack/17_18_models/SVM) by extension 'python'
[5.288s] Level 1:colcon.colcon_core.package_identification:_identify(ModelPack/17_18_models/SVM) by extensions ['python_setup_py']
[5.288s] Level 1:colcon.colcon_core.package_identification:_identify(ModelPack/17_18_models/SVM) by extension 'python_setup_py'
[5.288s] Level 1:colcon.colcon_core.package_identification:_identify(ModelPack/clean_17_models) by extensions ['ignore', 'ignore_ament_install']
[5.288s] Level 1:colcon.colcon_core.package_identification:_identify(ModelPack/clean_17_models) by extension 'ignore'
[5.288s] Level 1:colcon.colcon_core.package_identification:_identify(ModelPack/clean_17_models) by extension 'ignore_ament_install'
[5.288s] Level 1:colcon.colcon_core.package_identification:_identify(ModelPack/clean_17_models) by extensions ['colcon_pkg']
[5.288s] Level 1:colcon.colcon_core.package_identification:_identify(ModelPack/clean_17_models) by extension 'colcon_pkg'
[5.288s] Level 1:colcon.colcon_core.package_identification:_identify(ModelPack/clean_17_models) by extensions ['colcon_meta']
[5.288s] Level 1:colcon.colcon_core.package_identification:_identify(ModelPack/clean_17_models) by extension 'colcon_meta'
[5.288s] Level 1:colcon.colcon_core.package_identification:_identify(ModelPack/clean_17_models) by extensions ['ros']
[5.288s] Level 1:colcon.colcon_core.package_identification:_identify(ModelPack/clean_17_models) by extension 'ros'
[5.288s] Level 1:colcon.colcon_core.package_identification:_identify(ModelPack/clean_17_models) by extensions ['cmake', 'python']
[5.288s] Level 1:colcon.colcon_core.package_identification:_identify(ModelPack/clean_17_models) by extension 'cmake'
[5.288s] Level 1:colcon.colcon_core.package_identification:_identify(ModelPack/clean_17_models) by extension 'python'
[5.288s] Level 1:colcon.colcon_core.package_identification:_identify(ModelPack/clean_17_models) by extensions ['python_setup_py']
[5.288s] Level 1:colcon.colcon_core.package_identification:_identify(ModelPack/clean_17_models) by extension 'python_setup_py'
[5.289s] Level 1:colcon.colcon_core.package_identification:_identify(ModelPack/clean_17_models/Log regression) by extensions ['ignore', 'ignore_ament_install']
[5.289s] Level 1:colcon.colcon_core.package_identification:_identify(ModelPack/clean_17_models/Log regression) by extension 'ignore'
[5.289s] Level 1:colcon.colcon_core.package_identification:_identify(ModelPack/clean_17_models/Log regression) by extension 'ignore_ament_install'
[5.289s] Level 1:colcon.colcon_core.package_identification:_identify(ModelPack/clean_17_models/Log regression) by extensions ['colcon_pkg']
[5.289s] Level 1:colcon.colcon_core.package_identification:_identify(ModelPack/clean_17_models/Log regression) by extension 'colcon_pkg'
[5.289s] Level 1:colcon.colcon_core.package_identification:_identify(ModelPack/clean_17_models/Log regression) by extensions ['colcon_meta']
[5.289s] Level 1:colcon.colcon_core.package_identification:_identify(ModelPack/clean_17_models/Log regression) by extension 'colcon_meta'
[5.289s] Level 1:colcon.colcon_core.package_identification:_identify(ModelPack/clean_17_models/Log regression) by extensions ['ros']
[5.289s] Level 1:colcon.colcon_core.package_identification:_identify(ModelPack/clean_17_models/Log regression) by extension 'ros'
[5.289s] Level 1:colcon.colcon_core.package_identification:_identify(ModelPack/clean_17_models/Log regression) by extensions ['cmake', 'python']
[5.289s] Level 1:colcon.colcon_core.package_identification:_identify(ModelPack/clean_17_models/Log regression) by extension 'cmake'
[5.289s] Level 1:colcon.colcon_core.package_identification:_identify(ModelPack/clean_17_models/Log regression) by extension 'python'
[5.289s] Level 1:colcon.colcon_core.package_identification:_identify(ModelPack/clean_17_models/Log regression) by extensions ['python_setup_py']
[5.289s] Level 1:colcon.colcon_core.package_identification:_identify(ModelPack/clean_17_models/Log regression) by extension 'python_setup_py'
[5.289s] Level 1:colcon.colcon_core.package_identification:_identify(ModelPack/clean_17_models/NN) by extensions ['ignore', 'ignore_ament_install']
[5.289s] Level 1:colcon.colcon_core.package_identification:_identify(ModelPack/clean_17_models/NN) by extension 'ignore'
[5.289s] Level 1:colcon.colcon_core.package_identification:_identify(ModelPack/clean_17_models/NN) by extension 'ignore_ament_install'
[5.289s] Level 1:colcon.colcon_core.package_identification:_identify(ModelPack/clean_17_models/NN) by extensions ['colcon_pkg']
[5.289s] Level 1:colcon.colcon_core.package_identification:_identify(ModelPack/clean_17_models/NN) by extension 'colcon_pkg'
[5.289s] Level 1:colcon.colcon_core.package_identification:_identify(ModelPack/clean_17_models/NN) by extensions ['colcon_meta']
[5.289s] Level 1:colcon.colcon_core.package_identification:_identify(ModelPack/clean_17_models/NN) by extension 'colcon_meta'
[5.289s] Level 1:colcon.colcon_core.package_identification:_identify(ModelPack/clean_17_models/NN) by extensions ['ros']
[5.289s] Level 1:colcon.colcon_core.package_identification:_identify(ModelPack/clean_17_models/NN) by extension 'ros'
[5.289s] Level 1:colcon.colcon_core.package_identification:_identify(ModelPack/clean_17_models/NN) by extensions ['cmake', 'python']
[5.289s] Level 1:colcon.colcon_core.package_identification:_identify(ModelPack/clean_17_models/NN) by extension 'cmake'
[5.289s] Level 1:colcon.colcon_core.package_identification:_identify(ModelPack/clean_17_models/NN) by extension 'python'
[5.289s] Level 1:colcon.colcon_core.package_identification:_identify(ModelPack/clean_17_models/NN) by extensions ['python_setup_py']
[5.290s] Level 1:colcon.colcon_core.package_identification:_identify(ModelPack/clean_17_models/NN) by extension 'python_setup_py'
[5.290s] Level 1:colcon.colcon_core.package_identification:_identify(ModelPack/clean_17_models/Random Forest) by extensions ['ignore', 'ignore_ament_install']
[5.290s] Level 1:colcon.colcon_core.package_identification:_identify(ModelPack/clean_17_models/Random Forest) by extension 'ignore'
[5.290s] Level 1:colcon.colcon_core.package_identification:_identify(ModelPack/clean_17_models/Random Forest) by extension 'ignore_ament_install'
[5.290s] Level 1:colcon.colcon_core.package_identification:_identify(ModelPack/clean_17_models/Random Forest) by extensions ['colcon_pkg']
[5.290s] Level 1:colcon.colcon_core.package_identification:_identify(ModelPack/clean_17_models/Random Forest) by extension 'colcon_pkg'
[5.290s] Level 1:colcon.colcon_core.package_identification:_identify(ModelPack/clean_17_models/Random Forest) by extensions ['colcon_meta']
[5.290s] Level 1:colcon.colcon_core.package_identification:_identify(ModelPack/clean_17_models/Random Forest) by extension 'colcon_meta'
[5.290s] Level 1:colcon.colcon_core.package_identification:_identify(ModelPack/clean_17_models/Random Forest) by extensions ['ros']
[5.290s] Level 1:colcon.colcon_core.package_identification:_identify(ModelPack/clean_17_models/Random Forest) by extension 'ros'
[5.290s] Level 1:colcon.colcon_core.package_identification:_identify(ModelPack/clean_17_models/Random Forest) by extensions ['cmake', 'python']
[5.290s] Level 1:colcon.colcon_core.package_identification:_identify(ModelPack/clean_17_models/Random Forest) by extension 'cmake'
[5.290s] Level 1:colcon.colcon_core.package_identification:_identify(ModelPack/clean_17_models/Random Forest) by extension 'python'
[5.290s] Level 1:colcon.colcon_core.package_identification:_identify(ModelPack/clean_17_models/Random Forest) by extensions ['python_setup_py']
[5.290s] Level 1:colcon.colcon_core.package_identification:_identify(ModelPack/clean_17_models/Random Forest) by extension 'python_setup_py'
[5.290s] Level 1:colcon.colcon_core.package_identification:_identify(ModelPack/clean_17_models/SVM) by extensions ['ignore', 'ignore_ament_install']
[5.290s] Level 1:colcon.colcon_core.package_identification:_identify(ModelPack/clean_17_models/SVM) by extension 'ignore'
[5.290s] Level 1:colcon.colcon_core.package_identification:_identify(ModelPack/clean_17_models/SVM) by extension 'ignore_ament_install'
[5.290s] Level 1:colcon.colcon_core.package_identification:_identify(ModelPack/clean_17_models/SVM) by extensions ['colcon_pkg']
[5.290s] Level 1:colcon.colcon_core.package_identification:_identify(ModelPack/clean_17_models/SVM) by extension 'colcon_pkg'
[5.290s] Level 1:colcon.colcon_core.package_identification:_identify(ModelPack/clean_17_models/SVM) by extensions ['colcon_meta']
[5.290s] Level 1:colcon.colcon_core.package_identification:_identify(ModelPack/clean_17_models/SVM) by extension 'colcon_meta'
[5.290s] Level 1:colcon.colcon_core.package_identification:_identify(ModelPack/clean_17_models/SVM) by extensions ['ros']
[5.290s] Level 1:colcon.colcon_core.package_identification:_identify(ModelPack/clean_17_models/SVM) by extension 'ros'
[5.290s] Level 1:colcon.colcon_core.package_identification:_identify(ModelPack/clean_17_models/SVM) by extensions ['cmake', 'python']
[5.290s] Level 1:colcon.colcon_core.package_identification:_identify(ModelPack/clean_17_models/SVM) by extension 'cmake'
[5.291s] Level 1:colcon.colcon_core.package_identification:_identify(ModelPack/clean_17_models/SVM) by extension 'python'
[5.291s] Level 1:colcon.colcon_core.package_identification:_identify(ModelPack/clean_17_models/SVM) by extensions ['python_setup_py']
[5.291s] Level 1:colcon.colcon_core.package_identification:_identify(ModelPack/clean_17_models/SVM) by extension 'python_setup_py'
[5.291s] Level 1:colcon.colcon_core.package_identification:_identify(ModelPack/clean_18_models) by extensions ['ignore', 'ignore_ament_install']
[5.291s] Level 1:colcon.colcon_core.package_identification:_identify(ModelPack/clean_18_models) by extension 'ignore'
[5.291s] Level 1:colcon.colcon_core.package_identification:_identify(ModelPack/clean_18_models) by extension 'ignore_ament_install'
[5.291s] Level 1:colcon.colcon_core.package_identification:_identify(ModelPack/clean_18_models) by extensions ['colcon_pkg']
[5.291s] Level 1:colcon.colcon_core.package_identification:_identify(ModelPack/clean_18_models) by extension 'colcon_pkg'
[5.291s] Level 1:colcon.colcon_core.package_identification:_identify(ModelPack/clean_18_models) by extensions ['colcon_meta']
[5.291s] Level 1:colcon.colcon_core.package_identification:_identify(ModelPack/clean_18_models) by extension 'colcon_meta'
[5.291s] Level 1:colcon.colcon_core.package_identification:_identify(ModelPack/clean_18_models) by extensions ['ros']
[5.291s] Level 1:colcon.colcon_core.package_identification:_identify(ModelPack/clean_18_models) by extension 'ros'
[5.291s] Level 1:colcon.colcon_core.package_identification:_identify(ModelPack/clean_18_models) by extensions ['cmake', 'python']
[5.291s] Level 1:colcon.colcon_core.package_identification:_identify(ModelPack/clean_18_models) by extension 'cmake'
[5.291s] Level 1:colcon.colcon_core.package_identification:_identify(ModelPack/clean_18_models) by extension 'python'
[5.291s] Level 1:colcon.colcon_core.package_identification:_identify(ModelPack/clean_18_models) by extensions ['python_setup_py']
[5.291s] Level 1:colcon.colcon_core.package_identification:_identify(ModelPack/clean_18_models) by extension 'python_setup_py'
[5.291s] Level 1:colcon.colcon_core.package_identification:_identify(ModelPack/clean_18_models/Log regression) by extensions ['ignore', 'ignore_ament_install']
[5.291s] Level 1:colcon.colcon_core.package_identification:_identify(ModelPack/clean_18_models/Log regression) by extension 'ignore'
[5.291s] Level 1:colcon.colcon_core.package_identification:_identify(ModelPack/clean_18_models/Log regression) by extension 'ignore_ament_install'
[5.291s] Level 1:colcon.colcon_core.package_identification:_identify(ModelPack/clean_18_models/Log regression) by extensions ['colcon_pkg']
[5.291s] Level 1:colcon.colcon_core.package_identification:_identify(ModelPack/clean_18_models/Log regression) by extension 'colcon_pkg'
[5.291s] Level 1:colcon.colcon_core.package_identification:_identify(ModelPack/clean_18_models/Log regression) by extensions ['colcon_meta']
[5.291s] Level 1:colcon.colcon_core.package_identification:_identify(ModelPack/clean_18_models/Log regression) by extension 'colcon_meta'
[5.291s] Level 1:colcon.colcon_core.package_identification:_identify(ModelPack/clean_18_models/Log regression) by extensions ['ros']
[5.291s] Level 1:colcon.colcon_core.package_identification:_identify(ModelPack/clean_18_models/Log regression) by extension 'ros'
[5.291s] Level 1:colcon.colcon_core.package_identification:_identify(ModelPack/clean_18_models/Log regression) by extensions ['cmake', 'python']
[5.292s] Level 1:colcon.colcon_core.package_identification:_identify(ModelPack/clean_18_models/Log regression) by extension 'cmake'
[5.292s] Level 1:colcon.colcon_core.package_identification:_identify(ModelPack/clean_18_models/Log regression) by extension 'python'
[5.292s] Level 1:colcon.colcon_core.package_identification:_identify(ModelPack/clean_18_models/Log regression) by extensions ['python_setup_py']
[5.292s] Level 1:colcon.colcon_core.package_identification:_identify(ModelPack/clean_18_models/Log regression) by extension 'python_setup_py'
[5.292s] Level 1:colcon.colcon_core.package_identification:_identify(ModelPack/clean_18_models/NN) by extensions ['ignore', 'ignore_ament_install']
[5.292s] Level 1:colcon.colcon_core.package_identification:_identify(ModelPack/clean_18_models/NN) by extension 'ignore'
[5.292s] Level 1:colcon.colcon_core.package_identification:_identify(ModelPack/clean_18_models/NN) by extension 'ignore_ament_install'
[5.292s] Level 1:colcon.colcon_core.package_identification:_identify(ModelPack/clean_18_models/NN) by extensions ['colcon_pkg']
[5.292s] Level 1:colcon.colcon_core.package_identification:_identify(ModelPack/clean_18_models/NN) by extension 'colcon_pkg'
[5.292s] Level 1:colcon.colcon_core.package_identification:_identify(ModelPack/clean_18_models/NN) by extensions ['colcon_meta']
[5.292s] Level 1:colcon.colcon_core.package_identification:_identify(ModelPack/clean_18_models/NN) by extension 'colcon_meta'
[5.292s] Level 1:colcon.colcon_core.package_identification:_identify(ModelPack/clean_18_models/NN) by extensions ['ros']
[5.292s] Level 1:colcon.colcon_core.package_identification:_identify(ModelPack/clean_18_models/NN) by extension 'ros'
[5.292s] Level 1:colcon.colcon_core.package_identification:_identify(ModelPack/clean_18_models/NN) by extensions ['cmake', 'python']
[5.292s] Level 1:colcon.colcon_core.package_identification:_identify(ModelPack/clean_18_models/NN) by extension 'cmake'
[5.292s] Level 1:colcon.colcon_core.package_identification:_identify(ModelPack/clean_18_models/NN) by extension 'python'
[5.292s] Level 1:colcon.colcon_core.package_identification:_identify(ModelPack/clean_18_models/NN) by extensions ['python_setup_py']
[5.292s] Level 1:colcon.colcon_core.package_identification:_identify(ModelPack/clean_18_models/NN) by extension 'python_setup_py'
[5.292s] Level 1:colcon.colcon_core.package_identification:_identify(ModelPack/clean_18_models/Random Forest) by extensions ['ignore', 'ignore_ament_install']
[5.292s] Level 1:colcon.colcon_core.package_identification:_identify(ModelPack/clean_18_models/Random Forest) by extension 'ignore'
[5.292s] Level 1:colcon.colcon_core.package_identification:_identify(ModelPack/clean_18_models/Random Forest) by extension 'ignore_ament_install'
[5.292s] Level 1:colcon.colcon_core.package_identification:_identify(ModelPack/clean_18_models/Random Forest) by extensions ['colcon_pkg']
[5.292s] Level 1:colcon.colcon_core.package_identification:_identify(ModelPack/clean_18_models/Random Forest) by extension 'colcon_pkg'
[5.292s] Level 1:colcon.colcon_core.package_identification:_identify(ModelPack/clean_18_models/Random Forest) by extensions ['colcon_meta']
[5.292s] Level 1:colcon.colcon_core.package_identification:_identify(ModelPack/clean_18_models/Random Forest) by extension 'colcon_meta'
[5.292s] Level 1:colcon.colcon_core.package_identification:_identify(ModelPack/clean_18_models/Random Forest) by extensions ['ros']
[5.292s] Level 1:colcon.colcon_core.package_identification:_identify(ModelPack/clean_18_models/Random Forest) by extension 'ros'
[5.293s] Level 1:colcon.colcon_core.package_identification:_identify(ModelPack/clean_18_models/Random Forest) by extensions ['cmake', 'python']
[5.293s] Level 1:colcon.colcon_core.package_identification:_identify(ModelPack/clean_18_models/Random Forest) by extension 'cmake'
[5.293s] Level 1:colcon.colcon_core.package_identification:_identify(ModelPack/clean_18_models/Random Forest) by extension 'python'
[5.293s] Level 1:colcon.colcon_core.package_identification:_identify(ModelPack/clean_18_models/Random Forest) by extensions ['python_setup_py']
[5.293s] Level 1:colcon.colcon_core.package_identification:_identify(ModelPack/clean_18_models/Random Forest) by extension 'python_setup_py'
[5.293s] Level 1:colcon.colcon_core.package_identification:_identify(ModelPack/clean_18_models/SVM) by extensions ['ignore', 'ignore_ament_install']
[5.293s] Level 1:colcon.colcon_core.package_identification:_identify(ModelPack/clean_18_models/SVM) by extension 'ignore'
[5.293s] Level 1:colcon.colcon_core.package_identification:_identify(ModelPack/clean_18_models/SVM) by extension 'ignore_ament_install'
[5.293s] Level 1:colcon.colcon_core.package_identification:_identify(ModelPack/clean_18_models/SVM) by extensions ['colcon_pkg']
[5.293s] Level 1:colcon.colcon_core.package_identification:_identify(ModelPack/clean_18_models/SVM) by extension 'colcon_pkg'
[5.293s] Level 1:colcon.colcon_core.package_identification:_identify(ModelPack/clean_18_models/SVM) by extensions ['colcon_meta']
[5.293s] Level 1:colcon.colcon_core.package_identification:_identify(ModelPack/clean_18_models/SVM) by extension 'colcon_meta'
[5.293s] Level 1:colcon.colcon_core.package_identification:_identify(ModelPack/clean_18_models/SVM) by extensions ['ros']
[5.293s] Level 1:colcon.colcon_core.package_identification:_identify(ModelPack/clean_18_models/SVM) by extension 'ros'
[5.293s] Level 1:colcon.colcon_core.package_identification:_identify(ModelPack/clean_18_models/SVM) by extensions ['cmake', 'python']
[5.293s] Level 1:colcon.colcon_core.package_identification:_identify(ModelPack/clean_18_models/SVM) by extension 'cmake'
[5.293s] Level 1:colcon.colcon_core.package_identification:_identify(ModelPack/clean_18_models/SVM) by extension 'python'
[5.293s] Level 1:colcon.colcon_core.package_identification:_identify(ModelPack/clean_18_models/SVM) by extensions ['python_setup_py']
[5.293s] Level 1:colcon.colcon_core.package_identification:_identify(ModelPack/clean_18_models/SVM) by extension 'python_setup_py'
[5.293s] Level 1:colcon.colcon_core.package_identification:_identify(build) by extensions ['ignore', 'ignore_ament_install']
[5.293s] Level 1:colcon.colcon_core.package_identification:_identify(build) by extension 'ignore'
[5.293s] Level 1:colcon.colcon_core.package_identification:_identify(build) ignored
[5.293s] Level 1:colcon.colcon_core.package_identification:_identify(install) by extensions ['ignore', 'ignore_ament_install']
[5.293s] Level 1:colcon.colcon_core.package_identification:_identify(install) by extension 'ignore'
[5.293s] Level 1:colcon.colcon_core.package_identification:_identify(install) ignored
[5.294s] Level 1:colcon.colcon_core.package_identification:_identify(log) by extensions ['ignore', 'ignore_ament_install']
[5.294s] Level 1:colcon.colcon_core.package_identification:_identify(log) by extension 'ignore'
[5.294s] Level 1:colcon.colcon_core.package_identification:_identify(log) ignored
[5.294s] Level 1:colcon.colcon_core.package_identification:_identify(src) by extensions ['ignore', 'ignore_ament_install']
[5.294s] Level 1:colcon.colcon_core.package_identification:_identify(src) by extension 'ignore'
[5.294s] Level 1:colcon.colcon_core.package_identification:_identify(src) by extension 'ignore_ament_install'
[5.294s] Level 1:colcon.colcon_core.package_identification:_identify(src) by extensions ['colcon_pkg']
[5.294s] Level 1:colcon.colcon_core.package_identification:_identify(src) by extension 'colcon_pkg'
[5.294s] Level 1:colcon.colcon_core.package_identification:_identify(src) by extensions ['colcon_meta']
[5.294s] Level 1:colcon.colcon_core.package_identification:_identify(src) by extension 'colcon_meta'
[5.294s] Level 1:colcon.colcon_core.package_identification:_identify(src) by extensions ['ros']
[5.294s] Level 1:colcon.colcon_core.package_identification:_identify(src) by extension 'ros'
[5.294s] Level 1:colcon.colcon_core.package_identification:_identify(src) by extensions ['cmake', 'python']
[5.294s] Level 1:colcon.colcon_core.package_identification:_identify(src) by extension 'cmake'
[5.294s] Level 1:colcon.colcon_core.package_identification:_identify(src) by extension 'python'
[5.294s] Level 1:colcon.colcon_core.package_identification:_identify(src) by extensions ['python_setup_py']
[5.294s] Level 1:colcon.colcon_core.package_identification:_identify(src) by extension 'python_setup_py'
[5.294s] Level 1:colcon.colcon_core.package_identification:_identify(src/NIDS_PKG) by extensions ['ignore', 'ignore_ament_install']
[5.294s] Level 1:colcon.colcon_core.package_identification:_identify(src/NIDS_PKG) by extension 'ignore'
[5.295s] Level 1:colcon.colcon_core.package_identification:_identify(src/NIDS_PKG) by extension 'ignore_ament_install'
[5.295s] Level 1:colcon.colcon_core.package_identification:_identify(src/NIDS_PKG) by extensions ['colcon_pkg']
[5.295s] Level 1:colcon.colcon_core.package_identification:_identify(src/NIDS_PKG) by extension 'colcon_pkg'
[5.295s] Level 1:colcon.colcon_core.package_identification:_identify(src/NIDS_PKG) by extensions ['colcon_meta']
[5.295s] Level 1:colcon.colcon_core.package_identification:_identify(src/NIDS_PKG) by extension 'colcon_meta'
[5.295s] Level 1:colcon.colcon_core.package_identification:_identify(src/NIDS_PKG) by extensions ['ros']
[5.295s] Level 1:colcon.colcon_core.package_identification:_identify(src/NIDS_PKG) by extension 'ros'
[5.308s] DEBUG:colcon.colcon_core.package_identification:Package 'src/NIDS_PKG' with type 'ros.ament_python' and name 'NIDS_PKG'
[5.308s] Level 1:colcon.colcon_core.package_discovery:discover_packages(recursive) using defaults
[5.308s] Level 1:colcon.colcon_core.package_discovery:discover_packages(ignore) discover
[5.308s] Level 1:colcon.colcon_core.package_discovery:discover_packages(ignore) using defaults
[5.308s] Level 1:colcon.colcon_core.package_discovery:discover_packages(path) discover
[5.308s] Level 1:colcon.colcon_core.package_discovery:discover_packages(path) using defaults
[5.448s] Level 5:colcon.colcon_core.verb:set package 'NIDS_PKG' build argument 'cmake_args' from command line to 'None'
[5.448s] Level 5:colcon.colcon_core.verb:set package 'NIDS_PKG' build argument 'cmake_target' from command line to 'None'
[5.448s] Level 5:colcon.colcon_core.verb:set package 'NIDS_PKG' build argument 'cmake_target_skip_unavailable' from command line to 'False'
[5.448s] Level 5:colcon.colcon_core.verb:set package 'NIDS_PKG' build argument 'cmake_clean_cache' from command line to 'False'
[5.448s] Level 5:colcon.colcon_core.verb:set package 'NIDS_PKG' build argument 'cmake_clean_first' from command line to 'False'
[5.448s] Level 5:colcon.colcon_core.verb:set package 'NIDS_PKG' build argument 'cmake_force_configure' from command line to 'False'
[5.448s] Level 5:colcon.colcon_core.verb:set package 'NIDS_PKG' build argument 'ament_cmake_args' from command line to 'None'
[5.448s] Level 5:colcon.colcon_core.verb:set package 'NIDS_PKG' build argument 'catkin_cmake_args' from command line to 'None'
[5.448s] Level 5:colcon.colcon_core.verb:set package 'NIDS_PKG' build argument 'catkin_skip_building_tests' from command line to 'False'
[5.448s] DEBUG:colcon.colcon_core.verb:Building package 'NIDS_PKG' with the following arguments: {'ament_cmake_args': None, 'build_base': '/home/gmo-pop/Desktop/DistriLearn/build/NIDS_PKG', 'catkin_cmake_args': None, 'catkin_skip_building_tests': False, 'cmake_args': None, 'cmake_clean_cache': False, 'cmake_clean_first': False, 'cmake_force_configure': False, 'cmake_target': None, 'cmake_target_skip_unavailable': False, 'install_base': '/home/gmo-pop/Desktop/DistriLearn/install/NIDS_PKG', 'merge_install': False, 'path': '/home/gmo-pop/Desktop/DistriLearn/src/NIDS_PKG', 'symlink_install': False, 'test_result_base': None}
[5.465s] INFO:colcon.colcon_core.executor:Executing jobs using 'parallel' executor
[5.483s] DEBUG:colcon.colcon_parallel_executor.executor.parallel:run_until_complete
[5.483s] INFO:colcon.colcon_ros.task.ament_python.build:Building ROS package in '/home/gmo-pop/Desktop/DistriLearn/src/NIDS_PKG' with build type 'ament_python'
[5.483s] Level 1:colcon.colcon_core.shell:create_environment_hook('NIDS_PKG', 'ament_prefix_path')
[5.516s] INFO:colcon.colcon_core.plugin_system:Skipping extension 'colcon_core.shell.bat': Not used on non-Windows systems
[5.516s] INFO:colcon.colcon_core.shell:Creating environment hook '/home/gmo-pop/Desktop/DistriLearn/install/NIDS_PKG/share/NIDS_PKG/hook/ament_prefix_path.ps1'
[5.535s] INFO:colcon.colcon_core.shell:Creating environment descriptor '/home/gmo-pop/Desktop/DistriLearn/install/NIDS_PKG/share/NIDS_PKG/hook/ament_prefix_path.dsv'
[5.554s] INFO:colcon.colcon_core.shell:Creating environment hook '/home/gmo-pop/Desktop/DistriLearn/install/NIDS_PKG/share/NIDS_PKG/hook/ament_prefix_path.sh'
[5.571s] INFO:colcon.colcon_core.shell:Skip shell extension 'powershell' for command environment: Not usable outside of PowerShell
[5.571s] DEBUG:colcon.colcon_core.shell:Skip shell extension 'dsv' for command environment
[5.898s] INFO:colcon.colcon_core.task.python.build:Building Python package in '/home/gmo-pop/Desktop/DistriLearn/src/NIDS_PKG'
[5.916s] INFO:colcon.colcon_core.shell:Skip shell extension 'powershell' for command environment: Not usable outside of PowerShell
[5.916s] DEBUG:colcon.colcon_core.shell:Skip shell extension 'dsv' for command environment
[6.594s] DEBUG:colcon.colcon_core.event_handler.log_command:Invoking command in '/home/gmo-pop/Desktop/DistriLearn/src/NIDS_PKG': PYTHONPATH=/home/gmo-pop/Desktop/DistriLearn/build/NIDS_PKG/prefix_override:/home/gmo-pop/Desktop/DistriLearn/install/NIDS_PKG/lib/python3.10/site-packages:${PYTHONPATH} /usr/bin/python3 setup.py egg_info --egg-base ../../build/NIDS_PKG build --build-base /home/gmo-pop/Desktop/DistriLearn/build/NIDS_PKG/build install --record /home/gmo-pop/Desktop/DistriLearn/build/NIDS_PKG/install.log --install-scripts $base/lib/NIDS_PKG --single-version-externally-managed
[6.911s] DEBUG:colcon.colcon_core.event_handler.log_command:Invoked command in '/home/gmo-pop/Desktop/DistriLearn/src/NIDS_PKG' returned '0': PYTHONPATH=/home/gmo-pop/Desktop/DistriLearn/build/NIDS_PKG/prefix_override:/home/gmo-pop/Desktop/DistriLearn/install/NIDS_PKG/lib/python3.10/site-packages:${PYTHONPATH} /usr/bin/python3 setup.py egg_info --egg-base ../../build/NIDS_PKG build --build-base /home/gmo-pop/Desktop/DistriLearn/build/NIDS_PKG/build install --record /home/gmo-pop/Desktop/DistriLearn/build/NIDS_PKG/install.log --install-scripts $base/lib/NIDS_PKG --single-version-externally-managed
[7.006s] Level 1:colcon.colcon_core.environment:checking '/home/gmo-pop/Desktop/DistriLearn/install/NIDS_PKG' for CMake module files
[7.006s] Level 1:colcon.colcon_core.environment:checking '/home/gmo-pop/Desktop/DistriLearn/install/NIDS_PKG' for CMake config files
[7.007s] Level 1:colcon.colcon_core.environment:checking '/home/gmo-pop/Desktop/DistriLearn/install/NIDS_PKG/lib'
[7.007s] Level 1:colcon.colcon_core.environment:checking '/home/gmo-pop/Desktop/DistriLearn/install/NIDS_PKG/bin'
[7.007s] Level 1:colcon.colcon_core.environment:checking '/home/gmo-pop/Desktop/DistriLearn/install/NIDS_PKG/lib/pkgconfig/NIDS_PKG.pc'
[7.007s] Level 1:colcon.colcon_core.environment:checking '/home/gmo-pop/Desktop/DistriLearn/install/NIDS_PKG/lib/python3.10/site-packages'
[7.008s] Level 1:colcon.colcon_core.shell:create_environment_hook('NIDS_PKG', 'pythonpath')
[7.034s] INFO:colcon.colcon_core.shell:Creating environment hook '/home/gmo-pop/Desktop/DistriLearn/install/NIDS_PKG/share/NIDS_PKG/hook/pythonpath.ps1'
[7.035s] INFO:colcon.colcon_core.shell:Creating environment descriptor '/home/gmo-pop/Desktop/DistriLearn/install/NIDS_PKG/share/NIDS_PKG/hook/pythonpath.dsv'
[7.035s] INFO:colcon.colcon_core.shell:Creating environment hook '/home/gmo-pop/Desktop/DistriLearn/install/NIDS_PKG/share/NIDS_PKG/hook/pythonpath.sh'
[7.036s] Level 1:colcon.colcon_core.environment:checking '/home/gmo-pop/Desktop/DistriLearn/install/NIDS_PKG/bin'
[7.036s] Level 1:colcon.colcon_core.environment:create_environment_scripts_only(NIDS_PKG)
[7.058s] INFO:colcon.colcon_core.shell:Creating package script '/home/gmo-pop/Desktop/DistriLearn/install/NIDS_PKG/share/NIDS_PKG/package.ps1'
[7.059s] INFO:colcon.colcon_core.shell:Creating package descriptor '/home/gmo-pop/Desktop/DistriLearn/install/NIDS_PKG/share/NIDS_PKG/package.dsv'
[7.059s] INFO:colcon.colcon_core.shell:Creating package script '/home/gmo-pop/Desktop/DistriLearn/install/NIDS_PKG/share/NIDS_PKG/package.sh'
[7.060s] INFO:colcon.colcon_core.shell:Creating package script '/home/gmo-pop/Desktop/DistriLearn/install/NIDS_PKG/share/NIDS_PKG/package.bash'
[7.074s] INFO:colcon.colcon_core.shell:Creating package script '/home/gmo-pop/Desktop/DistriLearn/install/NIDS_PKG/share/NIDS_PKG/package.zsh'
[7.102s] Level 1:colcon.colcon_core.environment:create_file_with_runtime_dependencies(/home/gmo-pop/Desktop/DistriLearn/install/NIDS_PKG/share/colcon-core/packages/NIDS_PKG)
[7.102s] DEBUG:colcon.colcon_parallel_executor.executor.parallel:closing loop
[7.103s] DEBUG:colcon.colcon_parallel_executor.executor.parallel:loop closed
[7.103s] DEBUG:colcon.colcon_parallel_executor.executor.parallel:run_until_complete finished with '0'
[7.103s] DEBUG:colcon.colcon_core.event_reactor:joining thread
[7.170s] INFO:colcon.colcon_core.plugin_system:Skipping extension 'colcon_notification.desktop_notification.notify_send': Could not find 'notify-send'
[7.170s] INFO:colcon.colcon_core.plugin_system:Skipping extension 'colcon_notification.desktop_notification.terminal_notifier': Not used on non-Darwin systems
[7.170s] INFO:colcon.colcon_core.plugin_system:Skipping extension 'colcon_notification.desktop_notification.win32': Not used on non-Windows systems
[7.170s] INFO:colcon.colcon_notification.desktop_notification:Sending desktop notification using 'notify2'
[7.193s] DEBUG:colcon.colcon_core.event_reactor:joined thread
[7.220s] INFO:colcon.colcon_core.shell:Creating prefix script '/home/gmo-pop/Desktop/DistriLearn/install/local_setup.ps1'
[7.221s] INFO:colcon.colcon_core.shell:Creating prefix util module '/home/gmo-pop/Desktop/DistriLearn/install/_local_setup_util_ps1.py'
[7.223s] INFO:colcon.colcon_core.shell:Creating prefix chain script '/home/gmo-pop/Desktop/DistriLearn/install/setup.ps1'
[7.249s] INFO:colcon.colcon_core.shell:Creating prefix script '/home/gmo-pop/Desktop/DistriLearn/install/local_setup.sh'
[7.249s] INFO:colcon.colcon_core.shell:Creating prefix util module '/home/gmo-pop/Desktop/DistriLearn/install/_local_setup_util_sh.py'
[7.250s] INFO:colcon.colcon_core.shell:Creating prefix chain script '/home/gmo-pop/Desktop/DistriLearn/install/setup.sh'
[7.267s] INFO:colcon.colcon_core.shell:Creating prefix script '/home/gmo-pop/Desktop/DistriLearn/install/local_setup.bash'
[7.268s] INFO:colcon.colcon_core.shell:Creating prefix chain script '/home/gmo-pop/Desktop/DistriLearn/install/setup.bash'
[7.285s] INFO:colcon.colcon_core.shell:Creating prefix script '/home/gmo-pop/Desktop/DistriLearn/install/local_setup.zsh'
[7.285s] INFO:colcon.colcon_core.shell:Creating prefix chain script '/home/gmo-pop/Desktop/DistriLearn/install/setup.zsh'
