[1.132s] DEBUG:colcon:Command line arguments: ['/usr/bin/colcon', 'build']
[1.133s] DEBUG:colcon:Parsed command line arguments: Namespace(log_base=None, log_level=None, verb_name='build', build_base='build', install_base='install', merge_install=False, symlink_install=False, test_result_base=None, continue_on_error=False, executor='parallel', parallel_workers=16, event_handlers=None, ignore_user_meta=False, metas=['./colcon.meta'], base_paths=['.'], packages_ignore=None, packages_ignore_regex=None, paths=None, packages_up_to=None, packages_up_to_regex=None, packages_above=None, packages_above_and_dependencies=None, packages_above_depth=None, packages_select_by_dep=None, packages_skip_by_dep=None, packages_skip_up_to=None, packages_select_build_failed=False, packages_skip_build_finished=False, packages_select_test_failures=False, packages_skip_test_passed=False, packages_select=None, packages_skip=None, packages_select_regex=None, packages_skip_regex=None, packages_start=None, packages_end=None, cmake_args=None, cmake_target=None, cmake_target_skip_unavailable=False, cmake_clean_cache=False, cmake_clean_first=False, cmake_force_configure=False, ament_cmake_args=None, catkin_cmake_args=None, catkin_skip_building_tests=False, verb_parser=<colcon_defaults.argument_parser.defaults.DefaultArgumentsDecorator object at 0x7191e2559d80>, verb_extension=<colcon_core.verb.build.BuildVerb object at 0x7191e250cf10>, main=<bound method BuildVerb.main of <colcon_core.verb.build.BuildVerb object at 0x7191e250cf10>>)
[1.180s] Level 1:colcon.colcon_core.package_discovery:discover_packages(colcon_meta) check parameters
[1.180s] Level 1:colcon.colcon_core.package_discovery:discover_packages(recursive) check parameters
[1.180s] Level 1:colcon.colcon_core.package_discovery:discover_packages(ignore) check parameters
[1.180s] Level 1:colcon.colcon_core.package_discovery:discover_packages(path) check parameters
[1.180s] Level 1:colcon.colcon_core.package_discovery:discover_packages(colcon_meta) discover
[1.180s] Level 1:colcon.colcon_core.package_discovery:discover_packages(recursive) discover
[1.180s] INFO:colcon.colcon_core.package_discovery:Crawling recursively for packages in '/home/gmo-pop/Desktop/DistriLearn'
[1.180s] Level 1:colcon.colcon_core.package_identification:_identify(.) by extensions ['ignore', 'ignore_ament_install']
[1.180s] Level 1:colcon.colcon_core.package_identification:_identify(.) by extension 'ignore'
[1.181s] Level 1:colcon.colcon_core.package_identification:_identify(.) by extension 'ignore_ament_install'
[1.181s] Level 1:colcon.colcon_core.package_identification:_identify(.) by extensions ['colcon_pkg']
[1.181s] Level 1:colcon.colcon_core.package_identification:_identify(.) by extension 'colcon_pkg'
[1.181s] Level 1:colcon.colcon_core.package_identification:_identify(.) by extensions ['colcon_meta']
[1.181s] Level 1:colcon.colcon_core.package_identification:_identify(.) by extension 'colcon_meta'
[1.181s] Level 1:colcon.colcon_core.package_identification:_identify(.) by extensions ['ros']
[1.181s] Level 1:colcon.colcon_core.package_identification:_identify(.) by extension 'ros'
[1.189s] Level 1:colcon.colcon_core.package_identification:_identify(.) by extensions ['cmake', 'python']
[1.189s] Level 1:colcon.colcon_core.package_identification:_identify(.) by extension 'cmake'
[1.189s] Level 1:colcon.colcon_core.package_identification:_identify(.) by extension 'python'
[1.189s] Level 1:colcon.colcon_core.package_identification:_identify(.) by extensions ['python_setup_py']
[1.189s] Level 1:colcon.colcon_core.package_identification:_identify(.) by extension 'python_setup_py'
[1.189s] Level 1:colcon.colcon_core.package_identification:_identify(ModelPack) by extensions ['ignore', 'ignore_ament_install']
[1.189s] Level 1:colcon.colcon_core.package_identification:_identify(ModelPack) by extension 'ignore'
[1.189s] Level 1:colcon.colcon_core.package_identification:_identify(ModelPack) by extension 'ignore_ament_install'
[1.189s] Level 1:colcon.colcon_core.package_identification:_identify(ModelPack) by extensions ['colcon_pkg']
[1.189s] Level 1:colcon.colcon_core.package_identification:_identify(ModelPack) by extension 'colcon_pkg'
[1.189s] Level 1:colcon.colcon_core.package_identification:_identify(ModelPack) by extensions ['colcon_meta']
[1.189s] Level 1:colcon.colcon_core.package_identification:_identify(ModelPack) by extension 'colcon_meta'
[1.189s] Level 1:colcon.colcon_core.package_identification:_identify(ModelPack) by extensions ['ros']
[1.189s] Level 1:colcon.colcon_core.package_identification:_identify(ModelPack) by extension 'ros'
[1.189s] Level 1:colcon.colcon_core.package_identification:_identify(ModelPack) by extensions ['cmake', 'python']
[1.189s] Level 1:colcon.colcon_core.package_identification:_identify(ModelPack) by extension 'cmake'
[1.189s] Level 1:colcon.colcon_core.package_identification:_identify(ModelPack) by extension 'python'
[1.189s] Level 1:colcon.colcon_core.package_identification:_identify(ModelPack) by extensions ['python_setup_py']
[1.189s] Level 1:colcon.colcon_core.package_identification:_identify(ModelPack) by extension 'python_setup_py'
[1.189s] Level 1:colcon.colcon_core.package_identification:_identify(ModelPack/17_18_models) by extensions ['ignore', 'ignore_ament_install']
[1.189s] Level 1:colcon.colcon_core.package_identification:_identify(ModelPack/17_18_models) by extension 'ignore'
[1.189s] Level 1:colcon.colcon_core.package_identification:_identify(ModelPack/17_18_models) by extension 'ignore_ament_install'
[1.189s] Level 1:colcon.colcon_core.package_identification:_identify(ModelPack/17_18_models) by extensions ['colcon_pkg']
[1.189s] Level 1:colcon.colcon_core.package_identification:_identify(ModelPack/17_18_models) by extension 'colcon_pkg'
[1.189s] Level 1:colcon.colcon_core.package_identification:_identify(ModelPack/17_18_models) by extensions ['colcon_meta']
[1.189s] Level 1:colcon.colcon_core.package_identification:_identify(ModelPack/17_18_models) by extension 'colcon_meta'
[1.189s] Level 1:colcon.colcon_core.package_identification:_identify(ModelPack/17_18_models) by extensions ['ros']
[1.189s] Level 1:colcon.colcon_core.package_identification:_identify(ModelPack/17_18_models) by extension 'ros'
[1.190s] Level 1:colcon.colcon_core.package_identification:_identify(ModelPack/17_18_models) by extensions ['cmake', 'python']
[1.190s] Level 1:colcon.colcon_core.package_identification:_identify(ModelPack/17_18_models) by extension 'cmake'
[1.190s] Level 1:colcon.colcon_core.package_identification:_identify(ModelPack/17_18_models) by extension 'python'
[1.190s] Level 1:colcon.colcon_core.package_identification:_identify(ModelPack/17_18_models) by extensions ['python_setup_py']
[1.190s] Level 1:colcon.colcon_core.package_identification:_identify(ModelPack/17_18_models) by extension 'python_setup_py'
[1.190s] Level 1:colcon.colcon_core.package_identification:_identify(ModelPack/17_18_models/Log regression) by extensions ['ignore', 'ignore_ament_install']
[1.190s] Level 1:colcon.colcon_core.package_identification:_identify(ModelPack/17_18_models/Log regression) by extension 'ignore'
[1.190s] Level 1:colcon.colcon_core.package_identification:_identify(ModelPack/17_18_models/Log regression) by extension 'ignore_ament_install'
[1.190s] Level 1:colcon.colcon_core.package_identification:_identify(ModelPack/17_18_models/Log regression) by extensions ['colcon_pkg']
[1.190s] Level 1:colcon.colcon_core.package_identification:_identify(ModelPack/17_18_models/Log regression) by extension 'colcon_pkg'
[1.190s] Level 1:colcon.colcon_core.package_identification:_identify(ModelPack/17_18_models/Log regression) by extensions ['colcon_meta']
[1.190s] Level 1:colcon.colcon_core.package_identification:_identify(ModelPack/17_18_models/Log regression) by extension 'colcon_meta'
[1.190s] Level 1:colcon.colcon_core.package_identification:_identify(ModelPack/17_18_models/Log regression) by extensions ['ros']
[1.190s] Level 1:colcon.colcon_core.package_identification:_identify(ModelPack/17_18_models/Log regression) by extension 'ros'
[1.190s] Level 1:colcon.colcon_core.package_identification:_identify(ModelPack/17_18_models/Log regression) by extensions ['cmake', 'python']
[1.190s] Level 1:colcon.colcon_core.package_identification:_identify(ModelPack/17_18_models/Log regression) by extension 'cmake'
[1.190s] Level 1:colcon.colcon_core.package_identification:_identify(ModelPack/17_18_models/Log regression) by extension 'python'
[1.190s] Level 1:colcon.colcon_core.package_identification:_identify(ModelPack/17_18_models/Log regression) by extensions ['python_setup_py']
[1.190s] Level 1:colcon.colcon_core.package_identification:_identify(ModelPack/17_18_models/Log regression) by extension 'python_setup_py'
[1.190s] Level 1:colcon.colcon_core.package_identification:_identify(ModelPack/17_18_models/NN) by extensions ['ignore', 'ignore_ament_install']
[1.190s] Level 1:colcon.colcon_core.package_identification:_identify(ModelPack/17_18_models/NN) by extension 'ignore'
[1.190s] Level 1:colcon.colcon_core.package_identification:_identify(ModelPack/17_18_models/NN) by extension 'ignore_ament_install'
[1.190s] Level 1:colcon.colcon_core.package_identification:_identify(ModelPack/17_18_models/NN) by extensions ['colcon_pkg']
[1.190s] Level 1:colcon.colcon_core.package_identification:_identify(ModelPack/17_18_models/NN) by extension 'colcon_pkg'
[1.190s] Level 1:colcon.colcon_core.package_identification:_identify(ModelPack/17_18_models/NN) by extensions ['colcon_meta']
[1.190s] Level 1:colcon.colcon_core.package_identification:_identify(ModelPack/17_18_models/NN) by extension 'colcon_meta'
[1.190s] Level 1:colcon.colcon_core.package_identification:_identify(ModelPack/17_18_models/NN) by extensions ['ros']
[1.190s] Level 1:colcon.colcon_core.package_identification:_identify(ModelPack/17_18_models/NN) by extension 'ros'
[1.190s] Level 1:colcon.colcon_core.package_identification:_identify(ModelPack/17_18_models/NN) by extensions ['cmake', 'python']
[1.191s] Level 1:colcon.colcon_core.package_identification:_identify(ModelPack/17_18_models/NN) by extension 'cmake'
[1.191s] Level 1:colcon.colcon_core.package_identification:_identify(ModelPack/17_18_models/NN) by extension 'python'
[1.191s] Level 1:colcon.colcon_core.package_identification:_identify(ModelPack/17_18_models/NN) by extensions ['python_setup_py']
[1.191s] Level 1:colcon.colcon_core.package_identification:_identify(ModelPack/17_18_models/NN) by extension 'python_setup_py'
[1.191s] Level 1:colcon.colcon_core.package_identification:_identify(ModelPack/17_18_models/Random Forest) by extensions ['ignore', 'ignore_ament_install']
[1.191s] Level 1:colcon.colcon_core.package_identification:_identify(ModelPack/17_18_models/Random Forest) by extension 'ignore'
[1.191s] Level 1:colcon.colcon_core.package_identification:_identify(ModelPack/17_18_models/Random Forest) by extension 'ignore_ament_install'
[1.191s] Level 1:colcon.colcon_core.package_identification:_identify(ModelPack/17_18_models/Random Forest) by extensions ['colcon_pkg']
[1.191s] Level 1:colcon.colcon_core.package_identification:_identify(ModelPack/17_18_models/Random Forest) by extension 'colcon_pkg'
[1.191s] Level 1:colcon.colcon_core.package_identification:_identify(ModelPack/17_18_models/Random Forest) by extensions ['colcon_meta']
[1.191s] Level 1:colcon.colcon_core.package_identification:_identify(ModelPack/17_18_models/Random Forest) by extension 'colcon_meta'
[1.191s] Level 1:colcon.colcon_core.package_identification:_identify(ModelPack/17_18_models/Random Forest) by extensions ['ros']
[1.191s] Level 1:colcon.colcon_core.package_identification:_identify(ModelPack/17_18_models/Random Forest) by extension 'ros'
[1.191s] Level 1:colcon.colcon_core.package_identification:_identify(ModelPack/17_18_models/Random Forest) by extensions ['cmake', 'python']
[1.191s] Level 1:colcon.colcon_core.package_identification:_identify(ModelPack/17_18_models/Random Forest) by extension 'cmake'
[1.191s] Level 1:colcon.colcon_core.package_identification:_identify(ModelPack/17_18_models/Random Forest) by extension 'python'
[1.191s] Level 1:colcon.colcon_core.package_identification:_identify(ModelPack/17_18_models/Random Forest) by extensions ['python_setup_py']
[1.191s] Level 1:colcon.colcon_core.package_identification:_identify(ModelPack/17_18_models/Random Forest) by extension 'python_setup_py'
[1.191s] Level 1:colcon.colcon_core.package_identification:_identify(ModelPack/17_18_models/SVM) by extensions ['ignore', 'ignore_ament_install']
[1.191s] Level 1:colcon.colcon_core.package_identification:_identify(ModelPack/17_18_models/SVM) by extension 'ignore'
[1.191s] Level 1:colcon.colcon_core.package_identification:_identify(ModelPack/17_18_models/SVM) by extension 'ignore_ament_install'
[1.191s] Level 1:colcon.colcon_core.package_identification:_identify(ModelPack/17_18_models/SVM) by extensions ['colcon_pkg']
[1.191s] Level 1:colcon.colcon_core.package_identification:_identify(ModelPack/17_18_models/SVM) by extension 'colcon_pkg'
[1.191s] Level 1:colcon.colcon_core.package_identification:_identify(ModelPack/17_18_models/SVM) by extensions ['colcon_meta']
[1.191s] Level 1:colcon.colcon_core.package_identification:_identify(ModelPack/17_18_models/SVM) by extension 'colcon_meta'
[1.191s] Level 1:colcon.colcon_core.package_identification:_identify(ModelPack/17_18_models/SVM) by extensions ['ros']
[1.191s] Level 1:colcon.colcon_core.package_identification:_identify(ModelPack/17_18_models/SVM) by extension 'ros'
[1.191s] Level 1:colcon.colcon_core.package_identification:_identify(ModelPack/17_18_models/SVM) by extensions ['cmake', 'python']
[1.191s] Level 1:colcon.colcon_core.package_identification:_identify(ModelPack/17_18_models/SVM) by extension 'cmake'
[1.192s] Level 1:colcon.colcon_core.package_identification:_identify(ModelPack/17_18_models/SVM) by extension 'python'
[1.192s] Level 1:colcon.colcon_core.package_identification:_identify(ModelPack/17_18_models/SVM) by extensions ['python_setup_py']
[1.192s] Level 1:colcon.colcon_core.package_identification:_identify(ModelPack/17_18_models/SVM) by extension 'python_setup_py'
[1.192s] Level 1:colcon.colcon_core.package_identification:_identify(ModelPack/clean_17_models) by extensions ['ignore', 'ignore_ament_install']
[1.192s] Level 1:colcon.colcon_core.package_identification:_identify(ModelPack/clean_17_models) by extension 'ignore'
[1.192s] Level 1:colcon.colcon_core.package_identification:_identify(ModelPack/clean_17_models) by extension 'ignore_ament_install'
[1.192s] Level 1:colcon.colcon_core.package_identification:_identify(ModelPack/clean_17_models) by extensions ['colcon_pkg']
[1.192s] Level 1:colcon.colcon_core.package_identification:_identify(ModelPack/clean_17_models) by extension 'colcon_pkg'
[1.192s] Level 1:colcon.colcon_core.package_identification:_identify(ModelPack/clean_17_models) by extensions ['colcon_meta']
[1.192s] Level 1:colcon.colcon_core.package_identification:_identify(ModelPack/clean_17_models) by extension 'colcon_meta'
[1.192s] Level 1:colcon.colcon_core.package_identification:_identify(ModelPack/clean_17_models) by extensions ['ros']
[1.192s] Level 1:colcon.colcon_core.package_identification:_identify(ModelPack/clean_17_models) by extension 'ros'
[1.192s] Level 1:colcon.colcon_core.package_identification:_identify(ModelPack/clean_17_models) by extensions ['cmake', 'python']
[1.192s] Level 1:colcon.colcon_core.package_identification:_identify(ModelPack/clean_17_models) by extension 'cmake'
[1.192s] Level 1:colcon.colcon_core.package_identification:_identify(ModelPack/clean_17_models) by extension 'python'
[1.192s] Level 1:colcon.colcon_core.package_identification:_identify(ModelPack/clean_17_models) by extensions ['python_setup_py']
[1.192s] Level 1:colcon.colcon_core.package_identification:_identify(ModelPack/clean_17_models) by extension 'python_setup_py'
[1.192s] Level 1:colcon.colcon_core.package_identification:_identify(ModelPack/clean_17_models/Log regression) by extensions ['ignore', 'ignore_ament_install']
[1.192s] Level 1:colcon.colcon_core.package_identification:_identify(ModelPack/clean_17_models/Log regression) by extension 'ignore'
[1.192s] Level 1:colcon.colcon_core.package_identification:_identify(ModelPack/clean_17_models/Log regression) by extension 'ignore_ament_install'
[1.192s] Level 1:colcon.colcon_core.package_identification:_identify(ModelPack/clean_17_models/Log regression) by extensions ['colcon_pkg']
[1.192s] Level 1:colcon.colcon_core.package_identification:_identify(ModelPack/clean_17_models/Log regression) by extension 'colcon_pkg'
[1.192s] Level 1:colcon.colcon_core.package_identification:_identify(ModelPack/clean_17_models/Log regression) by extensions ['colcon_meta']
[1.192s] Level 1:colcon.colcon_core.package_identification:_identify(ModelPack/clean_17_models/Log regression) by extension 'colcon_meta'
[1.192s] Level 1:colcon.colcon_core.package_identification:_identify(ModelPack/clean_17_models/Log regression) by extensions ['ros']
[1.192s] Level 1:colcon.colcon_core.package_identification:_identify(ModelPack/clean_17_models/Log regression) by extension 'ros'
[1.192s] Level 1:colcon.colcon_core.package_identification:_identify(ModelPack/clean_17_models/Log regression) by extensions ['cmake', 'python']
[1.192s] Level 1:colcon.colcon_core.package_identification:_identify(ModelPack/clean_17_models/Log regression) by extension 'cmake'
[1.192s] Level 1:colcon.colcon_core.package_identification:_identify(ModelPack/clean_17_models/Log regression) by extension 'python'
[1.192s] Level 1:colcon.colcon_core.package_identification:_identify(ModelPack/clean_17_models/Log regression) by extensions ['python_setup_py']
[1.192s] Level 1:colcon.colcon_core.package_identification:_identify(ModelPack/clean_17_models/Log regression) by extension 'python_setup_py'
[1.193s] Level 1:colcon.colcon_core.package_identification:_identify(ModelPack/clean_17_models/NN) by extensions ['ignore', 'ignore_ament_install']
[1.193s] Level 1:colcon.colcon_core.package_identification:_identify(ModelPack/clean_17_models/NN) by extension 'ignore'
[1.193s] Level 1:colcon.colcon_core.package_identification:_identify(ModelPack/clean_17_models/NN) by extension 'ignore_ament_install'
[1.193s] Level 1:colcon.colcon_core.package_identification:_identify(ModelPack/clean_17_models/NN) by extensions ['colcon_pkg']
[1.193s] Level 1:colcon.colcon_core.package_identification:_identify(ModelPack/clean_17_models/NN) by extension 'colcon_pkg'
[1.193s] Level 1:colcon.colcon_core.package_identification:_identify(ModelPack/clean_17_models/NN) by extensions ['colcon_meta']
[1.193s] Level 1:colcon.colcon_core.package_identification:_identify(ModelPack/clean_17_models/NN) by extension 'colcon_meta'
[1.193s] Level 1:colcon.colcon_core.package_identification:_identify(ModelPack/clean_17_models/NN) by extensions ['ros']
[1.193s] Level 1:colcon.colcon_core.package_identification:_identify(ModelPack/clean_17_models/NN) by extension 'ros'
[1.193s] Level 1:colcon.colcon_core.package_identification:_identify(ModelPack/clean_17_models/NN) by extensions ['cmake', 'python']
[1.193s] Level 1:colcon.colcon_core.package_identification:_identify(ModelPack/clean_17_models/NN) by extension 'cmake'
[1.193s] Level 1:colcon.colcon_core.package_identification:_identify(ModelPack/clean_17_models/NN) by extension 'python'
[1.193s] Level 1:colcon.colcon_core.package_identification:_identify(ModelPack/clean_17_models/NN) by extensions ['python_setup_py']
[1.193s] Level 1:colcon.colcon_core.package_identification:_identify(ModelPack/clean_17_models/NN) by extension 'python_setup_py'
[1.193s] Level 1:colcon.colcon_core.package_identification:_identify(ModelPack/clean_17_models/Random Forest) by extensions ['ignore', 'ignore_ament_install']
[1.193s] Level 1:colcon.colcon_core.package_identification:_identify(ModelPack/clean_17_models/Random Forest) by extension 'ignore'
[1.193s] Level 1:colcon.colcon_core.package_identification:_identify(ModelPack/clean_17_models/Random Forest) by extension 'ignore_ament_install'
[1.193s] Level 1:colcon.colcon_core.package_identification:_identify(ModelPack/clean_17_models/Random Forest) by extensions ['colcon_pkg']
[1.193s] Level 1:colcon.colcon_core.package_identification:_identify(ModelPack/clean_17_models/Random Forest) by extension 'colcon_pkg'
[1.193s] Level 1:colcon.colcon_core.package_identification:_identify(ModelPack/clean_17_models/Random Forest) by extensions ['colcon_meta']
[1.193s] Level 1:colcon.colcon_core.package_identification:_identify(ModelPack/clean_17_models/Random Forest) by extension 'colcon_meta'
[1.193s] Level 1:colcon.colcon_core.package_identification:_identify(ModelPack/clean_17_models/Random Forest) by extensions ['ros']
[1.193s] Level 1:colcon.colcon_core.package_identification:_identify(ModelPack/clean_17_models/Random Forest) by extension 'ros'
[1.193s] Level 1:colcon.colcon_core.package_identification:_identify(ModelPack/clean_17_models/Random Forest) by extensions ['cmake', 'python']
[1.193s] Level 1:colcon.colcon_core.package_identification:_identify(ModelPack/clean_17_models/Random Forest) by extension 'cmake'
[1.193s] Level 1:colcon.colcon_core.package_identification:_identify(ModelPack/clean_17_models/Random Forest) by extension 'python'
[1.193s] Level 1:colcon.colcon_core.package_identification:_identify(ModelPack/clean_17_models/Random Forest) by extensions ['python_setup_py']
[1.193s] Level 1:colcon.colcon_core.package_identification:_identify(ModelPack/clean_17_models/Random Forest) by extension 'python_setup_py'
[1.194s] Level 1:colcon.colcon_core.package_identification:_identify(ModelPack/clean_17_models/SVM) by extensions ['ignore', 'ignore_ament_install']
[1.194s] Level 1:colcon.colcon_core.package_identification:_identify(ModelPack/clean_17_models/SVM) by extension 'ignore'
[1.194s] Level 1:colcon.colcon_core.package_identification:_identify(ModelPack/clean_17_models/SVM) by extension 'ignore_ament_install'
[1.194s] Level 1:colcon.colcon_core.package_identification:_identify(ModelPack/clean_17_models/SVM) by extensions ['colcon_pkg']
[1.194s] Level 1:colcon.colcon_core.package_identification:_identify(ModelPack/clean_17_models/SVM) by extension 'colcon_pkg'
[1.194s] Level 1:colcon.colcon_core.package_identification:_identify(ModelPack/clean_17_models/SVM) by extensions ['colcon_meta']
[1.194s] Level 1:colcon.colcon_core.package_identification:_identify(ModelPack/clean_17_models/SVM) by extension 'colcon_meta'
[1.194s] Level 1:colcon.colcon_core.package_identification:_identify(ModelPack/clean_17_models/SVM) by extensions ['ros']
[1.194s] Level 1:colcon.colcon_core.package_identification:_identify(ModelPack/clean_17_models/SVM) by extension 'ros'
[1.194s] Level 1:colcon.colcon_core.package_identification:_identify(ModelPack/clean_17_models/SVM) by extensions ['cmake', 'python']
[1.194s] Level 1:colcon.colcon_core.package_identification:_identify(ModelPack/clean_17_models/SVM) by extension 'cmake'
[1.194s] Level 1:colcon.colcon_core.package_identification:_identify(ModelPack/clean_17_models/SVM) by extension 'python'
[1.194s] Level 1:colcon.colcon_core.package_identification:_identify(ModelPack/clean_17_models/SVM) by extensions ['python_setup_py']
[1.194s] Level 1:colcon.colcon_core.package_identification:_identify(ModelPack/clean_17_models/SVM) by extension 'python_setup_py'
[1.194s] Level 1:colcon.colcon_core.package_identification:_identify(ModelPack/clean_18_models) by extensions ['ignore', 'ignore_ament_install']
[1.194s] Level 1:colcon.colcon_core.package_identification:_identify(ModelPack/clean_18_models) by extension 'ignore'
[1.194s] Level 1:colcon.colcon_core.package_identification:_identify(ModelPack/clean_18_models) by extension 'ignore_ament_install'
[1.194s] Level 1:colcon.colcon_core.package_identification:_identify(ModelPack/clean_18_models) by extensions ['colcon_pkg']
[1.194s] Level 1:colcon.colcon_core.package_identification:_identify(ModelPack/clean_18_models) by extension 'colcon_pkg'
[1.194s] Level 1:colcon.colcon_core.package_identification:_identify(ModelPack/clean_18_models) by extensions ['colcon_meta']
[1.194s] Level 1:colcon.colcon_core.package_identification:_identify(ModelPack/clean_18_models) by extension 'colcon_meta'
[1.194s] Level 1:colcon.colcon_core.package_identification:_identify(ModelPack/clean_18_models) by extensions ['ros']
[1.194s] Level 1:colcon.colcon_core.package_identification:_identify(ModelPack/clean_18_models) by extension 'ros'
[1.194s] Level 1:colcon.colcon_core.package_identification:_identify(ModelPack/clean_18_models) by extensions ['cmake', 'python']
[1.194s] Level 1:colcon.colcon_core.package_identification:_identify(ModelPack/clean_18_models) by extension 'cmake'
[1.194s] Level 1:colcon.colcon_core.package_identification:_identify(ModelPack/clean_18_models) by extension 'python'
[1.194s] Level 1:colcon.colcon_core.package_identification:_identify(ModelPack/clean_18_models) by extensions ['python_setup_py']
[1.194s] Level 1:colcon.colcon_core.package_identification:_identify(ModelPack/clean_18_models) by extension 'python_setup_py'
[1.194s] Level 1:colcon.colcon_core.package_identification:_identify(ModelPack/clean_18_models/Log regression) by extensions ['ignore', 'ignore_ament_install']
[1.195s] Level 1:colcon.colcon_core.package_identification:_identify(ModelPack/clean_18_models/Log regression) by extension 'ignore'
[1.195s] Level 1:colcon.colcon_core.package_identification:_identify(ModelPack/clean_18_models/Log regression) by extension 'ignore_ament_install'
[1.195s] Level 1:colcon.colcon_core.package_identification:_identify(ModelPack/clean_18_models/Log regression) by extensions ['colcon_pkg']
[1.195s] Level 1:colcon.colcon_core.package_identification:_identify(ModelPack/clean_18_models/Log regression) by extension 'colcon_pkg'
[1.195s] Level 1:colcon.colcon_core.package_identification:_identify(ModelPack/clean_18_models/Log regression) by extensions ['colcon_meta']
[1.195s] Level 1:colcon.colcon_core.package_identification:_identify(ModelPack/clean_18_models/Log regression) by extension 'colcon_meta'
[1.195s] Level 1:colcon.colcon_core.package_identification:_identify(ModelPack/clean_18_models/Log regression) by extensions ['ros']
[1.195s] Level 1:colcon.colcon_core.package_identification:_identify(ModelPack/clean_18_models/Log regression) by extension 'ros'
[1.195s] Level 1:colcon.colcon_core.package_identification:_identify(ModelPack/clean_18_models/Log regression) by extensions ['cmake', 'python']
[1.195s] Level 1:colcon.colcon_core.package_identification:_identify(ModelPack/clean_18_models/Log regression) by extension 'cmake'
[1.195s] Level 1:colcon.colcon_core.package_identification:_identify(ModelPack/clean_18_models/Log regression) by extension 'python'
[1.195s] Level 1:colcon.colcon_core.package_identification:_identify(ModelPack/clean_18_models/Log regression) by extensions ['python_setup_py']
[1.195s] Level 1:colcon.colcon_core.package_identification:_identify(ModelPack/clean_18_models/Log regression) by extension 'python_setup_py'
[1.195s] Level 1:colcon.colcon_core.package_identification:_identify(ModelPack/clean_18_models/NN) by extensions ['ignore', 'ignore_ament_install']
[1.195s] Level 1:colcon.colcon_core.package_identification:_identify(ModelPack/clean_18_models/NN) by extension 'ignore'
[1.195s] Level 1:colcon.colcon_core.package_identification:_identify(ModelPack/clean_18_models/NN) by extension 'ignore_ament_install'
[1.195s] Level 1:colcon.colcon_core.package_identification:_identify(ModelPack/clean_18_models/NN) by extensions ['colcon_pkg']
[1.195s] Level 1:colcon.colcon_core.package_identification:_identify(ModelPack/clean_18_models/NN) by extension 'colcon_pkg'
[1.195s] Level 1:colcon.colcon_core.package_identification:_identify(ModelPack/clean_18_models/NN) by extensions ['colcon_meta']
[1.195s] Level 1:colcon.colcon_core.package_identification:_identify(ModelPack/clean_18_models/NN) by extension 'colcon_meta'
[1.195s] Level 1:colcon.colcon_core.package_identification:_identify(ModelPack/clean_18_models/NN) by extensions ['ros']
[1.195s] Level 1:colcon.colcon_core.package_identification:_identify(ModelPack/clean_18_models/NN) by extension 'ros'
[1.195s] Level 1:colcon.colcon_core.package_identification:_identify(ModelPack/clean_18_models/NN) by extensions ['cmake', 'python']
[1.195s] Level 1:colcon.colcon_core.package_identification:_identify(ModelPack/clean_18_models/NN) by extension 'cmake'
[1.195s] Level 1:colcon.colcon_core.package_identification:_identify(ModelPack/clean_18_models/NN) by extension 'python'
[1.195s] Level 1:colcon.colcon_core.package_identification:_identify(ModelPack/clean_18_models/NN) by extensions ['python_setup_py']
[1.195s] Level 1:colcon.colcon_core.package_identification:_identify(ModelPack/clean_18_models/NN) by extension 'python_setup_py'
[1.195s] Level 1:colcon.colcon_core.package_identification:_identify(ModelPack/clean_18_models/Random Forest) by extensions ['ignore', 'ignore_ament_install']
[1.195s] Level 1:colcon.colcon_core.package_identification:_identify(ModelPack/clean_18_models/Random Forest) by extension 'ignore'
[1.196s] Level 1:colcon.colcon_core.package_identification:_identify(ModelPack/clean_18_models/Random Forest) by extension 'ignore_ament_install'
[1.196s] Level 1:colcon.colcon_core.package_identification:_identify(ModelPack/clean_18_models/Random Forest) by extensions ['colcon_pkg']
[1.196s] Level 1:colcon.colcon_core.package_identification:_identify(ModelPack/clean_18_models/Random Forest) by extension 'colcon_pkg'
[1.196s] Level 1:colcon.colcon_core.package_identification:_identify(ModelPack/clean_18_models/Random Forest) by extensions ['colcon_meta']
[1.196s] Level 1:colcon.colcon_core.package_identification:_identify(ModelPack/clean_18_models/Random Forest) by extension 'colcon_meta'
[1.196s] Level 1:colcon.colcon_core.package_identification:_identify(ModelPack/clean_18_models/Random Forest) by extensions ['ros']
[1.196s] Level 1:colcon.colcon_core.package_identification:_identify(ModelPack/clean_18_models/Random Forest) by extension 'ros'
[1.196s] Level 1:colcon.colcon_core.package_identification:_identify(ModelPack/clean_18_models/Random Forest) by extensions ['cmake', 'python']
[1.196s] Level 1:colcon.colcon_core.package_identification:_identify(ModelPack/clean_18_models/Random Forest) by extension 'cmake'
[1.196s] Level 1:colcon.colcon_core.package_identification:_identify(ModelPack/clean_18_models/Random Forest) by extension 'python'
[1.196s] Level 1:colcon.colcon_core.package_identification:_identify(ModelPack/clean_18_models/Random Forest) by extensions ['python_setup_py']
[1.196s] Level 1:colcon.colcon_core.package_identification:_identify(ModelPack/clean_18_models/Random Forest) by extension 'python_setup_py'
[1.196s] Level 1:colcon.colcon_core.package_identification:_identify(ModelPack/clean_18_models/SVM) by extensions ['ignore', 'ignore_ament_install']
[1.196s] Level 1:colcon.colcon_core.package_identification:_identify(ModelPack/clean_18_models/SVM) by extension 'ignore'
[1.196s] Level 1:colcon.colcon_core.package_identification:_identify(ModelPack/clean_18_models/SVM) by extension 'ignore_ament_install'
[1.196s] Level 1:colcon.colcon_core.package_identification:_identify(ModelPack/clean_18_models/SVM) by extensions ['colcon_pkg']
[1.196s] Level 1:colcon.colcon_core.package_identification:_identify(ModelPack/clean_18_models/SVM) by extension 'colcon_pkg'
[1.196s] Level 1:colcon.colcon_core.package_identification:_identify(ModelPack/clean_18_models/SVM) by extensions ['colcon_meta']
[1.196s] Level 1:colcon.colcon_core.package_identification:_identify(ModelPack/clean_18_models/SVM) by extension 'colcon_meta'
[1.196s] Level 1:colcon.colcon_core.package_identification:_identify(ModelPack/clean_18_models/SVM) by extensions ['ros']
[1.196s] Level 1:colcon.colcon_core.package_identification:_identify(ModelPack/clean_18_models/SVM) by extension 'ros'
[1.196s] Level 1:colcon.colcon_core.package_identification:_identify(ModelPack/clean_18_models/SVM) by extensions ['cmake', 'python']
[1.196s] Level 1:colcon.colcon_core.package_identification:_identify(ModelPack/clean_18_models/SVM) by extension 'cmake'
[1.196s] Level 1:colcon.colcon_core.package_identification:_identify(ModelPack/clean_18_models/SVM) by extension 'python'
[1.196s] Level 1:colcon.colcon_core.package_identification:_identify(ModelPack/clean_18_models/SVM) by extensions ['python_setup_py']
[1.196s] Level 1:colcon.colcon_core.package_identification:_identify(ModelPack/clean_18_models/SVM) by extension 'python_setup_py'
[1.196s] Level 1:colcon.colcon_core.package_identification:_identify(build) by extensions ['ignore', 'ignore_ament_install']
[1.196s] Level 1:colcon.colcon_core.package_identification:_identify(build) by extension 'ignore'
[1.196s] Level 1:colcon.colcon_core.package_identification:_identify(build) ignored
[1.197s] Level 1:colcon.colcon_core.package_identification:_identify(install) by extensions ['ignore', 'ignore_ament_install']
[1.197s] Level 1:colcon.colcon_core.package_identification:_identify(install) by extension 'ignore'
[1.197s] Level 1:colcon.colcon_core.package_identification:_identify(install) ignored
[1.197s] Level 1:colcon.colcon_core.package_identification:_identify(log) by extensions ['ignore', 'ignore_ament_install']
[1.197s] Level 1:colcon.colcon_core.package_identification:_identify(log) by extension 'ignore'
[1.197s] Level 1:colcon.colcon_core.package_identification:_identify(log) ignored
[1.197s] Level 1:colcon.colcon_core.package_identification:_identify(src) by extensions ['ignore', 'ignore_ament_install']
[1.197s] Level 1:colcon.colcon_core.package_identification:_identify(src) by extension 'ignore'
[1.197s] Level 1:colcon.colcon_core.package_identification:_identify(src) by extension 'ignore_ament_install'
[1.197s] Level 1:colcon.colcon_core.package_identification:_identify(src) by extensions ['colcon_pkg']
[1.197s] Level 1:colcon.colcon_core.package_identification:_identify(src) by extension 'colcon_pkg'
[1.197s] Level 1:colcon.colcon_core.package_identification:_identify(src) by extensions ['colcon_meta']
[1.197s] Level 1:colcon.colcon_core.package_identification:_identify(src) by extension 'colcon_meta'
[1.197s] Level 1:colcon.colcon_core.package_identification:_identify(src) by extensions ['ros']
[1.197s] Level 1:colcon.colcon_core.package_identification:_identify(src) by extension 'ros'
[1.197s] Level 1:colcon.colcon_core.package_identification:_identify(src) by extensions ['cmake', 'python']
[1.197s] Level 1:colcon.colcon_core.package_identification:_identify(src) by extension 'cmake'
[1.197s] Level 1:colcon.colcon_core.package_identification:_identify(src) by extension 'python'
[1.198s] Level 1:colcon.colcon_core.package_identification:_identify(src) by extensions ['python_setup_py']
[1.198s] Level 1:colcon.colcon_core.package_identification:_identify(src) by extension 'python_setup_py'
[1.198s] Level 1:colcon.colcon_core.package_identification:_identify(src/NIDS_PKG) by extensions ['ignore', 'ignore_ament_install']
[1.198s] Level 1:colcon.colcon_core.package_identification:_identify(src/NIDS_PKG) by extension 'ignore'
[1.198s] Level 1:colcon.colcon_core.package_identification:_identify(src/NIDS_PKG) by extension 'ignore_ament_install'
[1.198s] Level 1:colcon.colcon_core.package_identification:_identify(src/NIDS_PKG) by extensions ['colcon_pkg']
[1.198s] Level 1:colcon.colcon_core.package_identification:_identify(src/NIDS_PKG) by extension 'colcon_pkg'
[1.198s] Level 1:colcon.colcon_core.package_identification:_identify(src/NIDS_PKG) by extensions ['colcon_meta']
[1.198s] Level 1:colcon.colcon_core.package_identification:_identify(src/NIDS_PKG) by extension 'colcon_meta'
[1.198s] Level 1:colcon.colcon_core.package_identification:_identify(src/NIDS_PKG) by extensions ['ros']
[1.198s] Level 1:colcon.colcon_core.package_identification:_identify(src/NIDS_PKG) by extension 'ros'
[1.199s] DEBUG:colcon.colcon_core.package_identification:Package 'src/NIDS_PKG' with type 'ros.ament_python' and name 'NIDS_PKG'
[1.199s] Level 1:colcon.colcon_core.package_discovery:discover_packages(recursive) using defaults
[1.199s] Level 1:colcon.colcon_core.package_discovery:discover_packages(ignore) discover
[1.200s] Level 1:colcon.colcon_core.package_discovery:discover_packages(ignore) using defaults
[1.200s] Level 1:colcon.colcon_core.package_discovery:discover_packages(path) discover
[1.200s] Level 1:colcon.colcon_core.package_discovery:discover_packages(path) using defaults
[1.290s] Level 5:colcon.colcon_core.verb:set package 'NIDS_PKG' build argument 'cmake_args' from command line to 'None'
[1.290s] Level 5:colcon.colcon_core.verb:set package 'NIDS_PKG' build argument 'cmake_target' from command line to 'None'
[1.290s] Level 5:colcon.colcon_core.verb:set package 'NIDS_PKG' build argument 'cmake_target_skip_unavailable' from command line to 'False'
[1.290s] Level 5:colcon.colcon_core.verb:set package 'NIDS_PKG' build argument 'cmake_clean_cache' from command line to 'False'
[1.290s] Level 5:colcon.colcon_core.verb:set package 'NIDS_PKG' build argument 'cmake_clean_first' from command line to 'False'
[1.290s] Level 5:colcon.colcon_core.verb:set package 'NIDS_PKG' build argument 'cmake_force_configure' from command line to 'False'
[1.290s] Level 5:colcon.colcon_core.verb:set package 'NIDS_PKG' build argument 'ament_cmake_args' from command line to 'None'
[1.290s] Level 5:colcon.colcon_core.verb:set package 'NIDS_PKG' build argument 'catkin_cmake_args' from command line to 'None'
[1.290s] Level 5:colcon.colcon_core.verb:set package 'NIDS_PKG' build argument 'catkin_skip_building_tests' from command line to 'False'
[1.290s] DEBUG:colcon.colcon_core.verb:Building package 'NIDS_PKG' with the following arguments: {'ament_cmake_args': None, 'build_base': '/home/gmo-pop/Desktop/DistriLearn/build/NIDS_PKG', 'catkin_cmake_args': None, 'catkin_skip_building_tests': False, 'cmake_args': None, 'cmake_clean_cache': False, 'cmake_clean_first': False, 'cmake_force_configure': False, 'cmake_target': None, 'cmake_target_skip_unavailable': False, 'install_base': '/home/gmo-pop/Desktop/DistriLearn/install/NIDS_PKG', 'merge_install': False, 'path': '/home/gmo-pop/Desktop/DistriLearn/src/NIDS_PKG', 'symlink_install': False, 'test_result_base': None}
[1.307s] INFO:colcon.colcon_core.executor:Executing jobs using 'parallel' executor
[1.326s] DEBUG:colcon.colcon_parallel_executor.executor.parallel:run_until_complete
[1.326s] INFO:colcon.colcon_ros.task.ament_python.build:Building ROS package in '/home/gmo-pop/Desktop/DistriLearn/src/NIDS_PKG' with build type 'ament_python'
[1.326s] Level 1:colcon.colcon_core.shell:create_environment_hook('NIDS_PKG', 'ament_prefix_path')
[1.345s] INFO:colcon.colcon_core.plugin_system:Skipping extension 'colcon_core.shell.bat': Not used on non-Windows systems
[1.345s] INFO:colcon.colcon_core.shell:Creating environment hook '/home/gmo-pop/Desktop/DistriLearn/install/NIDS_PKG/share/NIDS_PKG/hook/ament_prefix_path.ps1'
[1.346s] INFO:colcon.colcon_core.shell:Creating environment descriptor '/home/gmo-pop/Desktop/DistriLearn/install/NIDS_PKG/share/NIDS_PKG/hook/ament_prefix_path.dsv'
[1.346s] INFO:colcon.colcon_core.shell:Creating environment hook '/home/gmo-pop/Desktop/DistriLearn/install/NIDS_PKG/share/NIDS_PKG/hook/ament_prefix_path.sh'
[1.364s] INFO:colcon.colcon_core.shell:Skip shell extension 'powershell' for command environment: Not usable outside of PowerShell
[1.364s] DEBUG:colcon.colcon_core.shell:Skip shell extension 'dsv' for command environment
[1.673s] INFO:colcon.colcon_core.task.python.build:Building Python package in '/home/gmo-pop/Desktop/DistriLearn/src/NIDS_PKG'
[1.691s] INFO:colcon.colcon_core.shell:Skip shell extension 'powershell' for command environment: Not usable outside of PowerShell
[1.691s] DEBUG:colcon.colcon_core.shell:Skip shell extension 'dsv' for command environment
[2.079s] DEBUG:colcon.colcon_core.event_handler.log_command:Invoking command in '/home/gmo-pop/Desktop/DistriLearn/src/NIDS_PKG': PYTHONPATH=/home/gmo-pop/Desktop/DistriLearn/build/NIDS_PKG/prefix_override:/home/gmo-pop/Desktop/DistriLearn/install/NIDS_PKG/lib/python3.10/site-packages:${PYTHONPATH} /usr/bin/python3 setup.py egg_info --egg-base ../../build/NIDS_PKG build --build-base /home/gmo-pop/Desktop/DistriLearn/build/NIDS_PKG/build install --record /home/gmo-pop/Desktop/DistriLearn/build/NIDS_PKG/install.log --install-scripts $base/lib/NIDS_PKG --single-version-externally-managed
[2.358s] DEBUG:colcon.colcon_core.event_handler.log_command:Invoked command in '/home/gmo-pop/Desktop/DistriLearn/src/NIDS_PKG' returned '0': PYTHONPATH=/home/gmo-pop/Desktop/DistriLearn/build/NIDS_PKG/prefix_override:/home/gmo-pop/Desktop/DistriLearn/install/NIDS_PKG/lib/python3.10/site-packages:${PYTHONPATH} /usr/bin/python3 setup.py egg_info --egg-base ../../build/NIDS_PKG build --build-base /home/gmo-pop/Desktop/DistriLearn/build/NIDS_PKG/build install --record /home/gmo-pop/Desktop/DistriLearn/build/NIDS_PKG/install.log --install-scripts $base/lib/NIDS_PKG --single-version-externally-managed
[2.395s] Level 1:colcon.colcon_core.environment:checking '/home/gmo-pop/Desktop/DistriLearn/install/NIDS_PKG' for CMake module files
[2.396s] Level 1:colcon.colcon_core.environment:checking '/home/gmo-pop/Desktop/DistriLearn/install/NIDS_PKG' for CMake config files
[2.397s] Level 1:colcon.colcon_core.environment:checking '/home/gmo-pop/Desktop/DistriLearn/install/NIDS_PKG/lib'
[2.397s] Level 1:colcon.colcon_core.environment:checking '/home/gmo-pop/Desktop/DistriLearn/install/NIDS_PKG/bin'
[2.397s] Level 1:colcon.colcon_core.environment:checking '/home/gmo-pop/Desktop/DistriLearn/install/NIDS_PKG/lib/pkgconfig/NIDS_PKG.pc'
[2.398s] Level 1:colcon.colcon_core.environment:checking '/home/gmo-pop/Desktop/DistriLearn/install/NIDS_PKG/lib/python3.10/site-packages'
[2.398s] Level 1:colcon.colcon_core.shell:create_environment_hook('NIDS_PKG', 'pythonpath')
[2.427s] INFO:colcon.colcon_core.shell:Creating environment hook '/home/gmo-pop/Desktop/DistriLearn/install/NIDS_PKG/share/NIDS_PKG/hook/pythonpath.ps1'
[2.427s] INFO:colcon.colcon_core.shell:Creating environment descriptor '/home/gmo-pop/Desktop/DistriLearn/install/NIDS_PKG/share/NIDS_PKG/hook/pythonpath.dsv'
[2.427s] INFO:colcon.colcon_core.shell:Creating environment hook '/home/gmo-pop/Desktop/DistriLearn/install/NIDS_PKG/share/NIDS_PKG/hook/pythonpath.sh'
[2.428s] Level 1:colcon.colcon_core.environment:checking '/home/gmo-pop/Desktop/DistriLearn/install/NIDS_PKG/bin'
[2.428s] Level 1:colcon.colcon_core.environment:create_environment_scripts_only(NIDS_PKG)
[2.445s] INFO:colcon.colcon_core.shell:Creating package script '/home/gmo-pop/Desktop/DistriLearn/install/NIDS_PKG/share/NIDS_PKG/package.ps1'
[2.446s] INFO:colcon.colcon_core.shell:Creating package descriptor '/home/gmo-pop/Desktop/DistriLearn/install/NIDS_PKG/share/NIDS_PKG/package.dsv'
[2.446s] INFO:colcon.colcon_core.shell:Creating package script '/home/gmo-pop/Desktop/DistriLearn/install/NIDS_PKG/share/NIDS_PKG/package.sh'
[2.447s] INFO:colcon.colcon_core.shell:Creating package script '/home/gmo-pop/Desktop/DistriLearn/install/NIDS_PKG/share/NIDS_PKG/package.bash'
[2.447s] INFO:colcon.colcon_core.shell:Creating package script '/home/gmo-pop/Desktop/DistriLearn/install/NIDS_PKG/share/NIDS_PKG/package.zsh'
[2.448s] Level 1:colcon.colcon_core.environment:create_file_with_runtime_dependencies(/home/gmo-pop/Desktop/DistriLearn/install/NIDS_PKG/share/colcon-core/packages/NIDS_PKG)
[2.448s] DEBUG:colcon.colcon_parallel_executor.executor.parallel:closing loop
[2.448s] DEBUG:colcon.colcon_parallel_executor.executor.parallel:loop closed
[2.448s] DEBUG:colcon.colcon_parallel_executor.executor.parallel:run_until_complete finished with '0'
[2.448s] DEBUG:colcon.colcon_core.event_reactor:joining thread
[2.485s] INFO:colcon.colcon_core.plugin_system:Skipping extension 'colcon_notification.desktop_notification.notify_send': Could not find 'notify-send'
[2.485s] INFO:colcon.colcon_core.plugin_system:Skipping extension 'colcon_notification.desktop_notification.terminal_notifier': Not used on non-Darwin systems
[2.485s] INFO:colcon.colcon_core.plugin_system:Skipping extension 'colcon_notification.desktop_notification.win32': Not used on non-Windows systems
[2.485s] INFO:colcon.colcon_notification.desktop_notification:Sending desktop notification using 'notify2'
[2.497s] DEBUG:colcon.colcon_core.event_reactor:joined thread
[2.516s] INFO:colcon.colcon_core.shell:Creating prefix script '/home/gmo-pop/Desktop/DistriLearn/install/local_setup.ps1'
[2.517s] INFO:colcon.colcon_core.shell:Creating prefix util module '/home/gmo-pop/Desktop/DistriLearn/install/_local_setup_util_ps1.py'
[2.518s] INFO:colcon.colcon_core.shell:Creating prefix chain script '/home/gmo-pop/Desktop/DistriLearn/install/setup.ps1'
[2.536s] INFO:colcon.colcon_core.shell:Creating prefix script '/home/gmo-pop/Desktop/DistriLearn/install/local_setup.sh'
[2.536s] INFO:colcon.colcon_core.shell:Creating prefix util module '/home/gmo-pop/Desktop/DistriLearn/install/_local_setup_util_sh.py'
[2.537s] INFO:colcon.colcon_core.shell:Creating prefix chain script '/home/gmo-pop/Desktop/DistriLearn/install/setup.sh'
[2.555s] INFO:colcon.colcon_core.shell:Creating prefix script '/home/gmo-pop/Desktop/DistriLearn/install/local_setup.bash'
[2.555s] INFO:colcon.colcon_core.shell:Creating prefix chain script '/home/gmo-pop/Desktop/DistriLearn/install/setup.bash'
[2.574s] INFO:colcon.colcon_core.shell:Creating prefix script '/home/gmo-pop/Desktop/DistriLearn/install/local_setup.zsh'
[2.574s] INFO:colcon.colcon_core.shell:Creating prefix chain script '/home/gmo-pop/Desktop/DistriLearn/install/setup.zsh'
