[10.353s] DEBUG:colcon:Command line arguments: ['/usr/bin/colcon', 'build']
[10.353s] DEBUG:colcon:Parsed command line arguments: Namespace(log_base=None, log_level=None, verb_name='build', build_base='build', install_base='install', merge_install=False, symlink_install=False, test_result_base=None, continue_on_error=False, executor='parallel', parallel_workers=16, event_handlers=None, ignore_user_meta=False, metas=['./colcon.meta'], base_paths=['.'], packages_ignore=None, packages_ignore_regex=None, paths=None, packages_up_to=None, packages_up_to_regex=None, packages_above=None, packages_above_and_dependencies=None, packages_above_depth=None, packages_select_by_dep=None, packages_skip_by_dep=None, packages_skip_up_to=None, packages_select_build_failed=False, packages_skip_build_finished=False, packages_select_test_failures=False, packages_skip_test_passed=False, packages_select=None, packages_skip=None, packages_select_regex=None, packages_skip_regex=None, packages_start=None, packages_end=None, cmake_args=None, cmake_target=None, cmake_target_skip_unavailable=False, cmake_clean_cache=False, cmake_clean_first=False, cmake_force_configure=False, ament_cmake_args=None, catkin_cmake_args=None, catkin_skip_building_tests=False, verb_parser=<colcon_defaults.argument_parser.defaults.DefaultArgumentsDecorator object at 0x72635d8d2650>, verb_extension=<colcon_core.verb.build.BuildVerb object at 0x72635da978b0>, main=<bound method BuildVerb.main of <colcon_core.verb.build.BuildVerb object at 0x72635da978b0>>)
[10.608s] Level 1:colcon.colcon_core.package_discovery:discover_packages(colcon_meta) check parameters
[10.624s] Level 1:colcon.colcon_core.package_discovery:discover_packages(recursive) check parameters
[10.624s] Level 1:colcon.colcon_core.package_discovery:discover_packages(ignore) check parameters
[10.624s] Level 1:colcon.colcon_core.package_discovery:discover_packages(path) check parameters
[10.624s] Level 1:colcon.colcon_core.package_discovery:discover_packages(colcon_meta) discover
[10.624s] Level 1:colcon.colcon_core.package_discovery:discover_packages(recursive) discover
[10.624s] INFO:colcon.colcon_core.package_discovery:Crawling recursively for packages in '/home/gmo-pop/Desktop/DistriLearn'
[10.624s] Level 1:colcon.colcon_core.package_identification:_identify(.) by extensions ['ignore', 'ignore_ament_install']
[10.624s] Level 1:colcon.colcon_core.package_identification:_identify(.) by extension 'ignore'
[10.624s] Level 1:colcon.colcon_core.package_identification:_identify(.) by extension 'ignore_ament_install'
[10.624s] Level 1:colcon.colcon_core.package_identification:_identify(.) by extensions ['colcon_pkg']
[10.624s] Level 1:colcon.colcon_core.package_identification:_identify(.) by extension 'colcon_pkg'
[10.624s] Level 1:colcon.colcon_core.package_identification:_identify(.) by extensions ['colcon_meta']
[10.624s] Level 1:colcon.colcon_core.package_identification:_identify(.) by extension 'colcon_meta'
[10.624s] Level 1:colcon.colcon_core.package_identification:_identify(.) by extensions ['ros']
[10.624s] Level 1:colcon.colcon_core.package_identification:_identify(.) by extension 'ros'
[10.664s] Level 1:colcon.colcon_core.package_identification:_identify(.) by extensions ['cmake', 'python']
[10.664s] Level 1:colcon.colcon_core.package_identification:_identify(.) by extension 'cmake'
[10.664s] Level 1:colcon.colcon_core.package_identification:_identify(.) by extension 'python'
[10.664s] Level 1:colcon.colcon_core.package_identification:_identify(.) by extensions ['python_setup_py']
[10.664s] Level 1:colcon.colcon_core.package_identification:_identify(.) by extension 'python_setup_py'
[10.665s] Level 1:colcon.colcon_core.package_identification:_identify(ModelPack) by extensions ['ignore', 'ignore_ament_install']
[10.665s] Level 1:colcon.colcon_core.package_identification:_identify(ModelPack) by extension 'ignore'
[10.665s] Level 1:colcon.colcon_core.package_identification:_identify(ModelPack) by extension 'ignore_ament_install'
[10.665s] Level 1:colcon.colcon_core.package_identification:_identify(ModelPack) by extensions ['colcon_pkg']
[10.665s] Level 1:colcon.colcon_core.package_identification:_identify(ModelPack) by extension 'colcon_pkg'
[10.665s] Level 1:colcon.colcon_core.package_identification:_identify(ModelPack) by extensions ['colcon_meta']
[10.665s] Level 1:colcon.colcon_core.package_identification:_identify(ModelPack) by extension 'colcon_meta'
[10.665s] Level 1:colcon.colcon_core.package_identification:_identify(ModelPack) by extensions ['ros']
[10.665s] Level 1:colcon.colcon_core.package_identification:_identify(ModelPack) by extension 'ros'
[10.665s] Level 1:colcon.colcon_core.package_identification:_identify(ModelPack) by extensions ['cmake', 'python']
[10.665s] Level 1:colcon.colcon_core.package_identification:_identify(ModelPack) by extension 'cmake'
[10.665s] Level 1:colcon.colcon_core.package_identification:_identify(ModelPack) by extension 'python'
[10.665s] Level 1:colcon.colcon_core.package_identification:_identify(ModelPack) by extensions ['python_setup_py']
[10.665s] Level 1:colcon.colcon_core.package_identification:_identify(ModelPack) by extension 'python_setup_py'
[10.710s] Level 1:colcon.colcon_core.package_identification:_identify(ModelPack/17_18_models) by extensions ['ignore', 'ignore_ament_install']
[10.710s] Level 1:colcon.colcon_core.package_identification:_identify(ModelPack/17_18_models) by extension 'ignore'
[10.710s] Level 1:colcon.colcon_core.package_identification:_identify(ModelPack/17_18_models) by extension 'ignore_ament_install'
[10.710s] Level 1:colcon.colcon_core.package_identification:_identify(ModelPack/17_18_models) by extensions ['colcon_pkg']
[10.710s] Level 1:colcon.colcon_core.package_identification:_identify(ModelPack/17_18_models) by extension 'colcon_pkg'
[10.710s] Level 1:colcon.colcon_core.package_identification:_identify(ModelPack/17_18_models) by extensions ['colcon_meta']
[10.710s] Level 1:colcon.colcon_core.package_identification:_identify(ModelPack/17_18_models) by extension 'colcon_meta'
[10.710s] Level 1:colcon.colcon_core.package_identification:_identify(ModelPack/17_18_models) by extensions ['ros']
[10.710s] Level 1:colcon.colcon_core.package_identification:_identify(ModelPack/17_18_models) by extension 'ros'
[10.710s] Level 1:colcon.colcon_core.package_identification:_identify(ModelPack/17_18_models) by extensions ['cmake', 'python']
[10.710s] Level 1:colcon.colcon_core.package_identification:_identify(ModelPack/17_18_models) by extension 'cmake'
[10.710s] Level 1:colcon.colcon_core.package_identification:_identify(ModelPack/17_18_models) by extension 'python'
[10.711s] Level 1:colcon.colcon_core.package_identification:_identify(ModelPack/17_18_models) by extensions ['python_setup_py']
[10.711s] Level 1:colcon.colcon_core.package_identification:_identify(ModelPack/17_18_models) by extension 'python_setup_py'
[10.726s] Level 1:colcon.colcon_core.package_identification:_identify(ModelPack/17_18_models/Log regression) by extensions ['ignore', 'ignore_ament_install']
[10.727s] Level 1:colcon.colcon_core.package_identification:_identify(ModelPack/17_18_models/Log regression) by extension 'ignore'
[10.727s] Level 1:colcon.colcon_core.package_identification:_identify(ModelPack/17_18_models/Log regression) by extension 'ignore_ament_install'
[10.727s] Level 1:colcon.colcon_core.package_identification:_identify(ModelPack/17_18_models/Log regression) by extensions ['colcon_pkg']
[10.727s] Level 1:colcon.colcon_core.package_identification:_identify(ModelPack/17_18_models/Log regression) by extension 'colcon_pkg'
[10.727s] Level 1:colcon.colcon_core.package_identification:_identify(ModelPack/17_18_models/Log regression) by extensions ['colcon_meta']
[10.727s] Level 1:colcon.colcon_core.package_identification:_identify(ModelPack/17_18_models/Log regression) by extension 'colcon_meta'
[10.727s] Level 1:colcon.colcon_core.package_identification:_identify(ModelPack/17_18_models/Log regression) by extensions ['ros']
[10.727s] Level 1:colcon.colcon_core.package_identification:_identify(ModelPack/17_18_models/Log regression) by extension 'ros'
[10.727s] Level 1:colcon.colcon_core.package_identification:_identify(ModelPack/17_18_models/Log regression) by extensions ['cmake', 'python']
[10.727s] Level 1:colcon.colcon_core.package_identification:_identify(ModelPack/17_18_models/Log regression) by extension 'cmake'
[10.727s] Level 1:colcon.colcon_core.package_identification:_identify(ModelPack/17_18_models/Log regression) by extension 'python'
[10.727s] Level 1:colcon.colcon_core.package_identification:_identify(ModelPack/17_18_models/Log regression) by extensions ['python_setup_py']
[10.727s] Level 1:colcon.colcon_core.package_identification:_identify(ModelPack/17_18_models/Log regression) by extension 'python_setup_py'
[10.728s] Level 1:colcon.colcon_core.package_identification:_identify(ModelPack/17_18_models/NN) by extensions ['ignore', 'ignore_ament_install']
[10.728s] Level 1:colcon.colcon_core.package_identification:_identify(ModelPack/17_18_models/NN) by extension 'ignore'
[10.728s] Level 1:colcon.colcon_core.package_identification:_identify(ModelPack/17_18_models/NN) by extension 'ignore_ament_install'
[10.728s] Level 1:colcon.colcon_core.package_identification:_identify(ModelPack/17_18_models/NN) by extensions ['colcon_pkg']
[10.728s] Level 1:colcon.colcon_core.package_identification:_identify(ModelPack/17_18_models/NN) by extension 'colcon_pkg'
[10.728s] Level 1:colcon.colcon_core.package_identification:_identify(ModelPack/17_18_models/NN) by extensions ['colcon_meta']
[10.728s] Level 1:colcon.colcon_core.package_identification:_identify(ModelPack/17_18_models/NN) by extension 'colcon_meta'
[10.728s] Level 1:colcon.colcon_core.package_identification:_identify(ModelPack/17_18_models/NN) by extensions ['ros']
[10.728s] Level 1:colcon.colcon_core.package_identification:_identify(ModelPack/17_18_models/NN) by extension 'ros'
[10.728s] Level 1:colcon.colcon_core.package_identification:_identify(ModelPack/17_18_models/NN) by extensions ['cmake', 'python']
[10.728s] Level 1:colcon.colcon_core.package_identification:_identify(ModelPack/17_18_models/NN) by extension 'cmake'
[10.728s] Level 1:colcon.colcon_core.package_identification:_identify(ModelPack/17_18_models/NN) by extension 'python'
[10.728s] Level 1:colcon.colcon_core.package_identification:_identify(ModelPack/17_18_models/NN) by extensions ['python_setup_py']
[10.728s] Level 1:colcon.colcon_core.package_identification:_identify(ModelPack/17_18_models/NN) by extension 'python_setup_py'
[10.729s] Level 1:colcon.colcon_core.package_identification:_identify(ModelPack/17_18_models/Random Forest) by extensions ['ignore', 'ignore_ament_install']
[10.729s] Level 1:colcon.colcon_core.package_identification:_identify(ModelPack/17_18_models/Random Forest) by extension 'ignore'
[10.729s] Level 1:colcon.colcon_core.package_identification:_identify(ModelPack/17_18_models/Random Forest) by extension 'ignore_ament_install'
[10.729s] Level 1:colcon.colcon_core.package_identification:_identify(ModelPack/17_18_models/Random Forest) by extensions ['colcon_pkg']
[10.729s] Level 1:colcon.colcon_core.package_identification:_identify(ModelPack/17_18_models/Random Forest) by extension 'colcon_pkg'
[10.729s] Level 1:colcon.colcon_core.package_identification:_identify(ModelPack/17_18_models/Random Forest) by extensions ['colcon_meta']
[10.729s] Level 1:colcon.colcon_core.package_identification:_identify(ModelPack/17_18_models/Random Forest) by extension 'colcon_meta'
[10.729s] Level 1:colcon.colcon_core.package_identification:_identify(ModelPack/17_18_models/Random Forest) by extensions ['ros']
[10.729s] Level 1:colcon.colcon_core.package_identification:_identify(ModelPack/17_18_models/Random Forest) by extension 'ros'
[10.729s] Level 1:colcon.colcon_core.package_identification:_identify(ModelPack/17_18_models/Random Forest) by extensions ['cmake', 'python']
[10.729s] Level 1:colcon.colcon_core.package_identification:_identify(ModelPack/17_18_models/Random Forest) by extension 'cmake'
[10.729s] Level 1:colcon.colcon_core.package_identification:_identify(ModelPack/17_18_models/Random Forest) by extension 'python'
[10.729s] Level 1:colcon.colcon_core.package_identification:_identify(ModelPack/17_18_models/Random Forest) by extensions ['python_setup_py']
[10.729s] Level 1:colcon.colcon_core.package_identification:_identify(ModelPack/17_18_models/Random Forest) by extension 'python_setup_py'
[10.730s] Level 1:colcon.colcon_core.package_identification:_identify(ModelPack/17_18_models/SVM) by extensions ['ignore', 'ignore_ament_install']
[10.730s] Level 1:colcon.colcon_core.package_identification:_identify(ModelPack/17_18_models/SVM) by extension 'ignore'
[10.730s] Level 1:colcon.colcon_core.package_identification:_identify(ModelPack/17_18_models/SVM) by extension 'ignore_ament_install'
[10.730s] Level 1:colcon.colcon_core.package_identification:_identify(ModelPack/17_18_models/SVM) by extensions ['colcon_pkg']
[10.730s] Level 1:colcon.colcon_core.package_identification:_identify(ModelPack/17_18_models/SVM) by extension 'colcon_pkg'
[10.730s] Level 1:colcon.colcon_core.package_identification:_identify(ModelPack/17_18_models/SVM) by extensions ['colcon_meta']
[10.730s] Level 1:colcon.colcon_core.package_identification:_identify(ModelPack/17_18_models/SVM) by extension 'colcon_meta'
[10.730s] Level 1:colcon.colcon_core.package_identification:_identify(ModelPack/17_18_models/SVM) by extensions ['ros']
[10.730s] Level 1:colcon.colcon_core.package_identification:_identify(ModelPack/17_18_models/SVM) by extension 'ros'
[10.730s] Level 1:colcon.colcon_core.package_identification:_identify(ModelPack/17_18_models/SVM) by extensions ['cmake', 'python']
[10.730s] Level 1:colcon.colcon_core.package_identification:_identify(ModelPack/17_18_models/SVM) by extension 'cmake'
[10.730s] Level 1:colcon.colcon_core.package_identification:_identify(ModelPack/17_18_models/SVM) by extension 'python'
[10.731s] Level 1:colcon.colcon_core.package_identification:_identify(ModelPack/17_18_models/SVM) by extensions ['python_setup_py']
[10.731s] Level 1:colcon.colcon_core.package_identification:_identify(ModelPack/17_18_models/SVM) by extension 'python_setup_py'
[10.731s] Level 1:colcon.colcon_core.package_identification:_identify(ModelPack/clean_17_models) by extensions ['ignore', 'ignore_ament_install']
[10.731s] Level 1:colcon.colcon_core.package_identification:_identify(ModelPack/clean_17_models) by extension 'ignore'
[10.731s] Level 1:colcon.colcon_core.package_identification:_identify(ModelPack/clean_17_models) by extension 'ignore_ament_install'
[10.731s] Level 1:colcon.colcon_core.package_identification:_identify(ModelPack/clean_17_models) by extensions ['colcon_pkg']
[10.731s] Level 1:colcon.colcon_core.package_identification:_identify(ModelPack/clean_17_models) by extension 'colcon_pkg'
[10.731s] Level 1:colcon.colcon_core.package_identification:_identify(ModelPack/clean_17_models) by extensions ['colcon_meta']
[10.731s] Level 1:colcon.colcon_core.package_identification:_identify(ModelPack/clean_17_models) by extension 'colcon_meta'
[10.731s] Level 1:colcon.colcon_core.package_identification:_identify(ModelPack/clean_17_models) by extensions ['ros']
[10.731s] Level 1:colcon.colcon_core.package_identification:_identify(ModelPack/clean_17_models) by extension 'ros'
[10.731s] Level 1:colcon.colcon_core.package_identification:_identify(ModelPack/clean_17_models) by extensions ['cmake', 'python']
[10.732s] Level 1:colcon.colcon_core.package_identification:_identify(ModelPack/clean_17_models) by extension 'cmake'
[10.732s] Level 1:colcon.colcon_core.package_identification:_identify(ModelPack/clean_17_models) by extension 'python'
[10.732s] Level 1:colcon.colcon_core.package_identification:_identify(ModelPack/clean_17_models) by extensions ['python_setup_py']
[10.732s] Level 1:colcon.colcon_core.package_identification:_identify(ModelPack/clean_17_models) by extension 'python_setup_py'
[10.732s] Level 1:colcon.colcon_core.package_identification:_identify(ModelPack/clean_17_models/Log regression) by extensions ['ignore', 'ignore_ament_install']
[10.732s] Level 1:colcon.colcon_core.package_identification:_identify(ModelPack/clean_17_models/Log regression) by extension 'ignore'
[10.732s] Level 1:colcon.colcon_core.package_identification:_identify(ModelPack/clean_17_models/Log regression) by extension 'ignore_ament_install'
[10.732s] Level 1:colcon.colcon_core.package_identification:_identify(ModelPack/clean_17_models/Log regression) by extensions ['colcon_pkg']
[10.732s] Level 1:colcon.colcon_core.package_identification:_identify(ModelPack/clean_17_models/Log regression) by extension 'colcon_pkg'
[10.732s] Level 1:colcon.colcon_core.package_identification:_identify(ModelPack/clean_17_models/Log regression) by extensions ['colcon_meta']
[10.732s] Level 1:colcon.colcon_core.package_identification:_identify(ModelPack/clean_17_models/Log regression) by extension 'colcon_meta'
[10.732s] Level 1:colcon.colcon_core.package_identification:_identify(ModelPack/clean_17_models/Log regression) by extensions ['ros']
[10.732s] Level 1:colcon.colcon_core.package_identification:_identify(ModelPack/clean_17_models/Log regression) by extension 'ros'
[10.733s] Level 1:colcon.colcon_core.package_identification:_identify(ModelPack/clean_17_models/Log regression) by extensions ['cmake', 'python']
[10.733s] Level 1:colcon.colcon_core.package_identification:_identify(ModelPack/clean_17_models/Log regression) by extension 'cmake'
[10.733s] Level 1:colcon.colcon_core.package_identification:_identify(ModelPack/clean_17_models/Log regression) by extension 'python'
[10.733s] Level 1:colcon.colcon_core.package_identification:_identify(ModelPack/clean_17_models/Log regression) by extensions ['python_setup_py']
[10.733s] Level 1:colcon.colcon_core.package_identification:_identify(ModelPack/clean_17_models/Log regression) by extension 'python_setup_py'
[10.733s] Level 1:colcon.colcon_core.package_identification:_identify(ModelPack/clean_17_models/NN) by extensions ['ignore', 'ignore_ament_install']
[10.733s] Level 1:colcon.colcon_core.package_identification:_identify(ModelPack/clean_17_models/NN) by extension 'ignore'
[10.733s] Level 1:colcon.colcon_core.package_identification:_identify(ModelPack/clean_17_models/NN) by extension 'ignore_ament_install'
[10.733s] Level 1:colcon.colcon_core.package_identification:_identify(ModelPack/clean_17_models/NN) by extensions ['colcon_pkg']
[10.733s] Level 1:colcon.colcon_core.package_identification:_identify(ModelPack/clean_17_models/NN) by extension 'colcon_pkg'
[10.733s] Level 1:colcon.colcon_core.package_identification:_identify(ModelPack/clean_17_models/NN) by extensions ['colcon_meta']
[10.733s] Level 1:colcon.colcon_core.package_identification:_identify(ModelPack/clean_17_models/NN) by extension 'colcon_meta'
[10.734s] Level 1:colcon.colcon_core.package_identification:_identify(ModelPack/clean_17_models/NN) by extensions ['ros']
[10.734s] Level 1:colcon.colcon_core.package_identification:_identify(ModelPack/clean_17_models/NN) by extension 'ros'
[10.734s] Level 1:colcon.colcon_core.package_identification:_identify(ModelPack/clean_17_models/NN) by extensions ['cmake', 'python']
[10.734s] Level 1:colcon.colcon_core.package_identification:_identify(ModelPack/clean_17_models/NN) by extension 'cmake'
[10.734s] Level 1:colcon.colcon_core.package_identification:_identify(ModelPack/clean_17_models/NN) by extension 'python'
[10.734s] Level 1:colcon.colcon_core.package_identification:_identify(ModelPack/clean_17_models/NN) by extensions ['python_setup_py']
[10.734s] Level 1:colcon.colcon_core.package_identification:_identify(ModelPack/clean_17_models/NN) by extension 'python_setup_py'
[10.734s] Level 1:colcon.colcon_core.package_identification:_identify(ModelPack/clean_17_models/Random Forest) by extensions ['ignore', 'ignore_ament_install']
[10.734s] Level 1:colcon.colcon_core.package_identification:_identify(ModelPack/clean_17_models/Random Forest) by extension 'ignore'
[10.734s] Level 1:colcon.colcon_core.package_identification:_identify(ModelPack/clean_17_models/Random Forest) by extension 'ignore_ament_install'
[10.734s] Level 1:colcon.colcon_core.package_identification:_identify(ModelPack/clean_17_models/Random Forest) by extensions ['colcon_pkg']
[10.734s] Level 1:colcon.colcon_core.package_identification:_identify(ModelPack/clean_17_models/Random Forest) by extension 'colcon_pkg'
[10.734s] Level 1:colcon.colcon_core.package_identification:_identify(ModelPack/clean_17_models/Random Forest) by extensions ['colcon_meta']
[10.735s] Level 1:colcon.colcon_core.package_identification:_identify(ModelPack/clean_17_models/Random Forest) by extension 'colcon_meta'
[10.735s] Level 1:colcon.colcon_core.package_identification:_identify(ModelPack/clean_17_models/Random Forest) by extensions ['ros']
[10.735s] Level 1:colcon.colcon_core.package_identification:_identify(ModelPack/clean_17_models/Random Forest) by extension 'ros'
[10.735s] Level 1:colcon.colcon_core.package_identification:_identify(ModelPack/clean_17_models/Random Forest) by extensions ['cmake', 'python']
[10.735s] Level 1:colcon.colcon_core.package_identification:_identify(ModelPack/clean_17_models/Random Forest) by extension 'cmake'
[10.735s] Level 1:colcon.colcon_core.package_identification:_identify(ModelPack/clean_17_models/Random Forest) by extension 'python'
[10.735s] Level 1:colcon.colcon_core.package_identification:_identify(ModelPack/clean_17_models/Random Forest) by extensions ['python_setup_py']
[10.735s] Level 1:colcon.colcon_core.package_identification:_identify(ModelPack/clean_17_models/Random Forest) by extension 'python_setup_py'
[10.735s] Level 1:colcon.colcon_core.package_identification:_identify(ModelPack/clean_17_models/SVM) by extensions ['ignore', 'ignore_ament_install']
[10.735s] Level 1:colcon.colcon_core.package_identification:_identify(ModelPack/clean_17_models/SVM) by extension 'ignore'
[10.735s] Level 1:colcon.colcon_core.package_identification:_identify(ModelPack/clean_17_models/SVM) by extension 'ignore_ament_install'
[10.736s] Level 1:colcon.colcon_core.package_identification:_identify(ModelPack/clean_17_models/SVM) by extensions ['colcon_pkg']
[10.736s] Level 1:colcon.colcon_core.package_identification:_identify(ModelPack/clean_17_models/SVM) by extension 'colcon_pkg'
[10.736s] Level 1:colcon.colcon_core.package_identification:_identify(ModelPack/clean_17_models/SVM) by extensions ['colcon_meta']
[10.736s] Level 1:colcon.colcon_core.package_identification:_identify(ModelPack/clean_17_models/SVM) by extension 'colcon_meta'
[10.736s] Level 1:colcon.colcon_core.package_identification:_identify(ModelPack/clean_17_models/SVM) by extensions ['ros']
[10.736s] Level 1:colcon.colcon_core.package_identification:_identify(ModelPack/clean_17_models/SVM) by extension 'ros'
[10.736s] Level 1:colcon.colcon_core.package_identification:_identify(ModelPack/clean_17_models/SVM) by extensions ['cmake', 'python']
[10.736s] Level 1:colcon.colcon_core.package_identification:_identify(ModelPack/clean_17_models/SVM) by extension 'cmake'
[10.736s] Level 1:colcon.colcon_core.package_identification:_identify(ModelPack/clean_17_models/SVM) by extension 'python'
[10.736s] Level 1:colcon.colcon_core.package_identification:_identify(ModelPack/clean_17_models/SVM) by extensions ['python_setup_py']
[10.736s] Level 1:colcon.colcon_core.package_identification:_identify(ModelPack/clean_17_models/SVM) by extension 'python_setup_py'
[10.736s] Level 1:colcon.colcon_core.package_identification:_identify(ModelPack/clean_18_models) by extensions ['ignore', 'ignore_ament_install']
[10.736s] Level 1:colcon.colcon_core.package_identification:_identify(ModelPack/clean_18_models) by extension 'ignore'
[10.737s] Level 1:colcon.colcon_core.package_identification:_identify(ModelPack/clean_18_models) by extension 'ignore_ament_install'
[10.737s] Level 1:colcon.colcon_core.package_identification:_identify(ModelPack/clean_18_models) by extensions ['colcon_pkg']
[10.737s] Level 1:colcon.colcon_core.package_identification:_identify(ModelPack/clean_18_models) by extension 'colcon_pkg'
[10.737s] Level 1:colcon.colcon_core.package_identification:_identify(ModelPack/clean_18_models) by extensions ['colcon_meta']
[10.737s] Level 1:colcon.colcon_core.package_identification:_identify(ModelPack/clean_18_models) by extension 'colcon_meta'
[10.737s] Level 1:colcon.colcon_core.package_identification:_identify(ModelPack/clean_18_models) by extensions ['ros']
[10.737s] Level 1:colcon.colcon_core.package_identification:_identify(ModelPack/clean_18_models) by extension 'ros'
[10.737s] Level 1:colcon.colcon_core.package_identification:_identify(ModelPack/clean_18_models) by extensions ['cmake', 'python']
[10.737s] Level 1:colcon.colcon_core.package_identification:_identify(ModelPack/clean_18_models) by extension 'cmake'
[10.737s] Level 1:colcon.colcon_core.package_identification:_identify(ModelPack/clean_18_models) by extension 'python'
[10.737s] Level 1:colcon.colcon_core.package_identification:_identify(ModelPack/clean_18_models) by extensions ['python_setup_py']
[10.737s] Level 1:colcon.colcon_core.package_identification:_identify(ModelPack/clean_18_models) by extension 'python_setup_py'
[10.737s] Level 1:colcon.colcon_core.package_identification:_identify(ModelPack/clean_18_models/Log regression) by extensions ['ignore', 'ignore_ament_install']
[10.738s] Level 1:colcon.colcon_core.package_identification:_identify(ModelPack/clean_18_models/Log regression) by extension 'ignore'
[10.738s] Level 1:colcon.colcon_core.package_identification:_identify(ModelPack/clean_18_models/Log regression) by extension 'ignore_ament_install'
[10.738s] Level 1:colcon.colcon_core.package_identification:_identify(ModelPack/clean_18_models/Log regression) by extensions ['colcon_pkg']
[10.738s] Level 1:colcon.colcon_core.package_identification:_identify(ModelPack/clean_18_models/Log regression) by extension 'colcon_pkg'
[10.738s] Level 1:colcon.colcon_core.package_identification:_identify(ModelPack/clean_18_models/Log regression) by extensions ['colcon_meta']
[10.738s] Level 1:colcon.colcon_core.package_identification:_identify(ModelPack/clean_18_models/Log regression) by extension 'colcon_meta'
[10.738s] Level 1:colcon.colcon_core.package_identification:_identify(ModelPack/clean_18_models/Log regression) by extensions ['ros']
[10.738s] Level 1:colcon.colcon_core.package_identification:_identify(ModelPack/clean_18_models/Log regression) by extension 'ros'
[10.738s] Level 1:colcon.colcon_core.package_identification:_identify(ModelPack/clean_18_models/Log regression) by extensions ['cmake', 'python']
[10.738s] Level 1:colcon.colcon_core.package_identification:_identify(ModelPack/clean_18_models/Log regression) by extension 'cmake'
[10.738s] Level 1:colcon.colcon_core.package_identification:_identify(ModelPack/clean_18_models/Log regression) by extension 'python'
[10.738s] Level 1:colcon.colcon_core.package_identification:_identify(ModelPack/clean_18_models/Log regression) by extensions ['python_setup_py']
[10.738s] Level 1:colcon.colcon_core.package_identification:_identify(ModelPack/clean_18_models/Log regression) by extension 'python_setup_py'
[10.738s] Level 1:colcon.colcon_core.package_identification:_identify(ModelPack/clean_18_models/NN) by extensions ['ignore', 'ignore_ament_install']
[10.739s] Level 1:colcon.colcon_core.package_identification:_identify(ModelPack/clean_18_models/NN) by extension 'ignore'
[10.739s] Level 1:colcon.colcon_core.package_identification:_identify(ModelPack/clean_18_models/NN) by extension 'ignore_ament_install'
[10.739s] Level 1:colcon.colcon_core.package_identification:_identify(ModelPack/clean_18_models/NN) by extensions ['colcon_pkg']
[10.739s] Level 1:colcon.colcon_core.package_identification:_identify(ModelPack/clean_18_models/NN) by extension 'colcon_pkg'
[10.739s] Level 1:colcon.colcon_core.package_identification:_identify(ModelPack/clean_18_models/NN) by extensions ['colcon_meta']
[10.739s] Level 1:colcon.colcon_core.package_identification:_identify(ModelPack/clean_18_models/NN) by extension 'colcon_meta'
[10.739s] Level 1:colcon.colcon_core.package_identification:_identify(ModelPack/clean_18_models/NN) by extensions ['ros']
[10.739s] Level 1:colcon.colcon_core.package_identification:_identify(ModelPack/clean_18_models/NN) by extension 'ros'
[10.739s] Level 1:colcon.colcon_core.package_identification:_identify(ModelPack/clean_18_models/NN) by extensions ['cmake', 'python']
[10.739s] Level 1:colcon.colcon_core.package_identification:_identify(ModelPack/clean_18_models/NN) by extension 'cmake'
[10.739s] Level 1:colcon.colcon_core.package_identification:_identify(ModelPack/clean_18_models/NN) by extension 'python'
[10.739s] Level 1:colcon.colcon_core.package_identification:_identify(ModelPack/clean_18_models/NN) by extensions ['python_setup_py']
[10.739s] Level 1:colcon.colcon_core.package_identification:_identify(ModelPack/clean_18_models/NN) by extension 'python_setup_py'
[10.740s] Level 1:colcon.colcon_core.package_identification:_identify(ModelPack/clean_18_models/Random Forest) by extensions ['ignore', 'ignore_ament_install']
[10.740s] Level 1:colcon.colcon_core.package_identification:_identify(ModelPack/clean_18_models/Random Forest) by extension 'ignore'
[10.740s] Level 1:colcon.colcon_core.package_identification:_identify(ModelPack/clean_18_models/Random Forest) by extension 'ignore_ament_install'
[10.740s] Level 1:colcon.colcon_core.package_identification:_identify(ModelPack/clean_18_models/Random Forest) by extensions ['colcon_pkg']
[10.740s] Level 1:colcon.colcon_core.package_identification:_identify(ModelPack/clean_18_models/Random Forest) by extension 'colcon_pkg'
[10.740s] Level 1:colcon.colcon_core.package_identification:_identify(ModelPack/clean_18_models/Random Forest) by extensions ['colcon_meta']
[10.740s] Level 1:colcon.colcon_core.package_identification:_identify(ModelPack/clean_18_models/Random Forest) by extension 'colcon_meta'
[10.740s] Level 1:colcon.colcon_core.package_identification:_identify(ModelPack/clean_18_models/Random Forest) by extensions ['ros']
[10.740s] Level 1:colcon.colcon_core.package_identification:_identify(ModelPack/clean_18_models/Random Forest) by extension 'ros'
[10.740s] Level 1:colcon.colcon_core.package_identification:_identify(ModelPack/clean_18_models/Random Forest) by extensions ['cmake', 'python']
[10.740s] Level 1:colcon.colcon_core.package_identification:_identify(ModelPack/clean_18_models/Random Forest) by extension 'cmake'
[10.740s] Level 1:colcon.colcon_core.package_identification:_identify(ModelPack/clean_18_models/Random Forest) by extension 'python'
[10.740s] Level 1:colcon.colcon_core.package_identification:_identify(ModelPack/clean_18_models/Random Forest) by extensions ['python_setup_py']
[10.740s] Level 1:colcon.colcon_core.package_identification:_identify(ModelPack/clean_18_models/Random Forest) by extension 'python_setup_py'
[10.741s] Level 1:colcon.colcon_core.package_identification:_identify(ModelPack/clean_18_models/SVM) by extensions ['ignore', 'ignore_ament_install']
[10.741s] Level 1:colcon.colcon_core.package_identification:_identify(ModelPack/clean_18_models/SVM) by extension 'ignore'
[10.741s] Level 1:colcon.colcon_core.package_identification:_identify(ModelPack/clean_18_models/SVM) by extension 'ignore_ament_install'
[10.741s] Level 1:colcon.colcon_core.package_identification:_identify(ModelPack/clean_18_models/SVM) by extensions ['colcon_pkg']
[10.741s] Level 1:colcon.colcon_core.package_identification:_identify(ModelPack/clean_18_models/SVM) by extension 'colcon_pkg'
[10.741s] Level 1:colcon.colcon_core.package_identification:_identify(ModelPack/clean_18_models/SVM) by extensions ['colcon_meta']
[10.741s] Level 1:colcon.colcon_core.package_identification:_identify(ModelPack/clean_18_models/SVM) by extension 'colcon_meta'
[10.741s] Level 1:colcon.colcon_core.package_identification:_identify(ModelPack/clean_18_models/SVM) by extensions ['ros']
[10.741s] Level 1:colcon.colcon_core.package_identification:_identify(ModelPack/clean_18_models/SVM) by extension 'ros'
[10.741s] Level 1:colcon.colcon_core.package_identification:_identify(ModelPack/clean_18_models/SVM) by extensions ['cmake', 'python']
[10.741s] Level 1:colcon.colcon_core.package_identification:_identify(ModelPack/clean_18_models/SVM) by extension 'cmake'
[10.741s] Level 1:colcon.colcon_core.package_identification:_identify(ModelPack/clean_18_models/SVM) by extension 'python'
[10.741s] Level 1:colcon.colcon_core.package_identification:_identify(ModelPack/clean_18_models/SVM) by extensions ['python_setup_py']
[10.742s] Level 1:colcon.colcon_core.package_identification:_identify(ModelPack/clean_18_models/SVM) by extension 'python_setup_py'
[10.760s] Level 1:colcon.colcon_core.package_identification:_identify(build) by extensions ['ignore', 'ignore_ament_install']
[10.760s] Level 1:colcon.colcon_core.package_identification:_identify(build) by extension 'ignore'
[10.760s] Level 1:colcon.colcon_core.package_identification:_identify(build) ignored
[10.761s] Level 1:colcon.colcon_core.package_identification:_identify(install) by extensions ['ignore', 'ignore_ament_install']
[10.761s] Level 1:colcon.colcon_core.package_identification:_identify(install) by extension 'ignore'
[10.761s] Level 1:colcon.colcon_core.package_identification:_identify(install) ignored
[10.786s] Level 1:colcon.colcon_core.package_identification:_identify(log) by extensions ['ignore', 'ignore_ament_install']
[10.786s] Level 1:colcon.colcon_core.package_identification:_identify(log) by extension 'ignore'
[10.786s] Level 1:colcon.colcon_core.package_identification:_identify(log) ignored
[10.794s] Level 1:colcon.colcon_core.package_identification:_identify(src) by extensions ['ignore', 'ignore_ament_install']
[10.794s] Level 1:colcon.colcon_core.package_identification:_identify(src) by extension 'ignore'
[10.794s] Level 1:colcon.colcon_core.package_identification:_identify(src) by extension 'ignore_ament_install'
[10.794s] Level 1:colcon.colcon_core.package_identification:_identify(src) by extensions ['colcon_pkg']
[10.794s] Level 1:colcon.colcon_core.package_identification:_identify(src) by extension 'colcon_pkg'
[10.794s] Level 1:colcon.colcon_core.package_identification:_identify(src) by extensions ['colcon_meta']
[10.794s] Level 1:colcon.colcon_core.package_identification:_identify(src) by extension 'colcon_meta'
[10.794s] Level 1:colcon.colcon_core.package_identification:_identify(src) by extensions ['ros']
[10.794s] Level 1:colcon.colcon_core.package_identification:_identify(src) by extension 'ros'
[10.794s] Level 1:colcon.colcon_core.package_identification:_identify(src) by extensions ['cmake', 'python']
[10.794s] Level 1:colcon.colcon_core.package_identification:_identify(src) by extension 'cmake'
[10.794s] Level 1:colcon.colcon_core.package_identification:_identify(src) by extension 'python'
[10.794s] Level 1:colcon.colcon_core.package_identification:_identify(src) by extensions ['python_setup_py']
[10.794s] Level 1:colcon.colcon_core.package_identification:_identify(src) by extension 'python_setup_py'
[10.794s] Level 1:colcon.colcon_core.package_identification:_identify(src/NIDS_PKG) by extensions ['ignore', 'ignore_ament_install']
[10.795s] Level 1:colcon.colcon_core.package_identification:_identify(src/NIDS_PKG) by extension 'ignore'
[10.795s] Level 1:colcon.colcon_core.package_identification:_identify(src/NIDS_PKG) by extension 'ignore_ament_install'
[10.795s] Level 1:colcon.colcon_core.package_identification:_identify(src/NIDS_PKG) by extensions ['colcon_pkg']
[10.795s] Level 1:colcon.colcon_core.package_identification:_identify(src/NIDS_PKG) by extension 'colcon_pkg'
[10.795s] Level 1:colcon.colcon_core.package_identification:_identify(src/NIDS_PKG) by extensions ['colcon_meta']
[10.795s] Level 1:colcon.colcon_core.package_identification:_identify(src/NIDS_PKG) by extension 'colcon_meta'
[10.795s] Level 1:colcon.colcon_core.package_identification:_identify(src/NIDS_PKG) by extensions ['ros']
[10.795s] Level 1:colcon.colcon_core.package_identification:_identify(src/NIDS_PKG) by extension 'ros'
[10.804s] DEBUG:colcon.colcon_core.package_identification:Package 'src/NIDS_PKG' with type 'ros.ament_python' and name 'NIDS_PKG'
[10.804s] Level 1:colcon.colcon_core.package_discovery:discover_packages(recursive) using defaults
[10.804s] Level 1:colcon.colcon_core.package_discovery:discover_packages(ignore) discover
[10.804s] Level 1:colcon.colcon_core.package_discovery:discover_packages(ignore) using defaults
[10.804s] Level 1:colcon.colcon_core.package_discovery:discover_packages(path) discover
[10.804s] Level 1:colcon.colcon_core.package_discovery:discover_packages(path) using defaults
[11.012s] Level 5:colcon.colcon_core.verb:set package 'NIDS_PKG' build argument 'cmake_args' from command line to 'None'
[11.012s] Level 5:colcon.colcon_core.verb:set package 'NIDS_PKG' build argument 'cmake_target' from command line to 'None'
[11.012s] Level 5:colcon.colcon_core.verb:set package 'NIDS_PKG' build argument 'cmake_target_skip_unavailable' from command line to 'False'
[11.012s] Level 5:colcon.colcon_core.verb:set package 'NIDS_PKG' build argument 'cmake_clean_cache' from command line to 'False'
[11.012s] Level 5:colcon.colcon_core.verb:set package 'NIDS_PKG' build argument 'cmake_clean_first' from command line to 'False'
[11.012s] Level 5:colcon.colcon_core.verb:set package 'NIDS_PKG' build argument 'cmake_force_configure' from command line to 'False'
[11.012s] Level 5:colcon.colcon_core.verb:set package 'NIDS_PKG' build argument 'ament_cmake_args' from command line to 'None'
[11.012s] Level 5:colcon.colcon_core.verb:set package 'NIDS_PKG' build argument 'catkin_cmake_args' from command line to 'None'
[11.012s] Level 5:colcon.colcon_core.verb:set package 'NIDS_PKG' build argument 'catkin_skip_building_tests' from command line to 'False'
[11.012s] DEBUG:colcon.colcon_core.verb:Building package 'NIDS_PKG' with the following arguments: {'ament_cmake_args': None, 'build_base': '/home/gmo-pop/Desktop/DistriLearn/build/NIDS_PKG', 'catkin_cmake_args': None, 'catkin_skip_building_tests': False, 'cmake_args': None, 'cmake_clean_cache': False, 'cmake_clean_first': False, 'cmake_force_configure': False, 'cmake_target': None, 'cmake_target_skip_unavailable': False, 'install_base': '/home/gmo-pop/Desktop/DistriLearn/install/NIDS_PKG', 'merge_install': False, 'path': '/home/gmo-pop/Desktop/DistriLearn/src/NIDS_PKG', 'symlink_install': False, 'test_result_base': None}
[11.030s] INFO:colcon.colcon_core.executor:Executing jobs using 'parallel' executor
[11.048s] DEBUG:colcon.colcon_parallel_executor.executor.parallel:run_until_complete
[11.049s] INFO:colcon.colcon_ros.task.ament_python.build:Building ROS package in '/home/gmo-pop/Desktop/DistriLearn/src/NIDS_PKG' with build type 'ament_python'
[11.049s] Level 1:colcon.colcon_core.shell:create_environment_hook('NIDS_PKG', 'ament_prefix_path')
[11.095s] INFO:colcon.colcon_core.plugin_system:Skipping extension 'colcon_core.shell.bat': Not used on non-Windows systems
[11.095s] INFO:colcon.colcon_core.shell:Creating environment hook '/home/gmo-pop/Desktop/DistriLearn/install/NIDS_PKG/share/NIDS_PKG/hook/ament_prefix_path.ps1'
[11.143s] INFO:colcon.colcon_core.shell:Creating environment descriptor '/home/gmo-pop/Desktop/DistriLearn/install/NIDS_PKG/share/NIDS_PKG/hook/ament_prefix_path.dsv'
[11.158s] INFO:colcon.colcon_core.shell:Creating environment hook '/home/gmo-pop/Desktop/DistriLearn/install/NIDS_PKG/share/NIDS_PKG/hook/ament_prefix_path.sh'
[11.186s] INFO:colcon.colcon_core.shell:Skip shell extension 'powershell' for command environment: Not usable outside of PowerShell
[11.186s] DEBUG:colcon.colcon_core.shell:Skip shell extension 'dsv' for command environment
[11.579s] INFO:colcon.colcon_core.task.python.build:Building Python package in '/home/gmo-pop/Desktop/DistriLearn/src/NIDS_PKG'
[11.614s] INFO:colcon.colcon_core.shell:Skip shell extension 'powershell' for command environment: Not usable outside of PowerShell
[11.614s] DEBUG:colcon.colcon_core.shell:Skip shell extension 'dsv' for command environment
[12.547s] DEBUG:colcon.colcon_core.event_handler.log_command:Invoking command in '/home/gmo-pop/Desktop/DistriLearn/src/NIDS_PKG': PYTHONPATH=/home/gmo-pop/Desktop/DistriLearn/build/NIDS_PKG/prefix_override:/home/gmo-pop/Desktop/DistriLearn/install/NIDS_PKG/lib/python3.10/site-packages:${PYTHONPATH} /usr/bin/python3 setup.py egg_info --egg-base ../../build/NIDS_PKG build --build-base /home/gmo-pop/Desktop/DistriLearn/build/NIDS_PKG/build install --record /home/gmo-pop/Desktop/DistriLearn/build/NIDS_PKG/install.log --install-scripts $base/lib/NIDS_PKG --single-version-externally-managed
[12.875s] DEBUG:colcon.colcon_core.event_handler.log_command:Invoked command in '/home/gmo-pop/Desktop/DistriLearn/src/NIDS_PKG' returned '0': PYTHONPATH=/home/gmo-pop/Desktop/DistriLearn/build/NIDS_PKG/prefix_override:/home/gmo-pop/Desktop/DistriLearn/install/NIDS_PKG/lib/python3.10/site-packages:${PYTHONPATH} /usr/bin/python3 setup.py egg_info --egg-base ../../build/NIDS_PKG build --build-base /home/gmo-pop/Desktop/DistriLearn/build/NIDS_PKG/build install --record /home/gmo-pop/Desktop/DistriLearn/build/NIDS_PKG/install.log --install-scripts $base/lib/NIDS_PKG --single-version-externally-managed
[12.951s] Level 1:colcon.colcon_core.environment:checking '/home/gmo-pop/Desktop/DistriLearn/install/NIDS_PKG' for CMake module files
[12.952s] Level 1:colcon.colcon_core.environment:checking '/home/gmo-pop/Desktop/DistriLearn/install/NIDS_PKG' for CMake config files
[12.978s] Level 1:colcon.colcon_core.environment:checking '/home/gmo-pop/Desktop/DistriLearn/install/NIDS_PKG/lib'
[12.979s] Level 1:colcon.colcon_core.environment:checking '/home/gmo-pop/Desktop/DistriLearn/install/NIDS_PKG/bin'
[12.979s] Level 1:colcon.colcon_core.environment:checking '/home/gmo-pop/Desktop/DistriLearn/install/NIDS_PKG/lib/pkgconfig/NIDS_PKG.pc'
[12.979s] Level 1:colcon.colcon_core.environment:checking '/home/gmo-pop/Desktop/DistriLearn/install/NIDS_PKG/lib/python3.10/site-packages'
[12.979s] Level 1:colcon.colcon_core.shell:create_environment_hook('NIDS_PKG', 'pythonpath')
[12.997s] INFO:colcon.colcon_core.shell:Creating environment hook '/home/gmo-pop/Desktop/DistriLearn/install/NIDS_PKG/share/NIDS_PKG/hook/pythonpath.ps1'
[12.997s] INFO:colcon.colcon_core.shell:Creating environment descriptor '/home/gmo-pop/Desktop/DistriLearn/install/NIDS_PKG/share/NIDS_PKG/hook/pythonpath.dsv'
[12.997s] INFO:colcon.colcon_core.shell:Creating environment hook '/home/gmo-pop/Desktop/DistriLearn/install/NIDS_PKG/share/NIDS_PKG/hook/pythonpath.sh'
[12.998s] Level 1:colcon.colcon_core.environment:checking '/home/gmo-pop/Desktop/DistriLearn/install/NIDS_PKG/bin'
[12.998s] Level 1:colcon.colcon_core.environment:create_environment_scripts_only(NIDS_PKG)
[13.015s] INFO:colcon.colcon_core.shell:Creating package script '/home/gmo-pop/Desktop/DistriLearn/install/NIDS_PKG/share/NIDS_PKG/package.ps1'
[13.039s] INFO:colcon.colcon_core.shell:Creating package descriptor '/home/gmo-pop/Desktop/DistriLearn/install/NIDS_PKG/share/NIDS_PKG/package.dsv'
[13.040s] INFO:colcon.colcon_core.shell:Creating package script '/home/gmo-pop/Desktop/DistriLearn/install/NIDS_PKG/share/NIDS_PKG/package.sh'
[13.041s] INFO:colcon.colcon_core.shell:Creating package script '/home/gmo-pop/Desktop/DistriLearn/install/NIDS_PKG/share/NIDS_PKG/package.bash'
[13.054s] INFO:colcon.colcon_core.shell:Creating package script '/home/gmo-pop/Desktop/DistriLearn/install/NIDS_PKG/share/NIDS_PKG/package.zsh'
[13.073s] Level 1:colcon.colcon_core.environment:create_file_with_runtime_dependencies(/home/gmo-pop/Desktop/DistriLearn/install/NIDS_PKG/share/colcon-core/packages/NIDS_PKG)
[13.073s] DEBUG:colcon.colcon_parallel_executor.executor.parallel:closing loop
[13.073s] DEBUG:colcon.colcon_parallel_executor.executor.parallel:loop closed
[13.073s] DEBUG:colcon.colcon_parallel_executor.executor.parallel:run_until_complete finished with '0'
[13.073s] DEBUG:colcon.colcon_core.event_reactor:joining thread
[13.149s] INFO:colcon.colcon_core.plugin_system:Skipping extension 'colcon_notification.desktop_notification.notify_send': Could not find 'notify-send'
[13.149s] INFO:colcon.colcon_core.plugin_system:Skipping extension 'colcon_notification.desktop_notification.terminal_notifier': Not used on non-Darwin systems
[13.149s] INFO:colcon.colcon_core.plugin_system:Skipping extension 'colcon_notification.desktop_notification.win32': Not used on non-Windows systems
[13.149s] INFO:colcon.colcon_notification.desktop_notification:Sending desktop notification using 'notify2'
[13.176s] DEBUG:colcon.colcon_core.event_reactor:joined thread
[13.210s] INFO:colcon.colcon_core.shell:Creating prefix script '/home/gmo-pop/Desktop/DistriLearn/install/local_setup.ps1'
[13.212s] INFO:colcon.colcon_core.shell:Creating prefix util module '/home/gmo-pop/Desktop/DistriLearn/install/_local_setup_util_ps1.py'
[13.213s] INFO:colcon.colcon_core.shell:Creating prefix chain script '/home/gmo-pop/Desktop/DistriLearn/install/setup.ps1'
[13.237s] INFO:colcon.colcon_core.shell:Creating prefix script '/home/gmo-pop/Desktop/DistriLearn/install/local_setup.sh'
[13.237s] INFO:colcon.colcon_core.shell:Creating prefix util module '/home/gmo-pop/Desktop/DistriLearn/install/_local_setup_util_sh.py'
[13.238s] INFO:colcon.colcon_core.shell:Creating prefix chain script '/home/gmo-pop/Desktop/DistriLearn/install/setup.sh'
[13.256s] INFO:colcon.colcon_core.shell:Creating prefix script '/home/gmo-pop/Desktop/DistriLearn/install/local_setup.bash'
[13.257s] INFO:colcon.colcon_core.shell:Creating prefix chain script '/home/gmo-pop/Desktop/DistriLearn/install/setup.bash'
[13.275s] INFO:colcon.colcon_core.shell:Creating prefix script '/home/gmo-pop/Desktop/DistriLearn/install/local_setup.zsh'
[13.276s] INFO:colcon.colcon_core.shell:Creating prefix chain script '/home/gmo-pop/Desktop/DistriLearn/install/setup.zsh'
