running egg_info
creating ../../build/NIDS_PKG/NIDS_PKG.egg-info
writing ../../build/NIDS_PKG/NIDS_PKG.egg-info/PKG-INFO
writing dependency_links to ../../build/NIDS_PKG/NIDS_PKG.egg-info/dependency_links.txt
writing entry points to ../../build/NIDS_PKG/NIDS_PKG.egg-info/entry_points.txt
writing requirements to ../../build/NIDS_PKG/NIDS_PKG.egg-info/requires.txt
writing top-level names to ../../build/NIDS_PKG/NIDS_PKG.egg-info/top_level.txt
writing manifest file '../../build/NIDS_PKG/NIDS_PKG.egg-info/SOURCES.txt'
reading manifest file '../../build/NIDS_PKG/NIDS_PKG.egg-info/SOURCES.txt'
writing manifest file '../../build/NIDS_PKG/NIDS_PKG.egg-info/SOURCES.txt'
running build
running build_py
creating /home/gmo/Desktop/ids_workspace/DistriLearn/build/NIDS_PKG/build
creating /home/gmo/Desktop/ids_workspace/DistriLearn/build/NIDS_PKG/build/lib
creating /home/gmo/Desktop/ids_workspace/DistriLearn/build/NIDS_PKG/build/lib/NIDS_PKG
copying NIDS_PKG/master_node_script_node.py -> /home/gmo/Desktop/ids_workspace/DistriLearn/build/NIDS_PKG/build/lib/NIDS_PKG
copying NIDS_PKG/ap_unified_ids_node.py -> /home/gmo/Desktop/ids_workspace/DistriLearn/build/NIDS_PKG/build/lib/NIDS_PKG
copying NIDS_PKG/__init__.py -> /home/gmo/Desktop/ids_workspace/DistriLearn/build/NIDS_PKG/build/lib/NIDS_PKG
running install
running install_lib
creating /home/gmo/Desktop/ids_workspace/DistriLearn/install/NIDS_PKG/lib/python3.8/site-packages/NIDS_PKG
copying /home/gmo/Desktop/ids_workspace/DistriLearn/build/NIDS_PKG/build/lib/NIDS_PKG/master_node_script_node.py -> /home/gmo/Desktop/ids_workspace/DistriLearn/install/NIDS_PKG/lib/python3.8/site-packages/NIDS_PKG
copying /home/gmo/Desktop/ids_workspace/DistriLearn/build/NIDS_PKG/build/lib/NIDS_PKG/ap_unified_ids_node.py -> /home/gmo/Desktop/ids_workspace/DistriLearn/install/NIDS_PKG/lib/python3.8/site-packages/NIDS_PKG
copying /home/gmo/Desktop/ids_workspace/DistriLearn/build/NIDS_PKG/build/lib/NIDS_PKG/__init__.py -> /home/gmo/Desktop/ids_workspace/DistriLearn/install/NIDS_PKG/lib/python3.8/site-packages/NIDS_PKG
byte-compiling /home/gmo/Desktop/ids_workspace/DistriLearn/install/NIDS_PKG/lib/python3.8/site-packages/NIDS_PKG/master_node_script_node.py to master_node_script_node.cpython-38.pyc
byte-compiling /home/gmo/Desktop/ids_workspace/DistriLearn/install/NIDS_PKG/lib/python3.8/site-packages/NIDS_PKG/ap_unified_ids_node.py to ap_unified_ids_node.cpython-38.pyc
byte-compiling /home/gmo/Desktop/ids_workspace/DistriLearn/install/NIDS_PKG/lib/python3.8/site-packages/NIDS_PKG/__init__.py to __init__.cpython-38.pyc
running install_data
creating /home/gmo/Desktop/ids_workspace/DistriLearn/install/NIDS_PKG/share/ament_index
creating /home/gmo/Desktop/ids_workspace/DistriLearn/install/NIDS_PKG/share/ament_index/resource_index
creating /home/gmo/Desktop/ids_workspace/DistriLearn/install/NIDS_PKG/share/ament_index/resource_index/packages
copying resource/NIDS_PKG -> /home/gmo/Desktop/ids_workspace/DistriLearn/install/NIDS_PKG/share/ament_index/resource_index/packages
copying package.xml -> /home/gmo/Desktop/ids_workspace/DistriLearn/install/NIDS_PKG/share/NIDS_PKG
running install_egg_info
Copying ../../build/NIDS_PKG/NIDS_PKG.egg-info to /home/gmo/Desktop/ids_workspace/DistriLearn/install/NIDS_PKG/lib/python3.8/site-packages/NIDS_PKG-0.0.0-py3.8.egg-info
running install_scripts
Installing ap_node script to /home/gmo/Desktop/ids_workspace/DistriLearn/install/NIDS_PKG/lib/NIDS_PKG
Installing master_node script to /home/gmo/Desktop/ids_workspace/DistriLearn/install/NIDS_PKG/lib/NIDS_PKG
writing list of installed files to '/home/gmo/Desktop/ids_workspace/DistriLearn/build/NIDS_PKG/install.log'
