[0.595s] Invoking command in '/home/gmo/Desktop/ids_workspace/DistriLearn/src/NIDS_PKG': PYTHONPATH=/home/gmo/Desktop/ids_workspace/DistriLearn/build/NIDS_PKG/prefix_override:/home/gmo/Desktop/ids_workspace/DistriLearn/install/NIDS_PKG/lib/python3.8/site-packages:${PYTHONPATH} /usr/bin/python3 setup.py egg_info --egg-base ../../build/NIDS_PKG build --build-base /home/gmo/Desktop/ids_workspace/DistriLearn/build/NIDS_PKG/build install --record /home/gmo/Desktop/ids_workspace/DistriLearn/build/NIDS_PKG/install.log --install-scripts $base/lib/NIDS_PKG --single-version-externally-managed
[0.794s] running egg_info
[0.795s] writing ../../build/NIDS_PKG/NIDS_PKG.egg-info/PKG-INFO
[0.796s] writing dependency_links to ../../build/NIDS_PKG/NIDS_PKG.egg-info/dependency_links.txt
[0.796s] writing entry points to ../../build/NIDS_PKG/NIDS_PKG.egg-info/entry_points.txt
[0.796s] writing requirements to ../../build/NIDS_PKG/NIDS_PKG.egg-info/requires.txt
[0.796s] writing top-level names to ../../build/NIDS_PKG/NIDS_PKG.egg-info/top_level.txt
[0.831s] reading manifest file '../../build/NIDS_PKG/NIDS_PKG.egg-info/SOURCES.txt'
[0.832s] writing manifest file '../../build/NIDS_PKG/NIDS_PKG.egg-info/SOURCES.txt'
[0.832s] running build
[0.832s] running build_py
[0.832s] copying NIDS_PKG/master_node_script_node.py -> /home/gmo/Desktop/ids_workspace/DistriLearn/build/NIDS_PKG/build/lib/NIDS_PKG
[0.832s] copying NIDS_PKG/ap_unified_ids_node.py -> /home/gmo/Desktop/ids_workspace/DistriLearn/build/NIDS_PKG/build/lib/NIDS_PKG
[0.832s] running install
[0.833s] running install_lib
[0.833s] copying /home/gmo/Desktop/ids_workspace/DistriLearn/build/NIDS_PKG/build/lib/NIDS_PKG/master_node_script_node.py -> /home/gmo/Desktop/ids_workspace/DistriLearn/install/NIDS_PKG/lib/python3.8/site-packages/NIDS_PKG
[0.834s] copying /home/gmo/Desktop/ids_workspace/DistriLearn/build/NIDS_PKG/build/lib/NIDS_PKG/ap_unified_ids_node.py -> /home/gmo/Desktop/ids_workspace/DistriLearn/install/NIDS_PKG/lib/python3.8/site-packages/NIDS_PKG
[0.834s] byte-compiling /home/gmo/Desktop/ids_workspace/DistriLearn/install/NIDS_PKG/lib/python3.8/site-packages/NIDS_PKG/master_node_script_node.py to master_node_script_node.cpython-38.pyc
[0.835s] Sorry: IndentationError: unexpected indent (master_node_script_node.py, line 56)
[0.835s] byte-compiling /home/gmo/Desktop/ids_workspace/DistriLearn/install/NIDS_PKG/lib/python3.8/site-packages/NIDS_PKG/ap_unified_ids_node.py to ap_unified_ids_node.cpython-38.pyc
[0.837s] running install_data
[0.838s] running install_egg_info
[0.839s] removing '/home/gmo/Desktop/ids_workspace/DistriLearn/install/NIDS_PKG/lib/python3.8/site-packages/NIDS_PKG-0.0.0-py3.8.egg-info' (and everything under it)
[0.840s] Copying ../../build/NIDS_PKG/NIDS_PKG.egg-info to /home/gmo/Desktop/ids_workspace/DistriLearn/install/NIDS_PKG/lib/python3.8/site-packages/NIDS_PKG-0.0.0-py3.8.egg-info
[0.840s] running install_scripts
[0.853s] Installing ap_node script to /home/gmo/Desktop/ids_workspace/DistriLearn/install/NIDS_PKG/lib/NIDS_PKG
[0.853s] Installing master_node script to /home/gmo/Desktop/ids_workspace/DistriLearn/install/NIDS_PKG/lib/NIDS_PKG
[0.853s] writing list of installed files to '/home/gmo/Desktop/ids_workspace/DistriLearn/build/NIDS_PKG/install.log'
[0.868s] Invoked command in '/home/gmo/Desktop/ids_workspace/DistriLearn/src/NIDS_PKG' returned '0': PYTHONPATH=/home/gmo/Desktop/ids_workspace/DistriLearn/build/NIDS_PKG/prefix_override:/home/gmo/Desktop/ids_workspace/DistriLearn/install/NIDS_PKG/lib/python3.8/site-packages:${PYTHONPATH} /usr/bin/python3 setup.py egg_info --egg-base ../../build/NIDS_PKG build --build-base /home/gmo/Desktop/ids_workspace/DistriLearn/build/NIDS_PKG/build install --record /home/gmo/Desktop/ids_workspace/DistriLearn/build/NIDS_PKG/install.log --install-scripts $base/lib/NIDS_PKG --single-version-externally-managed
