/home/gmo-pop/Desktop/DistriLearn/install/NIDS_PKG/lib/python3.10/site-packages/NIDS_PKG/blackListAPI.py
/home/gmo-pop/Desktop/DistriLearn/install/NIDS_PKG/lib/python3.10/site-packages/NIDS_PKG/kappa_coeff.py
/home/gmo-pop/Desktop/DistriLearn/install/NIDS_PKG/lib/python3.10/site-packages/NIDS_PKG/master_node_script_node.py
/home/gmo-pop/Desktop/DistriLearn/install/NIDS_PKG/lib/python3.10/site-packages/NIDS_PKG/blackListAPI_backup.py
/home/gmo-pop/Desktop/DistriLearn/install/NIDS_PKG/lib/python3.10/site-packages/NIDS_PKG/__init__.py
/home/gmo-pop/Desktop/DistriLearn/install/NIDS_PKG/lib/python3.10/site-packages/NIDS_PKG/ap_unified_ids_node.py
/home/gmo-pop/Desktop/DistriLearn/install/NIDS_PKG/lib/python3.10/site-packages/NIDS_PKG/__pycache__/blackListAPI.cpython-310.pyc
/home/gmo-pop/Desktop/DistriLearn/install/NIDS_PKG/lib/python3.10/site-packages/NIDS_PKG/__pycache__/kappa_coeff.cpython-310.pyc
/home/gmo-pop/Desktop/DistriLearn/install/NIDS_PKG/lib/python3.10/site-packages/NIDS_PKG/__pycache__/master_node_script_node.cpython-310.pyc
/home/gmo-pop/Desktop/DistriLearn/install/NIDS_PKG/lib/python3.10/site-packages/NIDS_PKG/__pycache__/blackListAPI_backup.cpython-310.pyc
/home/gmo-pop/Desktop/DistriLearn/install/NIDS_PKG/lib/python3.10/site-packages/NIDS_PKG/__pycache__/__init__.cpython-310.pyc
/home/gmo-pop/Desktop/DistriLearn/install/NIDS_PKG/lib/python3.10/site-packages/NIDS_PKG/__pycache__/ap_unified_ids_node.cpython-310.pyc
/home/gmo-pop/Desktop/DistriLearn/install/NIDS_PKG/share/ament_index/resource_index/packages/NIDS_PKG
/home/gmo-pop/Desktop/DistriLearn/install/NIDS_PKG/share/NIDS_PKG/package.xml
/home/gmo-pop/Desktop/DistriLearn/install/NIDS_PKG/lib/python3.10/site-packages/NIDS_PKG-0.0.0-py3.10.egg-info/dependency_links.txt
/home/gmo-pop/Desktop/DistriLearn/install/NIDS_PKG/lib/python3.10/site-packages/NIDS_PKG-0.0.0-py3.10.egg-info/zip-safe
/home/gmo-pop/Desktop/DistriLearn/install/NIDS_PKG/lib/python3.10/site-packages/NIDS_PKG-0.0.0-py3.10.egg-info/top_level.txt
/home/gmo-pop/Desktop/DistriLearn/install/NIDS_PKG/lib/python3.10/site-packages/NIDS_PKG-0.0.0-py3.10.egg-info/entry_points.txt
/home/gmo-pop/Desktop/DistriLearn/install/NIDS_PKG/lib/python3.10/site-packages/NIDS_PKG-0.0.0-py3.10.egg-info/SOURCES.txt
/home/gmo-pop/Desktop/DistriLearn/install/NIDS_PKG/lib/python3.10/site-packages/NIDS_PKG-0.0.0-py3.10.egg-info/PKG-INFO
/home/gmo-pop/Desktop/DistriLearn/install/NIDS_PKG/lib/python3.10/site-packages/NIDS_PKG-0.0.0-py3.10.egg-info/requires.txt
/home/gmo-pop/Desktop/DistriLearn/install/NIDS_PKG/lib/NIDS_PKG/ap_node
/home/gmo-pop/Desktop/DistriLearn/install/NIDS_PKG/lib/NIDS_PKG/master_node
