[0.741s] Invoking command in '/home/gmo-pop/Desktop/DistriLearn/src/NIDS_PKG': PYTHONPATH=/home/gmo-pop/Desktop/DistriLearn/build/NIDS_PKG/prefix_override:/home/gmo-pop/Desktop/DistriLearn/install/NIDS_PKG/lib/python3.10/site-packages:${PYTHONPATH} /usr/bin/python3 setup.py egg_info --egg-base ../../build/NIDS_PKG build --build-base /home/gmo-pop/Desktop/DistriLearn/build/NIDS_PKG/build install --record /home/gmo-pop/Desktop/DistriLearn/build/NIDS_PKG/install.log --install-scripts $base/lib/NIDS_PKG --single-version-externally-managed
[0.954s] /home/gmo-pop/.local/lib/python3.10/site-packages/setuptools/dist.py:717: UserWarning: Usage of dash-separated 'script-dir' will not be supported in future versions. Please use the underscore name 'script_dir' instead
[0.954s]   warnings.warn(
[0.973s] running egg_info
[0.973s] writing ../../build/NIDS_PKG/NIDS_PKG.egg-info/PKG-INFO
[0.974s] writing dependency_links to ../../build/NIDS_PKG/NIDS_PKG.egg-info/dependency_links.txt
[0.974s] writing entry points to ../../build/NIDS_PKG/NIDS_PKG.egg-info/entry_points.txt
[0.974s] writing requirements to ../../build/NIDS_PKG/NIDS_PKG.egg-info/requires.txt
[0.974s] writing top-level names to ../../build/NIDS_PKG/NIDS_PKG.egg-info/top_level.txt
[0.975s] reading manifest file '../../build/NIDS_PKG/NIDS_PKG.egg-info/SOURCES.txt'
[0.976s] writing manifest file '../../build/NIDS_PKG/NIDS_PKG.egg-info/SOURCES.txt'
[0.976s] running build
[0.976s] running build_py
[0.976s] copying NIDS_PKG/ap_unified_ids_node.py -> /home/gmo-pop/Desktop/DistriLearn/build/NIDS_PKG/build/lib/NIDS_PKG
[0.976s] running install
[0.977s] running install_lib
[0.977s] copying /home/gmo-pop/Desktop/DistriLearn/build/NIDS_PKG/build/lib/NIDS_PKG/ap_unified_ids_node.py -> /home/gmo-pop/Desktop/DistriLearn/install/NIDS_PKG/lib/python3.10/site-packages/NIDS_PKG
[0.978s] byte-compiling /home/gmo-pop/Desktop/DistriLearn/install/NIDS_PKG/lib/python3.10/site-packages/NIDS_PKG/ap_unified_ids_node.py to ap_unified_ids_node.cpython-310.pyc
[0.980s] running install_data
[0.981s] running install_egg_info
[0.982s] removing '/home/gmo-pop/Desktop/DistriLearn/install/NIDS_PKG/lib/python3.10/site-packages/NIDS_PKG-0.0.0-py3.10.egg-info' (and everything under it)
[0.982s] Copying ../../build/NIDS_PKG/NIDS_PKG.egg-info to /home/gmo-pop/Desktop/DistriLearn/install/NIDS_PKG/lib/python3.10/site-packages/NIDS_PKG-0.0.0-py3.10.egg-info
[0.983s] running install_scripts
[0.995s] Installing ap_node script to /home/gmo-pop/Desktop/DistriLearn/install/NIDS_PKG/lib/NIDS_PKG
[0.996s] Installing master_node script to /home/gmo-pop/Desktop/DistriLearn/install/NIDS_PKG/lib/NIDS_PKG
[0.996s] writing list of installed files to '/home/gmo-pop/Desktop/DistriLearn/build/NIDS_PKG/install.log'
[1.012s] Invoked command in '/home/gmo-pop/Desktop/DistriLearn/src/NIDS_PKG' returned '0': PYTHONPATH=/home/gmo-pop/Desktop/DistriLearn/build/NIDS_PKG/prefix_override:/home/gmo-pop/Desktop/DistriLearn/install/NIDS_PKG/lib/python3.10/site-packages:${PYTHONPATH} /usr/bin/python3 setup.py egg_info --egg-base ../../build/NIDS_PKG build --build-base /home/gmo-pop/Desktop/DistriLearn/build/NIDS_PKG/build install --record /home/gmo-pop/Desktop/DistriLearn/build/NIDS_PKG/install.log --install-scripts $base/lib/NIDS_PKG --single-version-externally-managed
