[6.368s] DEBUG:colcon:Command line arguments: ['/usr/bin/colcon', 'build']
[6.368s] DEBUG:colcon:Parsed command line arguments: Namespace(log_base=None, log_level=None, verb_name='build', build_base='build', install_base='install', merge_install=False, symlink_install=False, test_result_base=None, continue_on_error=False, executor='parallel', parallel_workers=16, event_handlers=None, ignore_user_meta=False, metas=['./colcon.meta'], base_paths=['.'], packages_ignore=None, packages_ignore_regex=None, paths=None, packages_up_to=None, packages_up_to_regex=None, packages_above=None, packages_above_and_dependencies=None, packages_above_depth=None, packages_select_by_dep=None, packages_skip_by_dep=None, packages_skip_up_to=None, packages_select_build_failed=False, packages_skip_build_finished=False, packages_select_test_failures=False, packages_skip_test_passed=False, packages_select=None, packages_skip=None, packages_select_regex=None, packages_skip_regex=None, packages_start=None, packages_end=None, cmake_args=None, cmake_target=None, cmake_target_skip_unavailable=False, cmake_clean_cache=False, cmake_clean_first=False, cmake_force_configure=False, ament_cmake_args=None, catkin_cmake_args=None, catkin_skip_building_tests=False, verb_parser=<colcon_defaults.argument_parser.defaults.DefaultArgumentsDecorator object at 0x77f66c764490>, verb_extension=<colcon_core.verb.build.BuildVerb object at 0x77f66c73ff70>, main=<bound method BuildVerb.main of <colcon_core.verb.build.BuildVerb object at 0x77f66c73ff70>>)
[6.547s] Level 1:colcon.colcon_core.package_discovery:discover_packages(colcon_meta) check parameters
[6.547s] Level 1:colcon.colcon_core.package_discovery:discover_packages(recursive) check parameters
[6.547s] Level 1:colcon.colcon_core.package_discovery:discover_packages(ignore) check parameters
[6.547s] Level 1:colcon.colcon_core.package_discovery:discover_packages(path) check parameters
[6.547s] Level 1:colcon.colcon_core.package_discovery:discover_packages(colcon_meta) discover
[6.547s] Level 1:colcon.colcon_core.package_discovery:discover_packages(recursive) discover
[6.547s] INFO:colcon.colcon_core.package_discovery:Crawling recursively for packages in '/home/gmo-pop/Desktop/DistriLearn'
[6.547s] Level 1:colcon.colcon_core.package_identification:_identify(.) by extensions ['ignore', 'ignore_ament_install']
[6.547s] Level 1:colcon.colcon_core.package_identification:_identify(.) by extension 'ignore'
[6.547s] Level 1:colcon.colcon_core.package_identification:_identify(.) by extension 'ignore_ament_install'
[6.547s] Level 1:colcon.colcon_core.package_identification:_identify(.) by extensions ['colcon_pkg']
[6.547s] Level 1:colcon.colcon_core.package_identification:_identify(.) by extension 'colcon_pkg'
[6.547s] Level 1:colcon.colcon_core.package_identification:_identify(.) by extensions ['colcon_meta']
[6.547s] Level 1:colcon.colcon_core.package_identification:_identify(.) by extension 'colcon_meta'
[6.547s] Level 1:colcon.colcon_core.package_identification:_identify(.) by extensions ['ros']
[6.547s] Level 1:colcon.colcon_core.package_identification:_identify(.) by extension 'ros'
[6.575s] Level 1:colcon.colcon_core.package_identification:_identify(.) by extensions ['cmake', 'python']
[6.575s] Level 1:colcon.colcon_core.package_identification:_identify(.) by extension 'cmake'
[6.575s] Level 1:colcon.colcon_core.package_identification:_identify(.) by extension 'python'
[6.575s] Level 1:colcon.colcon_core.package_identification:_identify(.) by extensions ['python_setup_py']
[6.575s] Level 1:colcon.colcon_core.package_identification:_identify(.) by extension 'python_setup_py'
[6.575s] Level 1:colcon.colcon_core.package_identification:_identify(ModelPack) by extensions ['ignore', 'ignore_ament_install']
[6.576s] Level 1:colcon.colcon_core.package_identification:_identify(ModelPack) by extension 'ignore'
[6.576s] Level 1:colcon.colcon_core.package_identification:_identify(ModelPack) by extension 'ignore_ament_install'
[6.576s] Level 1:colcon.colcon_core.package_identification:_identify(ModelPack) by extensions ['colcon_pkg']
[6.576s] Level 1:colcon.colcon_core.package_identification:_identify(ModelPack) by extension 'colcon_pkg'
[6.576s] Level 1:colcon.colcon_core.package_identification:_identify(ModelPack) by extensions ['colcon_meta']
[6.576s] Level 1:colcon.colcon_core.package_identification:_identify(ModelPack) by extension 'colcon_meta'
[6.576s] Level 1:colcon.colcon_core.package_identification:_identify(ModelPack) by extensions ['ros']
[6.576s] Level 1:colcon.colcon_core.package_identification:_identify(ModelPack) by extension 'ros'
[6.576s] Level 1:colcon.colcon_core.package_identification:_identify(ModelPack) by extensions ['cmake', 'python']
[6.576s] Level 1:colcon.colcon_core.package_identification:_identify(ModelPack) by extension 'cmake'
[6.576s] Level 1:colcon.colcon_core.package_identification:_identify(ModelPack) by extension 'python'
[6.576s] Level 1:colcon.colcon_core.package_identification:_identify(ModelPack) by extensions ['python_setup_py']
[6.576s] Level 1:colcon.colcon_core.package_identification:_identify(ModelPack) by extension 'python_setup_py'
[6.576s] Level 1:colcon.colcon_core.package_identification:_identify(ModelPack/17_18_models) by extensions ['ignore', 'ignore_ament_install']
[6.576s] Level 1:colcon.colcon_core.package_identification:_identify(ModelPack/17_18_models) by extension 'ignore'
[6.576s] Level 1:colcon.colcon_core.package_identification:_identify(ModelPack/17_18_models) by extension 'ignore_ament_install'
[6.576s] Level 1:colcon.colcon_core.package_identification:_identify(ModelPack/17_18_models) by extensions ['colcon_pkg']
[6.576s] Level 1:colcon.colcon_core.package_identification:_identify(ModelPack/17_18_models) by extension 'colcon_pkg'
[6.576s] Level 1:colcon.colcon_core.package_identification:_identify(ModelPack/17_18_models) by extensions ['colcon_meta']
[6.576s] Level 1:colcon.colcon_core.package_identification:_identify(ModelPack/17_18_models) by extension 'colcon_meta'
[6.576s] Level 1:colcon.colcon_core.package_identification:_identify(ModelPack/17_18_models) by extensions ['ros']
[6.576s] Level 1:colcon.colcon_core.package_identification:_identify(ModelPack/17_18_models) by extension 'ros'
[6.577s] Level 1:colcon.colcon_core.package_identification:_identify(ModelPack/17_18_models) by extensions ['cmake', 'python']
[6.577s] Level 1:colcon.colcon_core.package_identification:_identify(ModelPack/17_18_models) by extension 'cmake'
[6.577s] Level 1:colcon.colcon_core.package_identification:_identify(ModelPack/17_18_models) by extension 'python'
[6.577s] Level 1:colcon.colcon_core.package_identification:_identify(ModelPack/17_18_models) by extensions ['python_setup_py']
[6.577s] Level 1:colcon.colcon_core.package_identification:_identify(ModelPack/17_18_models) by extension 'python_setup_py'
[6.577s] Level 1:colcon.colcon_core.package_identification:_identify(ModelPack/17_18_models/Log regression) by extensions ['ignore', 'ignore_ament_install']
[6.577s] Level 1:colcon.colcon_core.package_identification:_identify(ModelPack/17_18_models/Log regression) by extension 'ignore'
[6.577s] Level 1:colcon.colcon_core.package_identification:_identify(ModelPack/17_18_models/Log regression) by extension 'ignore_ament_install'
[6.577s] Level 1:colcon.colcon_core.package_identification:_identify(ModelPack/17_18_models/Log regression) by extensions ['colcon_pkg']
[6.577s] Level 1:colcon.colcon_core.package_identification:_identify(ModelPack/17_18_models/Log regression) by extension 'colcon_pkg'
[6.577s] Level 1:colcon.colcon_core.package_identification:_identify(ModelPack/17_18_models/Log regression) by extensions ['colcon_meta']
[6.577s] Level 1:colcon.colcon_core.package_identification:_identify(ModelPack/17_18_models/Log regression) by extension 'colcon_meta'
[6.577s] Level 1:colcon.colcon_core.package_identification:_identify(ModelPack/17_18_models/Log regression) by extensions ['ros']
[6.577s] Level 1:colcon.colcon_core.package_identification:_identify(ModelPack/17_18_models/Log regression) by extension 'ros'
[6.577s] Level 1:colcon.colcon_core.package_identification:_identify(ModelPack/17_18_models/Log regression) by extensions ['cmake', 'python']
[6.577s] Level 1:colcon.colcon_core.package_identification:_identify(ModelPack/17_18_models/Log regression) by extension 'cmake'
[6.577s] Level 1:colcon.colcon_core.package_identification:_identify(ModelPack/17_18_models/Log regression) by extension 'python'
[6.577s] Level 1:colcon.colcon_core.package_identification:_identify(ModelPack/17_18_models/Log regression) by extensions ['python_setup_py']
[6.577s] Level 1:colcon.colcon_core.package_identification:_identify(ModelPack/17_18_models/Log regression) by extension 'python_setup_py'
[6.577s] Level 1:colcon.colcon_core.package_identification:_identify(ModelPack/17_18_models/NN) by extensions ['ignore', 'ignore_ament_install']
[6.577s] Level 1:colcon.colcon_core.package_identification:_identify(ModelPack/17_18_models/NN) by extension 'ignore'
[6.577s] Level 1:colcon.colcon_core.package_identification:_identify(ModelPack/17_18_models/NN) by extension 'ignore_ament_install'
[6.578s] Level 1:colcon.colcon_core.package_identification:_identify(ModelPack/17_18_models/NN) by extensions ['colcon_pkg']
[6.578s] Level 1:colcon.colcon_core.package_identification:_identify(ModelPack/17_18_models/NN) by extension 'colcon_pkg'
[6.578s] Level 1:colcon.colcon_core.package_identification:_identify(ModelPack/17_18_models/NN) by extensions ['colcon_meta']
[6.578s] Level 1:colcon.colcon_core.package_identification:_identify(ModelPack/17_18_models/NN) by extension 'colcon_meta'
[6.578s] Level 1:colcon.colcon_core.package_identification:_identify(ModelPack/17_18_models/NN) by extensions ['ros']
[6.578s] Level 1:colcon.colcon_core.package_identification:_identify(ModelPack/17_18_models/NN) by extension 'ros'
[6.578s] Level 1:colcon.colcon_core.package_identification:_identify(ModelPack/17_18_models/NN) by extensions ['cmake', 'python']
[6.578s] Level 1:colcon.colcon_core.package_identification:_identify(ModelPack/17_18_models/NN) by extension 'cmake'
[6.578s] Level 1:colcon.colcon_core.package_identification:_identify(ModelPack/17_18_models/NN) by extension 'python'
[6.578s] Level 1:colcon.colcon_core.package_identification:_identify(ModelPack/17_18_models/NN) by extensions ['python_setup_py']
[6.578s] Level 1:colcon.colcon_core.package_identification:_identify(ModelPack/17_18_models/NN) by extension 'python_setup_py'
[6.578s] Level 1:colcon.colcon_core.package_identification:_identify(ModelPack/17_18_models/Random Forest) by extensions ['ignore', 'ignore_ament_install']
[6.578s] Level 1:colcon.colcon_core.package_identification:_identify(ModelPack/17_18_models/Random Forest) by extension 'ignore'
[6.578s] Level 1:colcon.colcon_core.package_identification:_identify(ModelPack/17_18_models/Random Forest) by extension 'ignore_ament_install'
[6.578s] Level 1:colcon.colcon_core.package_identification:_identify(ModelPack/17_18_models/Random Forest) by extensions ['colcon_pkg']
[6.578s] Level 1:colcon.colcon_core.package_identification:_identify(ModelPack/17_18_models/Random Forest) by extension 'colcon_pkg'
[6.578s] Level 1:colcon.colcon_core.package_identification:_identify(ModelPack/17_18_models/Random Forest) by extensions ['colcon_meta']
[6.578s] Level 1:colcon.colcon_core.package_identification:_identify(ModelPack/17_18_models/Random Forest) by extension 'colcon_meta'
[6.578s] Level 1:colcon.colcon_core.package_identification:_identify(ModelPack/17_18_models/Random Forest) by extensions ['ros']
[6.578s] Level 1:colcon.colcon_core.package_identification:_identify(ModelPack/17_18_models/Random Forest) by extension 'ros'
[6.578s] Level 1:colcon.colcon_core.package_identification:_identify(ModelPack/17_18_models/Random Forest) by extensions ['cmake', 'python']
[6.578s] Level 1:colcon.colcon_core.package_identification:_identify(ModelPack/17_18_models/Random Forest) by extension 'cmake'
[6.578s] Level 1:colcon.colcon_core.package_identification:_identify(ModelPack/17_18_models/Random Forest) by extension 'python'
[6.579s] Level 1:colcon.colcon_core.package_identification:_identify(ModelPack/17_18_models/Random Forest) by extensions ['python_setup_py']
[6.579s] Level 1:colcon.colcon_core.package_identification:_identify(ModelPack/17_18_models/Random Forest) by extension 'python_setup_py'
[6.579s] Level 1:colcon.colcon_core.package_identification:_identify(ModelPack/17_18_models/SVM) by extensions ['ignore', 'ignore_ament_install']
[6.579s] Level 1:colcon.colcon_core.package_identification:_identify(ModelPack/17_18_models/SVM) by extension 'ignore'
[6.579s] Level 1:colcon.colcon_core.package_identification:_identify(ModelPack/17_18_models/SVM) by extension 'ignore_ament_install'
[6.579s] Level 1:colcon.colcon_core.package_identification:_identify(ModelPack/17_18_models/SVM) by extensions ['colcon_pkg']
[6.579s] Level 1:colcon.colcon_core.package_identification:_identify(ModelPack/17_18_models/SVM) by extension 'colcon_pkg'
[6.579s] Level 1:colcon.colcon_core.package_identification:_identify(ModelPack/17_18_models/SVM) by extensions ['colcon_meta']
[6.579s] Level 1:colcon.colcon_core.package_identification:_identify(ModelPack/17_18_models/SVM) by extension 'colcon_meta'
[6.579s] Level 1:colcon.colcon_core.package_identification:_identify(ModelPack/17_18_models/SVM) by extensions ['ros']
[6.579s] Level 1:colcon.colcon_core.package_identification:_identify(ModelPack/17_18_models/SVM) by extension 'ros'
[6.579s] Level 1:colcon.colcon_core.package_identification:_identify(ModelPack/17_18_models/SVM) by extensions ['cmake', 'python']
[6.579s] Level 1:colcon.colcon_core.package_identification:_identify(ModelPack/17_18_models/SVM) by extension 'cmake'
[6.579s] Level 1:colcon.colcon_core.package_identification:_identify(ModelPack/17_18_models/SVM) by extension 'python'
[6.579s] Level 1:colcon.colcon_core.package_identification:_identify(ModelPack/17_18_models/SVM) by extensions ['python_setup_py']
[6.579s] Level 1:colcon.colcon_core.package_identification:_identify(ModelPack/17_18_models/SVM) by extension 'python_setup_py'
[6.579s] Level 1:colcon.colcon_core.package_identification:_identify(ModelPack/clean_17_models) by extensions ['ignore', 'ignore_ament_install']
[6.579s] Level 1:colcon.colcon_core.package_identification:_identify(ModelPack/clean_17_models) by extension 'ignore'
[6.579s] Level 1:colcon.colcon_core.package_identification:_identify(ModelPack/clean_17_models) by extension 'ignore_ament_install'
[6.579s] Level 1:colcon.colcon_core.package_identification:_identify(ModelPack/clean_17_models) by extensions ['colcon_pkg']
[6.579s] Level 1:colcon.colcon_core.package_identification:_identify(ModelPack/clean_17_models) by extension 'colcon_pkg'
[6.579s] Level 1:colcon.colcon_core.package_identification:_identify(ModelPack/clean_17_models) by extensions ['colcon_meta']
[6.580s] Level 1:colcon.colcon_core.package_identification:_identify(ModelPack/clean_17_models) by extension 'colcon_meta'
[6.580s] Level 1:colcon.colcon_core.package_identification:_identify(ModelPack/clean_17_models) by extensions ['ros']
[6.580s] Level 1:colcon.colcon_core.package_identification:_identify(ModelPack/clean_17_models) by extension 'ros'
[6.580s] Level 1:colcon.colcon_core.package_identification:_identify(ModelPack/clean_17_models) by extensions ['cmake', 'python']
[6.580s] Level 1:colcon.colcon_core.package_identification:_identify(ModelPack/clean_17_models) by extension 'cmake'
[6.580s] Level 1:colcon.colcon_core.package_identification:_identify(ModelPack/clean_17_models) by extension 'python'
[6.580s] Level 1:colcon.colcon_core.package_identification:_identify(ModelPack/clean_17_models) by extensions ['python_setup_py']
[6.580s] Level 1:colcon.colcon_core.package_identification:_identify(ModelPack/clean_17_models) by extension 'python_setup_py'
[6.580s] Level 1:colcon.colcon_core.package_identification:_identify(ModelPack/clean_17_models/Log regression) by extensions ['ignore', 'ignore_ament_install']
[6.580s] Level 1:colcon.colcon_core.package_identification:_identify(ModelPack/clean_17_models/Log regression) by extension 'ignore'
[6.580s] Level 1:colcon.colcon_core.package_identification:_identify(ModelPack/clean_17_models/Log regression) by extension 'ignore_ament_install'
[6.580s] Level 1:colcon.colcon_core.package_identification:_identify(ModelPack/clean_17_models/Log regression) by extensions ['colcon_pkg']
[6.580s] Level 1:colcon.colcon_core.package_identification:_identify(ModelPack/clean_17_models/Log regression) by extension 'colcon_pkg'
[6.580s] Level 1:colcon.colcon_core.package_identification:_identify(ModelPack/clean_17_models/Log regression) by extensions ['colcon_meta']
[6.580s] Level 1:colcon.colcon_core.package_identification:_identify(ModelPack/clean_17_models/Log regression) by extension 'colcon_meta'
[6.580s] Level 1:colcon.colcon_core.package_identification:_identify(ModelPack/clean_17_models/Log regression) by extensions ['ros']
[6.580s] Level 1:colcon.colcon_core.package_identification:_identify(ModelPack/clean_17_models/Log regression) by extension 'ros'
[6.580s] Level 1:colcon.colcon_core.package_identification:_identify(ModelPack/clean_17_models/Log regression) by extensions ['cmake', 'python']
[6.580s] Level 1:colcon.colcon_core.package_identification:_identify(ModelPack/clean_17_models/Log regression) by extension 'cmake'
[6.580s] Level 1:colcon.colcon_core.package_identification:_identify(ModelPack/clean_17_models/Log regression) by extension 'python'
[6.580s] Level 1:colcon.colcon_core.package_identification:_identify(ModelPack/clean_17_models/Log regression) by extensions ['python_setup_py']
[6.580s] Level 1:colcon.colcon_core.package_identification:_identify(ModelPack/clean_17_models/Log regression) by extension 'python_setup_py'
[6.581s] Level 1:colcon.colcon_core.package_identification:_identify(ModelPack/clean_17_models/NN) by extensions ['ignore', 'ignore_ament_install']
[6.581s] Level 1:colcon.colcon_core.package_identification:_identify(ModelPack/clean_17_models/NN) by extension 'ignore'
[6.581s] Level 1:colcon.colcon_core.package_identification:_identify(ModelPack/clean_17_models/NN) by extension 'ignore_ament_install'
[6.581s] Level 1:colcon.colcon_core.package_identification:_identify(ModelPack/clean_17_models/NN) by extensions ['colcon_pkg']
[6.581s] Level 1:colcon.colcon_core.package_identification:_identify(ModelPack/clean_17_models/NN) by extension 'colcon_pkg'
[6.581s] Level 1:colcon.colcon_core.package_identification:_identify(ModelPack/clean_17_models/NN) by extensions ['colcon_meta']
[6.581s] Level 1:colcon.colcon_core.package_identification:_identify(ModelPack/clean_17_models/NN) by extension 'colcon_meta'
[6.581s] Level 1:colcon.colcon_core.package_identification:_identify(ModelPack/clean_17_models/NN) by extensions ['ros']
[6.581s] Level 1:colcon.colcon_core.package_identification:_identify(ModelPack/clean_17_models/NN) by extension 'ros'
[6.581s] Level 1:colcon.colcon_core.package_identification:_identify(ModelPack/clean_17_models/NN) by extensions ['cmake', 'python']
[6.581s] Level 1:colcon.colcon_core.package_identification:_identify(ModelPack/clean_17_models/NN) by extension 'cmake'
[6.581s] Level 1:colcon.colcon_core.package_identification:_identify(ModelPack/clean_17_models/NN) by extension 'python'
[6.581s] Level 1:colcon.colcon_core.package_identification:_identify(ModelPack/clean_17_models/NN) by extensions ['python_setup_py']
[6.581s] Level 1:colcon.colcon_core.package_identification:_identify(ModelPack/clean_17_models/NN) by extension 'python_setup_py'
[6.581s] Level 1:colcon.colcon_core.package_identification:_identify(ModelPack/clean_17_models/Random Forest) by extensions ['ignore', 'ignore_ament_install']
[6.581s] Level 1:colcon.colcon_core.package_identification:_identify(ModelPack/clean_17_models/Random Forest) by extension 'ignore'
[6.581s] Level 1:colcon.colcon_core.package_identification:_identify(ModelPack/clean_17_models/Random Forest) by extension 'ignore_ament_install'
[6.581s] Level 1:colcon.colcon_core.package_identification:_identify(ModelPack/clean_17_models/Random Forest) by extensions ['colcon_pkg']
[6.581s] Level 1:colcon.colcon_core.package_identification:_identify(ModelPack/clean_17_models/Random Forest) by extension 'colcon_pkg'
[6.581s] Level 1:colcon.colcon_core.package_identification:_identify(ModelPack/clean_17_models/Random Forest) by extensions ['colcon_meta']
[6.581s] Level 1:colcon.colcon_core.package_identification:_identify(ModelPack/clean_17_models/Random Forest) by extension 'colcon_meta'
[6.581s] Level 1:colcon.colcon_core.package_identification:_identify(ModelPack/clean_17_models/Random Forest) by extensions ['ros']
[6.581s] Level 1:colcon.colcon_core.package_identification:_identify(ModelPack/clean_17_models/Random Forest) by extension 'ros'
[6.582s] Level 1:colcon.colcon_core.package_identification:_identify(ModelPack/clean_17_models/Random Forest) by extensions ['cmake', 'python']
[6.582s] Level 1:colcon.colcon_core.package_identification:_identify(ModelPack/clean_17_models/Random Forest) by extension 'cmake'
[6.582s] Level 1:colcon.colcon_core.package_identification:_identify(ModelPack/clean_17_models/Random Forest) by extension 'python'
[6.582s] Level 1:colcon.colcon_core.package_identification:_identify(ModelPack/clean_17_models/Random Forest) by extensions ['python_setup_py']
[6.582s] Level 1:colcon.colcon_core.package_identification:_identify(ModelPack/clean_17_models/Random Forest) by extension 'python_setup_py'
[6.582s] Level 1:colcon.colcon_core.package_identification:_identify(ModelPack/clean_17_models/SVM) by extensions ['ignore', 'ignore_ament_install']
[6.582s] Level 1:colcon.colcon_core.package_identification:_identify(ModelPack/clean_17_models/SVM) by extension 'ignore'
[6.582s] Level 1:colcon.colcon_core.package_identification:_identify(ModelPack/clean_17_models/SVM) by extension 'ignore_ament_install'
[6.582s] Level 1:colcon.colcon_core.package_identification:_identify(ModelPack/clean_17_models/SVM) by extensions ['colcon_pkg']
[6.582s] Level 1:colcon.colcon_core.package_identification:_identify(ModelPack/clean_17_models/SVM) by extension 'colcon_pkg'
[6.582s] Level 1:colcon.colcon_core.package_identification:_identify(ModelPack/clean_17_models/SVM) by extensions ['colcon_meta']
[6.582s] Level 1:colcon.colcon_core.package_identification:_identify(ModelPack/clean_17_models/SVM) by extension 'colcon_meta'
[6.582s] Level 1:colcon.colcon_core.package_identification:_identify(ModelPack/clean_17_models/SVM) by extensions ['ros']
[6.582s] Level 1:colcon.colcon_core.package_identification:_identify(ModelPack/clean_17_models/SVM) by extension 'ros'
[6.582s] Level 1:colcon.colcon_core.package_identification:_identify(ModelPack/clean_17_models/SVM) by extensions ['cmake', 'python']
[6.582s] Level 1:colcon.colcon_core.package_identification:_identify(ModelPack/clean_17_models/SVM) by extension 'cmake'
[6.582s] Level 1:colcon.colcon_core.package_identification:_identify(ModelPack/clean_17_models/SVM) by extension 'python'
[6.582s] Level 1:colcon.colcon_core.package_identification:_identify(ModelPack/clean_17_models/SVM) by extensions ['python_setup_py']
[6.582s] Level 1:colcon.colcon_core.package_identification:_identify(ModelPack/clean_17_models/SVM) by extension 'python_setup_py'
[6.582s] Level 1:colcon.colcon_core.package_identification:_identify(ModelPack/clean_18_models) by extensions ['ignore', 'ignore_ament_install']
[6.582s] Level 1:colcon.colcon_core.package_identification:_identify(ModelPack/clean_18_models) by extension 'ignore'
[6.583s] Level 1:colcon.colcon_core.package_identification:_identify(ModelPack/clean_18_models) by extension 'ignore_ament_install'
[6.583s] Level 1:colcon.colcon_core.package_identification:_identify(ModelPack/clean_18_models) by extensions ['colcon_pkg']
[6.583s] Level 1:colcon.colcon_core.package_identification:_identify(ModelPack/clean_18_models) by extension 'colcon_pkg'
[6.583s] Level 1:colcon.colcon_core.package_identification:_identify(ModelPack/clean_18_models) by extensions ['colcon_meta']
[6.583s] Level 1:colcon.colcon_core.package_identification:_identify(ModelPack/clean_18_models) by extension 'colcon_meta'
[6.583s] Level 1:colcon.colcon_core.package_identification:_identify(ModelPack/clean_18_models) by extensions ['ros']
[6.583s] Level 1:colcon.colcon_core.package_identification:_identify(ModelPack/clean_18_models) by extension 'ros'
[6.583s] Level 1:colcon.colcon_core.package_identification:_identify(ModelPack/clean_18_models) by extensions ['cmake', 'python']
[6.583s] Level 1:colcon.colcon_core.package_identification:_identify(ModelPack/clean_18_models) by extension 'cmake'
[6.583s] Level 1:colcon.colcon_core.package_identification:_identify(ModelPack/clean_18_models) by extension 'python'
[6.583s] Level 1:colcon.colcon_core.package_identification:_identify(ModelPack/clean_18_models) by extensions ['python_setup_py']
[6.583s] Level 1:colcon.colcon_core.package_identification:_identify(ModelPack/clean_18_models) by extension 'python_setup_py'
[6.583s] Level 1:colcon.colcon_core.package_identification:_identify(ModelPack/clean_18_models/Log regression) by extensions ['ignore', 'ignore_ament_install']
[6.583s] Level 1:colcon.colcon_core.package_identification:_identify(ModelPack/clean_18_models/Log regression) by extension 'ignore'
[6.583s] Level 1:colcon.colcon_core.package_identification:_identify(ModelPack/clean_18_models/Log regression) by extension 'ignore_ament_install'
[6.583s] Level 1:colcon.colcon_core.package_identification:_identify(ModelPack/clean_18_models/Log regression) by extensions ['colcon_pkg']
[6.583s] Level 1:colcon.colcon_core.package_identification:_identify(ModelPack/clean_18_models/Log regression) by extension 'colcon_pkg'
[6.583s] Level 1:colcon.colcon_core.package_identification:_identify(ModelPack/clean_18_models/Log regression) by extensions ['colcon_meta']
[6.583s] Level 1:colcon.colcon_core.package_identification:_identify(ModelPack/clean_18_models/Log regression) by extension 'colcon_meta'
[6.583s] Level 1:colcon.colcon_core.package_identification:_identify(ModelPack/clean_18_models/Log regression) by extensions ['ros']
[6.584s] Level 1:colcon.colcon_core.package_identification:_identify(ModelPack/clean_18_models/Log regression) by extension 'ros'
[6.584s] Level 1:colcon.colcon_core.package_identification:_identify(ModelPack/clean_18_models/Log regression) by extensions ['cmake', 'python']
[6.584s] Level 1:colcon.colcon_core.package_identification:_identify(ModelPack/clean_18_models/Log regression) by extension 'cmake'
[6.584s] Level 1:colcon.colcon_core.package_identification:_identify(ModelPack/clean_18_models/Log regression) by extension 'python'
[6.584s] Level 1:colcon.colcon_core.package_identification:_identify(ModelPack/clean_18_models/Log regression) by extensions ['python_setup_py']
[6.584s] Level 1:colcon.colcon_core.package_identification:_identify(ModelPack/clean_18_models/Log regression) by extension 'python_setup_py'
[6.584s] Level 1:colcon.colcon_core.package_identification:_identify(ModelPack/clean_18_models/NN) by extensions ['ignore', 'ignore_ament_install']
[6.584s] Level 1:colcon.colcon_core.package_identification:_identify(ModelPack/clean_18_models/NN) by extension 'ignore'
[6.584s] Level 1:colcon.colcon_core.package_identification:_identify(ModelPack/clean_18_models/NN) by extension 'ignore_ament_install'
[6.584s] Level 1:colcon.colcon_core.package_identification:_identify(ModelPack/clean_18_models/NN) by extensions ['colcon_pkg']
[6.584s] Level 1:colcon.colcon_core.package_identification:_identify(ModelPack/clean_18_models/NN) by extension 'colcon_pkg'
[6.584s] Level 1:colcon.colcon_core.package_identification:_identify(ModelPack/clean_18_models/NN) by extensions ['colcon_meta']
[6.584s] Level 1:colcon.colcon_core.package_identification:_identify(ModelPack/clean_18_models/NN) by extension 'colcon_meta'
[6.584s] Level 1:colcon.colcon_core.package_identification:_identify(ModelPack/clean_18_models/NN) by extensions ['ros']
[6.584s] Level 1:colcon.colcon_core.package_identification:_identify(ModelPack/clean_18_models/NN) by extension 'ros'
[6.584s] Level 1:colcon.colcon_core.package_identification:_identify(ModelPack/clean_18_models/NN) by extensions ['cmake', 'python']
[6.584s] Level 1:colcon.colcon_core.package_identification:_identify(ModelPack/clean_18_models/NN) by extension 'cmake'
[6.584s] Level 1:colcon.colcon_core.package_identification:_identify(ModelPack/clean_18_models/NN) by extension 'python'
[6.584s] Level 1:colcon.colcon_core.package_identification:_identify(ModelPack/clean_18_models/NN) by extensions ['python_setup_py']
[6.584s] Level 1:colcon.colcon_core.package_identification:_identify(ModelPack/clean_18_models/NN) by extension 'python_setup_py'
[6.584s] Level 1:colcon.colcon_core.package_identification:_identify(ModelPack/clean_18_models/Random Forest) by extensions ['ignore', 'ignore_ament_install']
[6.584s] Level 1:colcon.colcon_core.package_identification:_identify(ModelPack/clean_18_models/Random Forest) by extension 'ignore'
[6.585s] Level 1:colcon.colcon_core.package_identification:_identify(ModelPack/clean_18_models/Random Forest) by extension 'ignore_ament_install'
[6.585s] Level 1:colcon.colcon_core.package_identification:_identify(ModelPack/clean_18_models/Random Forest) by extensions ['colcon_pkg']
[6.585s] Level 1:colcon.colcon_core.package_identification:_identify(ModelPack/clean_18_models/Random Forest) by extension 'colcon_pkg'
[6.585s] Level 1:colcon.colcon_core.package_identification:_identify(ModelPack/clean_18_models/Random Forest) by extensions ['colcon_meta']
[6.585s] Level 1:colcon.colcon_core.package_identification:_identify(ModelPack/clean_18_models/Random Forest) by extension 'colcon_meta'
[6.585s] Level 1:colcon.colcon_core.package_identification:_identify(ModelPack/clean_18_models/Random Forest) by extensions ['ros']
[6.585s] Level 1:colcon.colcon_core.package_identification:_identify(ModelPack/clean_18_models/Random Forest) by extension 'ros'
[6.585s] Level 1:colcon.colcon_core.package_identification:_identify(ModelPack/clean_18_models/Random Forest) by extensions ['cmake', 'python']
[6.585s] Level 1:colcon.colcon_core.package_identification:_identify(ModelPack/clean_18_models/Random Forest) by extension 'cmake'
[6.585s] Level 1:colcon.colcon_core.package_identification:_identify(ModelPack/clean_18_models/Random Forest) by extension 'python'
[6.585s] Level 1:colcon.colcon_core.package_identification:_identify(ModelPack/clean_18_models/Random Forest) by extensions ['python_setup_py']
[6.585s] Level 1:colcon.colcon_core.package_identification:_identify(ModelPack/clean_18_models/Random Forest) by extension 'python_setup_py'
[6.585s] Level 1:colcon.colcon_core.package_identification:_identify(ModelPack/clean_18_models/SVM) by extensions ['ignore', 'ignore_ament_install']
[6.585s] Level 1:colcon.colcon_core.package_identification:_identify(ModelPack/clean_18_models/SVM) by extension 'ignore'
[6.585s] Level 1:colcon.colcon_core.package_identification:_identify(ModelPack/clean_18_models/SVM) by extension 'ignore_ament_install'
[6.585s] Level 1:colcon.colcon_core.package_identification:_identify(ModelPack/clean_18_models/SVM) by extensions ['colcon_pkg']
[6.585s] Level 1:colcon.colcon_core.package_identification:_identify(ModelPack/clean_18_models/SVM) by extension 'colcon_pkg'
[6.585s] Level 1:colcon.colcon_core.package_identification:_identify(ModelPack/clean_18_models/SVM) by extensions ['colcon_meta']
[6.585s] Level 1:colcon.colcon_core.package_identification:_identify(ModelPack/clean_18_models/SVM) by extension 'colcon_meta'
[6.585s] Level 1:colcon.colcon_core.package_identification:_identify(ModelPack/clean_18_models/SVM) by extensions ['ros']
[6.585s] Level 1:colcon.colcon_core.package_identification:_identify(ModelPack/clean_18_models/SVM) by extension 'ros'
[6.585s] Level 1:colcon.colcon_core.package_identification:_identify(ModelPack/clean_18_models/SVM) by extensions ['cmake', 'python']
[6.585s] Level 1:colcon.colcon_core.package_identification:_identify(ModelPack/clean_18_models/SVM) by extension 'cmake'
[6.586s] Level 1:colcon.colcon_core.package_identification:_identify(ModelPack/clean_18_models/SVM) by extension 'python'
[6.586s] Level 1:colcon.colcon_core.package_identification:_identify(ModelPack/clean_18_models/SVM) by extensions ['python_setup_py']
[6.586s] Level 1:colcon.colcon_core.package_identification:_identify(ModelPack/clean_18_models/SVM) by extension 'python_setup_py'
[6.586s] Level 1:colcon.colcon_core.package_identification:_identify(build) by extensions ['ignore', 'ignore_ament_install']
[6.586s] Level 1:colcon.colcon_core.package_identification:_identify(build) by extension 'ignore'
[6.586s] Level 1:colcon.colcon_core.package_identification:_identify(build) ignored
[6.586s] Level 1:colcon.colcon_core.package_identification:_identify(install) by extensions ['ignore', 'ignore_ament_install']
[6.586s] Level 1:colcon.colcon_core.package_identification:_identify(install) by extension 'ignore'
[6.586s] Level 1:colcon.colcon_core.package_identification:_identify(install) ignored
[6.586s] Level 1:colcon.colcon_core.package_identification:_identify(log) by extensions ['ignore', 'ignore_ament_install']
[6.586s] Level 1:colcon.colcon_core.package_identification:_identify(log) by extension 'ignore'
[6.586s] Level 1:colcon.colcon_core.package_identification:_identify(log) ignored
[6.586s] Level 1:colcon.colcon_core.package_identification:_identify(src) by extensions ['ignore', 'ignore_ament_install']
[6.587s] Level 1:colcon.colcon_core.package_identification:_identify(src) by extension 'ignore'
[6.587s] Level 1:colcon.colcon_core.package_identification:_identify(src) by extension 'ignore_ament_install'
[6.587s] Level 1:colcon.colcon_core.package_identification:_identify(src) by extensions ['colcon_pkg']
[6.587s] Level 1:colcon.colcon_core.package_identification:_identify(src) by extension 'colcon_pkg'
[6.587s] Level 1:colcon.colcon_core.package_identification:_identify(src) by extensions ['colcon_meta']
[6.587s] Level 1:colcon.colcon_core.package_identification:_identify(src) by extension 'colcon_meta'
[6.587s] Level 1:colcon.colcon_core.package_identification:_identify(src) by extensions ['ros']
[6.587s] Level 1:colcon.colcon_core.package_identification:_identify(src) by extension 'ros'
[6.587s] Level 1:colcon.colcon_core.package_identification:_identify(src) by extensions ['cmake', 'python']
[6.587s] Level 1:colcon.colcon_core.package_identification:_identify(src) by extension 'cmake'
[6.587s] Level 1:colcon.colcon_core.package_identification:_identify(src) by extension 'python'
[6.587s] Level 1:colcon.colcon_core.package_identification:_identify(src) by extensions ['python_setup_py']
[6.587s] Level 1:colcon.colcon_core.package_identification:_identify(src) by extension 'python_setup_py'
[6.587s] Level 1:colcon.colcon_core.package_identification:_identify(src/NIDS_PKG) by extensions ['ignore', 'ignore_ament_install']
[6.587s] Level 1:colcon.colcon_core.package_identification:_identify(src/NIDS_PKG) by extension 'ignore'
[6.587s] Level 1:colcon.colcon_core.package_identification:_identify(src/NIDS_PKG) by extension 'ignore_ament_install'
[6.587s] Level 1:colcon.colcon_core.package_identification:_identify(src/NIDS_PKG) by extensions ['colcon_pkg']
[6.587s] Level 1:colcon.colcon_core.package_identification:_identify(src/NIDS_PKG) by extension 'colcon_pkg'
[6.587s] Level 1:colcon.colcon_core.package_identification:_identify(src/NIDS_PKG) by extensions ['colcon_meta']
[6.587s] Level 1:colcon.colcon_core.package_identification:_identify(src/NIDS_PKG) by extension 'colcon_meta'
[6.587s] Level 1:colcon.colcon_core.package_identification:_identify(src/NIDS_PKG) by extensions ['ros']
[6.587s] Level 1:colcon.colcon_core.package_identification:_identify(src/NIDS_PKG) by extension 'ros'
[6.615s] DEBUG:colcon.colcon_core.package_identification:Package 'src/NIDS_PKG' with type 'ros.ament_python' and name 'NIDS_PKG'
[6.616s] Level 1:colcon.colcon_core.package_discovery:discover_packages(recursive) using defaults
[6.616s] Level 1:colcon.colcon_core.package_discovery:discover_packages(ignore) discover
[6.616s] Level 1:colcon.colcon_core.package_discovery:discover_packages(ignore) using defaults
[6.616s] Level 1:colcon.colcon_core.package_discovery:discover_packages(path) discover
[6.616s] Level 1:colcon.colcon_core.package_discovery:discover_packages(path) using defaults
[6.721s] Level 5:colcon.colcon_core.verb:set package 'NIDS_PKG' build argument 'cmake_args' from command line to 'None'
[6.721s] Level 5:colcon.colcon_core.verb:set package 'NIDS_PKG' build argument 'cmake_target' from command line to 'None'
[6.721s] Level 5:colcon.colcon_core.verb:set package 'NIDS_PKG' build argument 'cmake_target_skip_unavailable' from command line to 'False'
[6.721s] Level 5:colcon.colcon_core.verb:set package 'NIDS_PKG' build argument 'cmake_clean_cache' from command line to 'False'
[6.722s] Level 5:colcon.colcon_core.verb:set package 'NIDS_PKG' build argument 'cmake_clean_first' from command line to 'False'
[6.722s] Level 5:colcon.colcon_core.verb:set package 'NIDS_PKG' build argument 'cmake_force_configure' from command line to 'False'
[6.722s] Level 5:colcon.colcon_core.verb:set package 'NIDS_PKG' build argument 'ament_cmake_args' from command line to 'None'
[6.722s] Level 5:colcon.colcon_core.verb:set package 'NIDS_PKG' build argument 'catkin_cmake_args' from command line to 'None'
[6.722s] Level 5:colcon.colcon_core.verb:set package 'NIDS_PKG' build argument 'catkin_skip_building_tests' from command line to 'False'
[6.722s] DEBUG:colcon.colcon_core.verb:Building package 'NIDS_PKG' with the following arguments: {'ament_cmake_args': None, 'build_base': '/home/gmo-pop/Desktop/DistriLearn/build/NIDS_PKG', 'catkin_cmake_args': None, 'catkin_skip_building_tests': False, 'cmake_args': None, 'cmake_clean_cache': False, 'cmake_clean_first': False, 'cmake_force_configure': False, 'cmake_target': None, 'cmake_target_skip_unavailable': False, 'install_base': '/home/gmo-pop/Desktop/DistriLearn/install/NIDS_PKG', 'merge_install': False, 'path': '/home/gmo-pop/Desktop/DistriLearn/src/NIDS_PKG', 'symlink_install': False, 'test_result_base': None}
[6.734s] INFO:colcon.colcon_core.executor:Executing jobs using 'parallel' executor
[6.747s] DEBUG:colcon.colcon_parallel_executor.executor.parallel:run_until_complete
[6.747s] INFO:colcon.colcon_ros.task.ament_python.build:Building ROS package in '/home/gmo-pop/Desktop/DistriLearn/src/NIDS_PKG' with build type 'ament_python'
[6.747s] Level 1:colcon.colcon_core.shell:create_environment_hook('NIDS_PKG', 'ament_prefix_path')
[6.771s] INFO:colcon.colcon_core.plugin_system:Skipping extension 'colcon_core.shell.bat': Not used on non-Windows systems
[6.772s] INFO:colcon.colcon_core.shell:Creating environment hook '/home/gmo-pop/Desktop/DistriLearn/install/NIDS_PKG/share/NIDS_PKG/hook/ament_prefix_path.ps1'
[6.791s] INFO:colcon.colcon_core.shell:Creating environment descriptor '/home/gmo-pop/Desktop/DistriLearn/install/NIDS_PKG/share/NIDS_PKG/hook/ament_prefix_path.dsv'
[6.809s] INFO:colcon.colcon_core.shell:Creating environment hook '/home/gmo-pop/Desktop/DistriLearn/install/NIDS_PKG/share/NIDS_PKG/hook/ament_prefix_path.sh'
[6.822s] INFO:colcon.colcon_core.shell:Skip shell extension 'powershell' for command environment: Not usable outside of PowerShell
[6.823s] DEBUG:colcon.colcon_core.shell:Skip shell extension 'dsv' for command environment
[7.041s] INFO:colcon.colcon_core.task.python.build:Building Python package in '/home/gmo-pop/Desktop/DistriLearn/src/NIDS_PKG'
[7.066s] INFO:colcon.colcon_core.shell:Skip shell extension 'powershell' for command environment: Not usable outside of PowerShell
[7.067s] DEBUG:colcon.colcon_core.shell:Skip shell extension 'dsv' for command environment
[7.878s] DEBUG:colcon.colcon_core.event_handler.log_command:Invoking command in '/home/gmo-pop/Desktop/DistriLearn/src/NIDS_PKG': PYTHONPATH=/home/gmo-pop/Desktop/DistriLearn/build/NIDS_PKG/prefix_override:/home/gmo-pop/Desktop/DistriLearn/install/NIDS_PKG/lib/python3.10/site-packages: /usr/bin/python3 setup.py egg_info --egg-base ../../build/NIDS_PKG build --build-base /home/gmo-pop/Desktop/DistriLearn/build/NIDS_PKG/build install --record /home/gmo-pop/Desktop/DistriLearn/build/NIDS_PKG/install.log --install-scripts $base/lib/NIDS_PKG --single-version-externally-managed
[8.276s] DEBUG:colcon.colcon_core.event_handler.log_command:Invoked command in '/home/gmo-pop/Desktop/DistriLearn/src/NIDS_PKG' returned '0': PYTHONPATH=/home/gmo-pop/Desktop/DistriLearn/build/NIDS_PKG/prefix_override:/home/gmo-pop/Desktop/DistriLearn/install/NIDS_PKG/lib/python3.10/site-packages: /usr/bin/python3 setup.py egg_info --egg-base ../../build/NIDS_PKG build --build-base /home/gmo-pop/Desktop/DistriLearn/build/NIDS_PKG/build install --record /home/gmo-pop/Desktop/DistriLearn/build/NIDS_PKG/install.log --install-scripts $base/lib/NIDS_PKG --single-version-externally-managed
[8.336s] Level 1:colcon.colcon_core.environment:checking '/home/gmo-pop/Desktop/DistriLearn/install/NIDS_PKG' for CMake module files
[8.336s] Level 1:colcon.colcon_core.environment:checking '/home/gmo-pop/Desktop/DistriLearn/install/NIDS_PKG' for CMake config files
[8.337s] Level 1:colcon.colcon_core.environment:checking '/home/gmo-pop/Desktop/DistriLearn/install/NIDS_PKG/lib'
[8.337s] Level 1:colcon.colcon_core.environment:checking '/home/gmo-pop/Desktop/DistriLearn/install/NIDS_PKG/bin'
[8.337s] Level 1:colcon.colcon_core.environment:checking '/home/gmo-pop/Desktop/DistriLearn/install/NIDS_PKG/lib/pkgconfig/NIDS_PKG.pc'
[8.337s] Level 1:colcon.colcon_core.environment:checking '/home/gmo-pop/Desktop/DistriLearn/install/NIDS_PKG/lib/python3.10/site-packages'
[8.337s] Level 1:colcon.colcon_core.shell:create_environment_hook('NIDS_PKG', 'pythonpath')
[8.350s] INFO:colcon.colcon_core.shell:Creating environment hook '/home/gmo-pop/Desktop/DistriLearn/install/NIDS_PKG/share/NIDS_PKG/hook/pythonpath.ps1'
[8.350s] INFO:colcon.colcon_core.shell:Creating environment descriptor '/home/gmo-pop/Desktop/DistriLearn/install/NIDS_PKG/share/NIDS_PKG/hook/pythonpath.dsv'
[8.351s] INFO:colcon.colcon_core.shell:Creating environment hook '/home/gmo-pop/Desktop/DistriLearn/install/NIDS_PKG/share/NIDS_PKG/hook/pythonpath.sh'
[8.351s] Level 1:colcon.colcon_core.environment:checking '/home/gmo-pop/Desktop/DistriLearn/install/NIDS_PKG/bin'
[8.351s] Level 1:colcon.colcon_core.environment:create_environment_scripts_only(NIDS_PKG)
[8.364s] INFO:colcon.colcon_core.shell:Creating package script '/home/gmo-pop/Desktop/DistriLearn/install/NIDS_PKG/share/NIDS_PKG/package.ps1'
[8.364s] INFO:colcon.colcon_core.shell:Creating package descriptor '/home/gmo-pop/Desktop/DistriLearn/install/NIDS_PKG/share/NIDS_PKG/package.dsv'
[8.365s] INFO:colcon.colcon_core.shell:Creating package script '/home/gmo-pop/Desktop/DistriLearn/install/NIDS_PKG/share/NIDS_PKG/package.sh'
[8.365s] INFO:colcon.colcon_core.shell:Creating package script '/home/gmo-pop/Desktop/DistriLearn/install/NIDS_PKG/share/NIDS_PKG/package.bash'
[8.388s] INFO:colcon.colcon_core.shell:Creating package script '/home/gmo-pop/Desktop/DistriLearn/install/NIDS_PKG/share/NIDS_PKG/package.zsh'
[8.408s] Level 1:colcon.colcon_core.environment:create_file_with_runtime_dependencies(/home/gmo-pop/Desktop/DistriLearn/install/NIDS_PKG/share/colcon-core/packages/NIDS_PKG)
[8.408s] DEBUG:colcon.colcon_parallel_executor.executor.parallel:closing loop
[8.408s] DEBUG:colcon.colcon_parallel_executor.executor.parallel:loop closed
[8.408s] DEBUG:colcon.colcon_parallel_executor.executor.parallel:run_until_complete finished with '0'
[8.408s] DEBUG:colcon.colcon_core.event_reactor:joining thread
[8.467s] INFO:colcon.colcon_core.plugin_system:Skipping extension 'colcon_notification.desktop_notification.notify_send': Could not find 'notify-send'
[8.467s] INFO:colcon.colcon_core.plugin_system:Skipping extension 'colcon_notification.desktop_notification.terminal_notifier': Not used on non-Darwin systems
[8.467s] INFO:colcon.colcon_core.plugin_system:Skipping extension 'colcon_notification.desktop_notification.win32': Not used on non-Windows systems
[8.467s] INFO:colcon.colcon_notification.desktop_notification:Sending desktop notification using 'notify2'
[8.477s] DEBUG:colcon.colcon_core.event_reactor:joined thread
[8.499s] INFO:colcon.colcon_core.shell:Creating prefix script '/home/gmo-pop/Desktop/DistriLearn/install/local_setup.ps1'
[8.502s] INFO:colcon.colcon_core.shell:Creating prefix util module '/home/gmo-pop/Desktop/DistriLearn/install/_local_setup_util_ps1.py'
[8.504s] INFO:colcon.colcon_core.shell:Creating prefix chain script '/home/gmo-pop/Desktop/DistriLearn/install/setup.ps1'
[8.527s] INFO:colcon.colcon_core.shell:Creating prefix script '/home/gmo-pop/Desktop/DistriLearn/install/local_setup.sh'
[8.528s] INFO:colcon.colcon_core.shell:Creating prefix util module '/home/gmo-pop/Desktop/DistriLearn/install/_local_setup_util_sh.py'
[8.528s] INFO:colcon.colcon_core.shell:Creating prefix chain script '/home/gmo-pop/Desktop/DistriLearn/install/setup.sh'
[8.551s] INFO:colcon.colcon_core.shell:Creating prefix script '/home/gmo-pop/Desktop/DistriLearn/install/local_setup.bash'
[8.552s] INFO:colcon.colcon_core.shell:Creating prefix chain script '/home/gmo-pop/Desktop/DistriLearn/install/setup.bash'
[8.565s] INFO:colcon.colcon_core.shell:Creating prefix script '/home/gmo-pop/Desktop/DistriLearn/install/local_setup.zsh'
[8.565s] INFO:colcon.colcon_core.shell:Creating prefix chain script '/home/gmo-pop/Desktop/DistriLearn/install/setup.zsh'
